[14271][1733915942974][main][info]["Booting Postman 11.21.0, linux-6.8.0-50-generic on x64"]
[14192][1733915942974][main][info]["Booting Postman 11.21.0, linux-6.8.0-50-generic on x64"]
[14015][1733915942974][main][info]["Booting Postman 11.21.0, linux-6.8.0-50-generic on x64"]
[14015][1733915942979][main][info]["EventBus~initialize - Success"]
[14015][1733915943047][main][info]["Proxy configuration has not been setup"]
[14015][1733915943048][main][info]["CloudProxyManager~init - Success"]
[14015][1733915943127][main][info]["performShellDataMigration: Starting shell data migration"]
[14015][1733915943128][main][info]["migrateShellData:Starting"]
[14271][1733915942978][main][info]["EventBus~initialize - Success"]
[14271][1733915942982][main][info]["Proxy configuration has not been setup"]
[14271][1733915942984][main][info]["CloudProxyManager~init - Success"]
[14271][1733915943126][main][info]["performShellDataMigration: Starting shell data migration"]
[14271][1733915943127][main][info]["migrateShellData:Starting"]
[14192][1733915942977][main][info]["EventBus~initialize - Success"]
[14192][1733915942982][main][info]["Proxy configuration has not been setup"]
[14192][1733915942985][main][info]["CloudProxyManager~init - Success"]
[14192][1733915943128][main][info]["performShellDataMigration: Starting shell data migration"]
[14192][1733915943129][main][info]["migrateShellData:Starting"]
[14015][1733915943135][main][info]["migrateShellData: Old storage cleaned up"]
[14271][1733915943137][main][info]["migrateShellData: Old storage cleaned up"]
[14192][1733915943137][main][info]["migrateShellData: Old storage cleaned up"]
[14524][1733915944536][main][info]["Booting Postman 11.21.0, linux-6.8.0-50-generic on x64"]
[14524][1733915944540][main][info]["EventBus~initialize - Success"]
[14524][1733915944542][main][info]["Proxy configuration has not been setup"]
[14524][1733915944543][main][info]["CloudProxyManager~init - Success"]
[14524][1733915944617][main][info]["performShellDataMigration: Starting shell data migration"]
[14524][1733915944618][main][info]["migrateShellData:Starting"]
[14524][1733915944682][main][info]["migrateShellData: Old storage cleaned up"]
[14192][1733915947169][main][info]["migrateShellData: Got data from shell. Writing to storage"]
[14192][1733915947178][main][info]["performShellDataMigration: Migration successful on try count 1"]
[14863][1733915947207][main][info]["Booting Postman 11.21.0, linux-6.8.0-50-generic on x64"]
[14192][1733915947191][main][info]["UpdateHandler~init - Success"]
[14192][1733915947199][main][info]["LeaderSelection: Initialized successfully"]
[14192][1733915947201][main][info]["VersionDependencyService: Initialized successfully"]
[14192][1733915947215][main][info]["GPU detected VID 0 DID 0 ACTIVE false"]
[14192][1733915947218][main][info]["shellController~init: Success"]
[14192][1733915947218][main][info]["shellMeta~init: Success"]
[14192][1733915947218][main][info]["partitionMigrationService: State of V7 partition:"]
[14192][1733915947219][main][info]["partitionMigrationService: V7 partitions",[]]
[14192][1733915947219][main][info]["partitionMigrationService~rectifyNamespaceOfScratchPadPartition: There is no partition with scratchpad namespace"]
[14192][1733915947219][main][info]["partitionMigrationService~rectifyNamespaceOfScratchPadPartition: There is no transit partition which could have been used for scratchpad"]
[14192][1733915947219][main][info]["partitionMigrationService~init: Success"]
[14192][1733915947220][main][info]["partitionMigrationService~runV8PartitionsIntegrity: Two way migration~ removing the following partitions from v8",[]]
[14192][1733915947220][main][info]["userPartitionService~_rectifyTheActivePartitionOfApplication: Setting the active partition to ",null]
[14192][1733915947254][main][info]["Generated root certificate for linux"]
[14192][1733915947258][main][error]["main~makeSingleInstance: undefined"]
[14192][1733915947259][main][info]["userPartitionService: State of v8 partition system:"]
[14192][1733915947260][main][info]["shell~init~getPartitionToLoad: loading scratchpad partition"]
[14192][1733915947260][main][info]["userPartitionService: List of partitions:",[]]
[14192][1733915947260][main][info]["userPartitionService: users global meta:",{}]
[14192][1733915947264][main][info]["LinuxAutoUpdater~Cleanup - Initial cleanup successful"]
[14192][1733915947270][main][info]["newAccountRegionPreferenceService~getPreferenceWithFallback - Preference not found in storage."]
[14192][1733915947271][main][info]["newAccountRegionPreferenceService~getToggleMenuTemplate - Using preference:","useUSRegion"]
[14863][1733915947211][main][info]["EventBus~initialize - Success"]
[14863][1733915947220][main][info]["Proxy configuration has not been setup"]
[14863][1733915947222][main][info]["CloudProxyManager~init - Success"]
[14192][1733915947327][main][info]["userPartitionService~init: Success"]
[14192][1733915947353][main][info]["userPartitionService: State of v8 partition system:"]
[14192][1733915947354][main][info]["shell~init~getPartitionToLoad: loading scratchpad partition"]
[14192][1733915947354][main][info]["userPartitionService: List of partitions:",[{"partitionId":"82bfc132-d00b-4e1a-b9e9-48abf89a52b0","namespace":"scratchPad","userId":0,"teamId":0,"isDirty":false}]]
[14192][1733915947355][main][info]["userPartitionService: users global meta:",{}]
[14192][1733915947355][main][info]["Main:windowManager~newRequesterWindow: Fetch and update runtime config: undefined"]
[14192][1733915947437][main][info]["Main:windowManager~newRequesterWindow: Fetch and update runtime config: undefined"]
[14192][1733915947438][main][warn]["WindowManager~newRequesterWindow - Bailing requester window creation as first requester is not booted."]
[14192][1733915947438][main][error]["main~makeSingleInstance: New Requester window instance not found"]
[14948][1733915947562][main][info]["Booting Postman 11.21.0, linux-6.8.0-50-generic on x64"]
[14948][1733915947566][main][info]["EventBus~initialize - Success"]
[14948][1733915947570][main][info]["Proxy configuration has not been setup"]
[14948][1733915947573][main][info]["CloudProxyManager~init - Success"]
[14192][1733915947719][main][info]["proxyCertificateService~ensureRootCAPresence: Deleting and creating new certificates"]
[14192][1733915955036][main][info]["RuntimeIPCAgent~started: Success"]
[14192][1733915955076][main][info]["Main~scratchpadThemeAction:: action: set, value: light"]
[14192][1733915955099][main][info]["Main~scratchpadThemeAction:: action: set, value: light"]
[14192][1733915955130][main][info]["Main~scratchpadThemeAction:: action: set, value: light"]
[14192][1733915955173][main][info]["windowManager: First requester booted successfully."]
[14192][1733915955174][main][info]["windowManager~restoreWindows: Restoring requester windows"]
[14192][1733915955175][main][info]["Main~AppEvents - Received booted event for process requester.Version undefined UI Version: undefined Desktop Platform Version: 11.21.0"]
[14192][1733915995621][main][info]["Main~scratchpadThemeAction:: action: set, value: dark"]
[14192][1733915995691][main][info]["Main~scratchpadThemeAction:: action: set, value: dark"]
[14192][1733916006602][main][info]["WindowManager~closeHandler - Closed Window (id: 2 )"]
[14192][1733916006610][main][info]["Quitting app"]
[15269][1733916008828][main][info]["Booting Postman 11.21.0, linux-6.8.0-50-generic on x64"]
[15269][1733916008833][main][info]["EventBus~initialize - Success"]
[15269][1733916008837][main][info]["Proxy configuration has not been setup"]
[15269][1733916008838][main][info]["CloudProxyManager~init - Success"]
[15269][1733916008920][main][info]["performShellDataMigration: Migration has already been done. Bailing out"]
[15269][1733916008935][main][info]["UpdateHandler~init - Success"]
[15269][1733916008939][main][info]["LeaderSelection: Initialized successfully"]
[15269][1733916008941][main][info]["VersionDependencyService: Initialized successfully"]
[15269][1733916008959][main][info]["GPU detected VID 0 DID 0 ACTIVE false"]
[15269][1733916008962][main][info]["shellController~init: Success"]
[15269][1733916008963][main][info]["shellMeta~init: Success"]
[15269][1733916008963][main][info]["partitionMigrationService: State of V7 partition:"]
[15269][1733916008963][main][info]["partitionMigrationService: V7 partitions",[]]
[15269][1733916008964][main][info]["partitionMigrationService~rectifyNamespaceOfScratchPadPartition: There is no partition with scratchpad namespace"]
[15269][1733916008964][main][info]["partitionMigrationService~rectifyNamespaceOfScratchPadPartition: There is no transit partition which could have been used for scratchpad"]
[15269][1733916008964][main][info]["partitionMigrationService~init: Success"]
[15269][1733916008965][main][info]["partitionMigrationService~runV8PartitionsIntegrity: Two way migration~ removing the following partitions from v8",[]]
[15269][1733916008965][main][info]["userPartitionService~_rectifyTheActivePartitionOfApplication: Setting the active partition to ",null]
[15269][1733916008973][main][info]["LinuxAutoUpdater~Cleanup - Initial cleanup successful"]
[15269][1733916008984][main][info]["newAccountRegionPreferenceService~getPreferenceWithFallback - Preference not found in storage."]
[15269][1733916008985][main][info]["newAccountRegionPreferenceService~getToggleMenuTemplate - Using preference:","useUSRegion"]
[15269][1733916009002][main][info]["userPartitionService~init: Success"]
[15269][1733916009027][main][info]["userPartitionService: State of v8 partition system:"]
[15269][1733916009028][main][info]["shell~init~getPartitionToLoad: loading scratchpad partition"]
[15269][1733916009028][main][info]["userPartitionService: List of partitions:",[{"partitionId":"82bfc132-d00b-4e1a-b9e9-48abf89a52b0","namespace":"scratchPad","userId":0,"teamId":0,"isDirty":false}]]
[15269][1733916009028][main][info]["userPartitionService: users global meta:",{}]
[15269][1733916009028][main][info]["Main:windowManager~newRequesterWindow: Fetch and update runtime config: undefined"]
[15345][1733916009157][main][info]["Booting Postman 11.21.0, linux-6.8.0-50-generic on x64"]
[15345][1733916009162][main][info]["EventBus~initialize - Success"]
[15345][1733916009164][main][info]["Proxy configuration has not been setup"]
[15345][1733916009165][main][info]["CloudProxyManager~init - Success"]
[15345][1733916009238][main][info]["performShellDataMigration: Migration has already been done. Bailing out"]
[15345][1733916009253][main][info]["UpdateHandler~init - Success"]
[15345][1733916009257][main][info]["LeaderSelection: Initialized successfully"]
[15345][1733916009259][main][info]["VersionDependencyService: Initialized successfully"]
[15345][1733916009274][main][info]["GPU detected VID 0 DID 0 ACTIVE false"]
[15345][1733916009278][main][info]["shellController~init: Success"]
[15345][1733916009278][main][info]["shellMeta~init: Success"]
[15345][1733916009279][main][info]["partitionMigrationService: State of V7 partition:"]
[15345][1733916009279][main][info]["partitionMigrationService: V7 partitions",[]]
[15345][1733916009279][main][info]["partitionMigrationService~rectifyNamespaceOfScratchPadPartition: There is no partition with scratchpad namespace"]
[15345][1733916009279][main][info]["partitionMigrationService~rectifyNamespaceOfScratchPadPartition: There is no transit partition which could have been used for scratchpad"]
[15345][1733916009279][main][info]["partitionMigrationService~init: Success"]
[15345][1733916009280][main][info]["partitionMigrationService~runV8PartitionsIntegrity: Two way migration~ removing the following partitions from v8",[]]
[15345][1733916009281][main][info]["userPartitionService~_rectifyTheActivePartitionOfApplication: Setting the active partition to ",null]
[15269][1733916012834][main][info]["RuntimeIPCAgent~started: Success"]
[15269][1733916012856][main][info]["Main~scratchpadThemeAction:: action: set, value: dark"]
[15269][1733916012908][main][info]["windowManager: First requester booted successfully."]
[15269][1733916012909][main][info]["windowManager~restoreWindows: Restoring requester windows"]
[15269][1733916012909][main][info]["Main~AppEvents - Received booted event for process requester.Version undefined UI Version: undefined Desktop Platform Version: 11.21.0"]
[15269][1733916017609][main][info]["WindowManager~closeHandler - Closed Window (id: 1 )"]
[15269][1733916017619][main][info]["Quitting app"]
