2024-12-11 12:37:28.638 [info] Getting Manifest... eamodio.gitlens
2024-12-11 12:37:28.791 [info] Installing extension: eamodio.gitlens {"isMachineScoped":false,"installPreReleaseVersion":false,"pinned":false,"profileLocation":{"$mid":1,"external":"vscode-userdata:/home/alan-omam/.vscode/extensions/extensions.json","path":"/home/alan-omam/.vscode/extensions/extensions.json","scheme":"vscode-userdata"},"installOnlyNewlyAddedFromExtensionPack":true,"isApplicationScoped":false,"productVersion":{"version":"1.95.3","date":"2024-11-13T14:50:04.152Z"}}
2024-12-11 12:37:38.378 [info] Extension signature verification result for eamodio.gitlens: Success. Executed: true. Duration: 1779ms.
2024-12-11 12:37:38.859 [info] Extracted extension to file:///home/alan-omam/.vscode/extensions/eamodio.gitlens-16.0.5: eamodio.gitlens
2024-12-11 12:37:38.882 [info] Renamed to /home/alan-omam/.vscode/extensions/eamodio.gitlens-16.0.5
2024-12-11 12:37:38.922 [info] Extension installed successfully: eamodio.gitlens vscode-userdata:/home/alan-omam/.vscode/extensions/extensions.json
2024-12-11 12:37:38.974 [error] [uncaught exception in sharedProcess]: Error: ENOENT: no such file or directory, stat '/home/alan-omam/.vscode/extensions/extensions.json.vsctmp': EntryNotFound (FileSystemError): Error: ENOENT: no such file or directory, stat '/home/alan-omam/.vscode/extensions/extensions.json.vsctmp'
    at hm.create (file:///snap/code/176/usr/share/code/resources/app/out/vs/code/electron-utility/sharedProcess/sharedProcessMain.js:35:39254)
    at Es (file:///snap/code/176/usr/share/code/resources/app/out/vs/code/electron-utility/sharedProcess/sharedProcessMain.js:35:39361)
    at Fr.ib (file:///snap/code/176/usr/share/code/resources/app/out/vs/code/electron-utility/sharedProcess/sharedProcessMain.js:71:22677)
    at Fr.stat (file:///snap/code/176/usr/share/code/resources/app/out/vs/code/electron-utility/sharedProcess/sharedProcessMain.js:71:16010)
    at async Zl.stat (file:///snap/code/176/usr/share/code/resources/app/out/vs/code/electron-utility/sharedProcess/sharedProcessMain.js:70:84491)
    at async Jl.yb (file:///snap/code/176/usr/share/code/resources/app/out/vs/code/electron-utility/sharedProcess/sharedProcessMain.js:70:66605)
2024-12-11 12:38:24.360 [info] Getting Manifest... rangav.vscode-thunder-client
2024-12-11 12:38:24.398 [info] Installing extension: rangav.vscode-thunder-client {"isMachineScoped":false,"installPreReleaseVersion":false,"pinned":false,"profileLocation":{"$mid":1,"external":"vscode-userdata:/home/alan-omam/.vscode/extensions/extensions.json","path":"/home/alan-omam/.vscode/extensions/extensions.json","scheme":"vscode-userdata"},"installOnlyNewlyAddedFromExtensionPack":true,"isApplicationScoped":false,"productVersion":{"version":"1.95.3","date":"2024-11-13T14:50:04.152Z"}}
2024-12-11 12:38:26.706 [info] Extension signature verification result for rangav.vscode-thunder-client: Success. Executed: true. Duration: 973ms.
2024-12-11 12:38:26.856 [info] Extracted extension to file:///home/alan-omam/.vscode/extensions/rangav.vscode-thunder-client-2.32.10: rangav.vscode-thunder-client
2024-12-11 12:38:26.863 [info] Renamed to /home/alan-omam/.vscode/extensions/rangav.vscode-thunder-client-2.32.10
2024-12-11 12:38:26.889 [info] Extension installed successfully: rangav.vscode-thunder-client vscode-userdata:/home/alan-omam/.vscode/extensions/extensions.json
2024-12-11 12:38:26.892 [error] [uncaught exception in sharedProcess]: Error: ENOENT: no such file or directory, stat '/home/alan-omam/.vscode/extensions/extensions.json.vsctmp': EntryNotFound (FileSystemError): Error: ENOENT: no such file or directory, stat '/home/alan-omam/.vscode/extensions/extensions.json.vsctmp'
    at hm.create (file:///snap/code/176/usr/share/code/resources/app/out/vs/code/electron-utility/sharedProcess/sharedProcessMain.js:35:39254)
    at Es (file:///snap/code/176/usr/share/code/resources/app/out/vs/code/electron-utility/sharedProcess/sharedProcessMain.js:35:39361)
    at Fr.ib (file:///snap/code/176/usr/share/code/resources/app/out/vs/code/electron-utility/sharedProcess/sharedProcessMain.js:71:22677)
    at Fr.stat (file:///snap/code/176/usr/share/code/resources/app/out/vs/code/electron-utility/sharedProcess/sharedProcessMain.js:71:16010)
    at async Zl.stat (file:///snap/code/176/usr/share/code/resources/app/out/vs/code/electron-utility/sharedProcess/sharedProcessMain.js:70:84491)
    at async Jl.yb (file:///snap/code/176/usr/share/code/resources/app/out/vs/code/electron-utility/sharedProcess/sharedProcessMain.js:70:66605)
2024-12-11 12:38:54.604 [info] Getting Manifest... ms-azuretools.vscode-docker
2024-12-11 12:38:54.626 [info] Installing extension: ms-azuretools.vscode-docker {"isMachineScoped":false,"installPreReleaseVersion":false,"pinned":false,"profileLocation":{"$mid":1,"external":"vscode-userdata:/home/alan-omam/.vscode/extensions/extensions.json","path":"/home/alan-omam/.vscode/extensions/extensions.json","scheme":"vscode-userdata"},"installOnlyNewlyAddedFromExtensionPack":true,"isApplicationScoped":false,"productVersion":{"version":"1.95.3","date":"2024-11-13T14:50:04.152Z"}}
2024-12-11 12:38:57.035 [info] Extension signature verification result for ms-azuretools.vscode-docker: Success. Executed: true. Duration: 1335ms.
2024-12-11 12:38:57.243 [info] Extracted extension to file:///home/alan-omam/.vscode/extensions/ms-azuretools.vscode-docker-1.29.3: ms-azuretools.vscode-docker
2024-12-11 12:38:57.254 [info] Renamed to /home/alan-omam/.vscode/extensions/ms-azuretools.vscode-docker-1.29.3
2024-12-11 12:38:57.299 [info] Extension installed successfully: ms-azuretools.vscode-docker vscode-userdata:/home/alan-omam/.vscode/extensions/extensions.json
2024-12-11 12:38:57.347 [error] [uncaught exception in sharedProcess]: Error: ENOENT: no such file or directory, stat '/home/alan-omam/.vscode/extensions/extensions.json.vsctmp': EntryNotFound (FileSystemError): Error: ENOENT: no such file or directory, stat '/home/alan-omam/.vscode/extensions/extensions.json.vsctmp'
    at hm.create (file:///snap/code/176/usr/share/code/resources/app/out/vs/code/electron-utility/sharedProcess/sharedProcessMain.js:35:39254)
    at Es (file:///snap/code/176/usr/share/code/resources/app/out/vs/code/electron-utility/sharedProcess/sharedProcessMain.js:35:39361)
    at Fr.ib (file:///snap/code/176/usr/share/code/resources/app/out/vs/code/electron-utility/sharedProcess/sharedProcessMain.js:71:22677)
    at Fr.stat (file:///snap/code/176/usr/share/code/resources/app/out/vs/code/electron-utility/sharedProcess/sharedProcessMain.js:71:16010)
    at async Zl.stat (file:///snap/code/176/usr/share/code/resources/app/out/vs/code/electron-utility/sharedProcess/sharedProcessMain.js:70:84491)
    at async Jl.yb (file:///snap/code/176/usr/share/code/resources/app/out/vs/code/electron-utility/sharedProcess/sharedProcessMain.js:70:66605)
