0 verbose cli /usr/bin/node /usr/bin/npm
1 info using npm@9.2.0
2 info using node@v18.19.1
3 timing npm:load:whichnode Completed in 0ms
4 timing config:load:defaults Completed in 3ms
5 timing config:load:file:/usr/share/nodejs/npm/npmrc Completed in 3ms
6 timing config:load:builtin Completed in 3ms
7 timing config:load:cli Completed in 3ms
8 timing config:load:env Completed in 1ms
9 timing config:load:file:/home/alan-omam/.cache/typescript/5.6/.npmrc Completed in 1ms
10 timing config:load:project Completed in 3ms
11 timing config:load:file:/home/alan-omam/.npmrc Completed in 0ms
12 timing config:load:user Completed in 0ms
13 timing config:load:file:/etc/npmrc Completed in 0ms
14 timing config:load:global Completed in 0ms
15 timing config:load:setEnvs Completed in 2ms
16 timing config:load Completed in 15ms
17 timing npm:load:configload Completed in 15ms
18 timing npm:load:mkdirpcache Completed in 0ms
19 timing npm:load:mkdirplogs Completed in 1ms
20 verbose title npm install @types/react-dom@ts5.6 @types/styled-components@ts5.6 @types/eslint__js@ts5.6
21 verbose argv "install" "--ignore-scripts" "@types/react-dom@ts5.6" "@types/styled-components@ts5.6" "@types/eslint__js@ts5.6" "--save-dev" "--user-agent" "typesInstaller/5.6.3"
22 timing npm:load:setTitle Completed in 3ms
23 timing config:load:flatten Completed in 4ms
24 timing npm:load:display Completed in 7ms
25 verbose logfile logs-max:10 dir:/home/alan-omam/.npm/_logs/2024-12-11T14_45_11_961Z-
26 verbose logfile /home/alan-omam/.npm/_logs/2024-12-11T14_45_11_961Z-debug-0.log
27 timing npm:load:logFile Completed in 11ms
28 timing npm:load:timers Completed in 0ms
29 timing npm:load:configScope Completed in 0ms
30 timing npm:load Completed in 38ms
31 silly logfile done cleaning log files
32 timing config:load:flatten Completed in 0ms
33 timing arborist:ctor Completed in 1ms
34 timing idealTree:init Completed in 38ms
35 timing arborist:ctor Completed in 1ms
36 http fetch GET 200 https://registry.npmjs.org/@types%2feslint__js 180ms (cache miss)
37 http fetch GET 200 https://registry.npmjs.org/@types%2fstyled-components 192ms (cache miss)
38 http fetch GET 200 https://registry.npmjs.org/@types%2freact-dom 198ms (cache miss)
39 timing idealTree:userRequests Completed in 206ms
40 silly idealTree buildDeps
41 silly fetch manifest @types/eslint__js@8.42.3
42 silly fetch manifest @types/styled-components@5.1.34
43 silly fetch manifest @types/react-dom@19.0.2
44 silly fetch manifest @types/react@^19.0.1
45 http fetch GET 200 https://registry.npmjs.org/@types%2freact 16ms (cache hit)
46 silly placeDep ROOT @types/eslint__js@8.42.3 OK for:  want: 8.42.3
47 silly placeDep ROOT @types/react-dom@19.0.2 OK for:  want: 19.0.2
48 silly placeDep ROOT @types/styled-components@5.1.34 OK for:  want: 5.1.34
49 silly fetch manifest @types/eslint@*
50 silly fetch manifest @types/hoist-non-react-statics@*
51 http fetch GET 200 https://registry.npmjs.org/@types%2feslint 59ms (cache miss)
52 http fetch GET 200 https://registry.npmjs.org/@types%2fhoist-non-react-statics 195ms (cache miss)
53 timing idealTree:#root Completed in 235ms
54 silly placeDep ROOT @types/eslint@9.6.1 OK for: @types/eslint__js@8.42.3 want: *
55 silly fetch manifest @types/estree@*
56 silly fetch manifest @types/json-schema@*
57 http fetch GET 200 https://registry.npmjs.org/@types%2festree 52ms (cache miss)
58 http fetch GET 200 https://registry.npmjs.org/@types%2fjson-schema 52ms (cache miss)
59 timing idealTree:node_modules/@types/eslint__js Completed in 59ms
60 silly placeDep ROOT @types/estree@1.0.6 OK for: @types/eslint@9.6.1 want: *
61 silly placeDep ROOT @types/json-schema@7.0.15 OK for: @types/eslint@9.6.1 want: *
62 timing idealTree:node_modules/@types/eslint Completed in 4ms
63 timing idealTree:node_modules/@types/estree Completed in 0ms
64 timing idealTree:node_modules/@types/json-schema Completed in 0ms
65 timing idealTree:node_modules/@types/react-dom Completed in 0ms
66 silly placeDep ROOT @types/hoist-non-react-statics@3.3.6 OK for: @types/styled-components@5.1.34 want: *
67 silly fetch manifest hoist-non-react-statics@^3.3.0
68 http fetch GET 200 https://registry.npmjs.org/hoist-non-react-statics 47ms (cache miss)
69 timing idealTree:node_modules/@types/styled-components Completed in 52ms
70 silly placeDep ROOT hoist-non-react-statics@3.3.2 OK for: @types/hoist-non-react-statics@3.3.6 want: ^3.3.0
71 silly fetch manifest react-is@^16.7.0
72 http fetch GET 200 https://registry.npmjs.org/react-is 126ms (cache miss)
73 timing idealTree:node_modules/@types/hoist-non-react-statics Completed in 174ms
74 silly placeDep ROOT react-is@16.13.1 OK for: hoist-non-react-statics@3.3.2 want: ^16.7.0
75 timing idealTree:node_modules/hoist-non-react-statics Completed in 4ms
76 timing idealTree:node_modules/react-is Completed in 0ms
77 timing idealTree:buildDeps Completed in 530ms
78 timing idealTree:fixDepFlags Completed in 2ms
79 timing idealTree Completed in 777ms
80 timing reify:loadTrees Completed in 778ms
81 timing reify:diffTrees Completed in 3ms
82 silly reify moves {}
83 timing reify:retireShallow Completed in 2ms
84 timing reify:createSparse Completed in 3ms
85 timing reify:loadBundles Completed in 0ms
86 silly audit bulk request {
86 silly audit   '@tweenjs/tween.js': [ '23.1.3' ],
86 silly audit   '@types/react': [ '19.0.1' ],
86 silly audit   '@types/stats.js': [ '0.17.3' ],
86 silly audit   '@types/three': [ '0.170.0' ],
86 silly audit   '@types/webxr': [ '0.5.20' ],
86 silly audit   '@webgpu/types': [ '0.1.51' ],
86 silly audit   csstype: [ '3.1.3' ],
86 silly audit   fflate: [ '0.8.2' ],
86 silly audit   meshoptimizer: [ '0.18.1' ],
86 silly audit   'types-registry': [ '0.1.698' ],
86 silly audit   '@types/eslint__js': [ '8.42.3' ],
86 silly audit   '@types/react-dom': [ '19.0.2' ],
86 silly audit   '@types/styled-components': [ '5.1.34' ],
86 silly audit   '@types/eslint': [ '9.6.1' ],
86 silly audit   '@types/estree': [ '1.0.6' ],
86 silly audit   '@types/json-schema': [ '7.0.15' ],
86 silly audit   '@types/hoist-non-react-statics': [ '3.3.6' ],
86 silly audit   'hoist-non-react-statics': [ '3.3.2' ],
86 silly audit   'react-is': [ '16.13.1' ]
86 silly audit }
87 silly tarball no local data for react-is@https://registry.npmjs.org/react-is/-/react-is-16.13.1.tgz. Extracting by manifest.
88 silly tarball no local data for @types/json-schema@https://registry.npmjs.org/@types/json-schema/-/json-schema-7.0.15.tgz. Extracting by manifest.
89 silly tarball no local data for @types/hoist-non-react-statics@https://registry.npmjs.org/@types/hoist-non-react-statics/-/hoist-non-react-statics-3.3.6.tgz. Extracting by manifest.
90 silly tarball no local data for @types/estree@https://registry.npmjs.org/@types/estree/-/estree-1.0.6.tgz. Extracting by manifest.
91 silly tarball no local data for @types/eslint@https://registry.npmjs.org/@types/eslint/-/eslint-9.6.1.tgz. Extracting by manifest.
92 silly tarball no local data for hoist-non-react-statics@https://registry.npmjs.org/hoist-non-react-statics/-/hoist-non-react-statics-3.3.2.tgz. Extracting by manifest.
93 silly tarball no local data for @types/styled-components@https://registry.npmjs.org/@types/styled-components/-/styled-components-5.1.34.tgz. Extracting by manifest.
94 silly tarball no local data for @types/react-dom@https://registry.npmjs.org/@types/react-dom/-/react-dom-19.0.2.tgz. Extracting by manifest.
95 silly tarball no local data for @types/eslint__js@https://registry.npmjs.org/@types/eslint__js/-/eslint__js-8.42.3.tgz. Extracting by manifest.
96 http fetch GET 200 https://registry.npmjs.org/react-is/-/react-is-16.13.1.tgz 62ms (cache miss)
97 timing reifyNode:node_modules/react-is Completed in 76ms
98 http fetch GET 200 https://registry.npmjs.org/@types/json-schema/-/json-schema-7.0.15.tgz 73ms (cache miss)
99 timing reifyNode:node_modules/@types/json-schema Completed in 89ms
100 http fetch GET 200 https://registry.npmjs.org/hoist-non-react-statics/-/hoist-non-react-statics-3.3.2.tgz 132ms (cache miss)
101 timing reifyNode:node_modules/hoist-non-react-statics Completed in 153ms
102 http fetch GET 200 https://registry.npmjs.org/@types/hoist-non-react-statics/-/hoist-non-react-statics-3.3.6.tgz 137ms (cache miss)
103 timing reifyNode:node_modules/@types/hoist-non-react-statics Completed in 154ms
104 http fetch GET 200 https://registry.npmjs.org/@types/estree/-/estree-1.0.6.tgz 138ms (cache miss)
105 timing reifyNode:node_modules/@types/estree Completed in 155ms
106 http fetch GET 200 https://registry.npmjs.org/@types/eslint__js/-/eslint__js-8.42.3.tgz 135ms (cache miss)
107 timing reifyNode:node_modules/@types/eslint__js Completed in 157ms
108 http fetch GET 200 https://registry.npmjs.org/@types/styled-components/-/styled-components-5.1.34.tgz 138ms (cache miss)
109 timing reifyNode:node_modules/@types/styled-components Completed in 158ms
110 http fetch GET 200 https://registry.npmjs.org/@types/react-dom/-/react-dom-19.0.2.tgz 137ms (cache miss)
111 timing reifyNode:node_modules/@types/react-dom Completed in 159ms
112 http fetch GET 200 https://registry.npmjs.org/@types/eslint/-/eslint-9.6.1.tgz 148ms (cache miss)
113 timing reifyNode:node_modules/@types/eslint Completed in 166ms
114 timing reify:unpack Completed in 167ms
115 timing reify:unretire Completed in 0ms
116 timing build:queue Completed in 0ms
117 timing build:deps Completed in 1ms
118 timing build Completed in 2ms
119 timing reify:build Completed in 2ms
120 timing reify:trash Completed in 0ms
121 http fetch POST 200 https://registry.npmjs.org/-/npm/v1/security/advisories/bulk 193ms
122 timing auditReport:getReport Completed in 198ms
123 silly audit report {}
124 timing auditReport:init Completed in 0ms
125 timing reify:audit Completed in 199ms
126 timing reify:save Completed in 23ms
127 timing reify Completed in 996ms
128 silly ADD node_modules/react-is
129 silly ADD node_modules/hoist-non-react-statics
130 silly ADD node_modules/@types/hoist-non-react-statics
131 silly ADD node_modules/@types/json-schema
132 silly ADD node_modules/@types/estree
133 silly ADD node_modules/@types/eslint
134 silly ADD node_modules/@types/styled-components
135 silly ADD node_modules/@types/react-dom
136 silly ADD node_modules/@types/eslint__js
137 timing command:install Completed in 1005ms
138 verbose exit 0
139 timing npm Completed in 1064ms
140 info ok
