0 verbose cli /usr/bin/node /usr/bin/npm
1 info using npm@9.2.0
2 info using node@v18.19.1
3 timing npm:load:whichnode Completed in 1ms
4 timing config:load:defaults Completed in 2ms
5 timing config:load:file:/usr/share/nodejs/npm/npmrc Completed in 2ms
6 timing config:load:builtin Completed in 4ms
7 timing config:load:cli Completed in 2ms
8 timing config:load:env Completed in 0ms
9 timing config:load:file:/home/alan-omam/Scrivania/test/WORK/react-side/.npmrc Completed in 0ms
10 timing config:load:project Completed in 4ms
11 timing config:load:file:/home/alan-omam/.npmrc Completed in 0ms
12 timing config:load:user Completed in 1ms
13 timing config:load:file:/etc/npmrc Completed in 0ms
14 timing config:load:global Completed in 0ms
15 timing config:load:setEnvs Completed in 1ms
16 timing config:load Completed in 14ms
17 timing npm:load:configload Completed in 14ms
18 timing npm:load:mkdirpcache Completed in 1ms
19 timing npm:load:mkdirplogs Completed in 0ms
20 verbose title npm audit
21 verbose argv "audit"
22 timing npm:load:setTitle Completed in 1ms
23 timing config:load:flatten Completed in 3ms
24 timing npm:load:display Completed in 5ms
25 verbose logfile logs-max:10 dir:/home/alan-omam/.npm/_logs/2024-12-11T14_46_58_696Z-
26 verbose logfile /home/alan-omam/.npm/_logs/2024-12-11T14_46_58_696Z-debug-0.log
27 timing npm:load:logFile Completed in 9ms
28 timing npm:load:timers Completed in 0ms
29 timing npm:load:configScope Completed in 0ms
30 timing npm:load Completed in 31ms
31 silly logfile done cleaning log files
32 timing config:load:flatten Completed in 0ms
33 timing arborist:ctor Completed in 1ms
34 silly audit bulk request {
34 silly audit   '@ampproject/remapping': [ '2.3.0' ],
34 silly audit   '@babel/code-frame': [ '7.26.2' ],
34 silly audit   '@babel/compat-data': [ '7.26.2' ],
34 silly audit   '@babel/core': [ '7.26.0' ],
34 silly audit   '@babel/generator': [ '7.26.2' ],
34 silly audit   '@babel/helper-compilation-targets': [ '7.25.9' ],
34 silly audit   '@babel/helper-module-imports': [ '7.25.9' ],
34 silly audit   '@babel/helper-module-transforms': [ '7.26.0' ],
34 silly audit   '@babel/helper-plugin-utils': [ '7.25.9' ],
34 silly audit   '@babel/helper-string-parser': [ '7.25.9' ],
34 silly audit   '@babel/helper-validator-identifier': [ '7.25.9' ],
34 silly audit   '@babel/helper-validator-option': [ '7.25.9' ],
34 silly audit   '@babel/helpers': [ '7.26.0' ],
34 silly audit   '@babel/parser': [ '7.26.2' ],
34 silly audit   '@babel/plugin-transform-react-jsx-self': [ '7.25.9' ],
34 silly audit   '@babel/plugin-transform-react-jsx-source': [ '7.25.9' ],
34 silly audit   '@babel/runtime': [ '7.26.0' ],
34 silly audit   '@babel/template': [ '7.25.9' ],
34 silly audit   '@babel/traverse': [ '7.25.9' ],
34 silly audit   globals: [ '11.12.0', '14.0.0', '15.12.0' ],
34 silly audit   '@babel/types': [ '7.26.0' ],
34 silly audit   '@emotion/is-prop-valid': [ '1.2.2' ],
34 silly audit   '@emotion/memoize': [ '0.8.1' ],
34 silly audit   '@emotion/unitless': [ '0.8.1' ],
34 silly audit   '@esbuild/aix-ppc64': [ '0.21.5' ],
34 silly audit   '@esbuild/android-arm': [ '0.21.5' ],
34 silly audit   '@esbuild/android-arm64': [ '0.21.5' ],
34 silly audit   '@esbuild/android-x64': [ '0.21.5' ],
34 silly audit   '@esbuild/darwin-arm64': [ '0.21.5' ],
34 silly audit   '@esbuild/darwin-x64': [ '0.21.5' ],
34 silly audit   '@esbuild/freebsd-arm64': [ '0.21.5' ],
34 silly audit   '@esbuild/freebsd-x64': [ '0.21.5' ],
34 silly audit   '@esbuild/linux-arm': [ '0.21.5' ],
34 silly audit   '@esbuild/linux-arm64': [ '0.21.5' ],
34 silly audit   '@esbuild/linux-ia32': [ '0.21.5' ],
34 silly audit   '@esbuild/linux-loong64': [ '0.21.5' ],
34 silly audit   '@esbuild/linux-mips64el': [ '0.21.5' ],
34 silly audit   '@esbuild/linux-ppc64': [ '0.21.5' ],
34 silly audit   '@esbuild/linux-riscv64': [ '0.21.5' ],
34 silly audit   '@esbuild/linux-s390x': [ '0.21.5' ],
34 silly audit   '@esbuild/linux-x64': [ '0.21.5' ],
34 silly audit   '@esbuild/netbsd-x64': [ '0.21.5' ],
34 silly audit   '@esbuild/openbsd-x64': [ '0.21.5' ],
34 silly audit   '@esbuild/sunos-x64': [ '0.21.5' ],
34 silly audit   '@esbuild/win32-arm64': [ '0.21.5' ],
34 silly audit   '@esbuild/win32-ia32': [ '0.21.5' ],
34 silly audit   '@esbuild/win32-x64': [ '0.21.5' ],
34 silly audit   '@eslint-community/eslint-utils': [ '4.4.1' ],
34 silly audit   'eslint-visitor-keys': [ '3.4.3', '4.2.0' ],
34 silly audit   '@eslint-community/regexpp': [ '4.12.1' ],
34 silly audit   '@eslint/config-array': [ '0.18.0' ],
34 silly audit   '@eslint/core': [ '0.7.0' ],
34 silly audit   '@eslint/eslintrc': [ '3.1.0' ],
34 silly audit   '@eslint/js': [ '9.14.0' ],
34 silly audit   '@eslint/object-schema': [ '2.1.4' ],
34 silly audit   '@eslint/plugin-kit': [ '0.2.3' ],
34 silly audit   '@humanfs/core': [ '0.19.1' ],
34 silly audit   '@humanfs/node': [ '0.16.6' ],
34 silly audit   '@humanwhocodes/retry': [ '0.3.1', '0.4.1' ],
34 silly audit   '@humanwhocodes/module-importer': [ '1.0.1' ],
34 silly audit   '@jridgewell/gen-mapping': [ '0.3.5' ],
34 silly audit   '@jridgewell/resolve-uri': [ '3.1.2' ],
34 silly audit   '@jridgewell/set-array': [ '1.2.1' ],
34 silly audit   '@jridgewell/sourcemap-codec': [ '1.5.0' ],
34 silly audit   '@jridgewell/trace-mapping': [ '0.3.25' ],
34 silly audit   '@mediapipe/tasks-vision': [ '0.10.8' ],
34 silly audit   '@monogrid/gainmap-js': [ '3.0.6' ],
34 silly audit   '@react-spring/animated': [ '9.6.1' ],
34 silly audit   '@react-spring/core': [ '9.6.1' ],
34 silly audit   '@react-spring/rafz': [ '9.6.1' ],
34 silly audit   '@react-spring/shared': [ '9.6.1' ],
34 silly audit   '@react-spring/three': [ '9.6.1' ],
34 silly audit   '@react-spring/types': [ '9.6.1' ],
34 silly audit   '@react-three/drei': [ '9.115.0' ],
34 silly audit   '@react-three/fiber': [ '8.17.10' ],
34 silly audit   scheduler: [ '0.21.0', '0.23.2' ],
34 silly audit   '@rollup/rollup-android-arm-eabi': [ '4.24.4' ],
34 silly audit   '@rollup/rollup-android-arm64': [ '4.24.4' ],
34 silly audit   '@rollup/rollup-darwin-arm64': [ '4.24.4' ],
34 silly audit   '@rollup/rollup-darwin-x64': [ '4.24.4' ],
34 silly audit   '@rollup/rollup-freebsd-arm64': [ '4.24.4' ],
34 silly audit   '@rollup/rollup-freebsd-x64': [ '4.24.4' ],
34 silly audit   '@rollup/rollup-linux-arm-gnueabihf': [ '4.24.4' ],
34 silly audit   '@rollup/rollup-linux-arm-musleabihf': [ '4.24.4' ],
34 silly audit   '@rollup/rollup-linux-arm64-gnu': [ '4.24.4' ],
34 silly audit   '@rollup/rollup-linux-arm64-musl': [ '4.24.4' ],
34 silly audit   '@rollup/rollup-linux-powerpc64le-gnu': [ '4.24.4' ],
34 silly audit   '@rollup/rollup-linux-riscv64-gnu': [ '4.24.4' ],
34 silly audit   '@rollup/rollup-linux-s390x-gnu': [ '4.24.4' ],
34 silly audit   '@rollup/rollup-linux-x64-gnu': [ '4.24.4' ],
34 silly audit   '@rollup/rollup-linux-x64-musl': [ '4.24.4' ],
34 silly audit   '@rollup/rollup-win32-arm64-msvc': [ '4.24.4' ],
34 silly audit   '@rollup/rollup-win32-ia32-msvc': [ '4.24.4' ],
34 silly audit   '@rollup/rollup-win32-x64-msvc': [ '4.24.4' ],
34 silly audit   '@tweenjs/tween.js': [ '23.1.3' ],
34 silly audit   '@types/babel__core': [ '7.20.5' ],
34 silly audit   '@types/babel__generator': [ '7.6.8' ],
34 silly audit   '@types/babel__template': [ '7.4.4' ],
34 silly audit   '@types/babel__traverse': [ '7.20.6' ],
34 silly audit   '@types/debounce': [ '1.2.4' ],
34 silly audit   '@types/draco3d': [ '1.4.10' ],
34 silly audit   '@types/estree': [ '1.0.6' ],
34 silly audit   '@types/json-schema': [ '7.0.15' ],
34 silly audit   '@types/offscreencanvas': [ '2019.7.3' ],
34 silly audit   '@types/prop-types': [ '15.7.13' ],
34 silly audit   '@types/react': [ '18.3.12' ],
34 silly audit   '@types/react-dom': [ '18.3.1' ],
34 silly audit   '@types/react-reconciler': [ '0.26.7', '0.28.8' ],
34 silly audit   '@types/stats.js': [ '0.17.3' ],
34 silly audit   '@types/stylis': [ '4.2.5' ],
34 silly audit   '@types/three': [ '0.169.0' ],
34 silly audit   '@types/webxr': [ '0.5.20' ],
34 silly audit   '@use-gesture/core': [ '10.3.1' ],
34 silly audit   '@use-gesture/react': [ '10.3.1' ],
34 silly audit   '@vitejs/plugin-react': [ '4.3.3' ],
34 silly audit   '@webgpu/types': [ '0.1.51' ],
34 silly audit   acorn: [ '8.14.0' ],
34 silly audit   'acorn-jsx': [ '5.3.2' ],
34 silly audit   ajv: [ '6.12.6' ],
34 silly audit   'ansi-styles': [ '4.3.0' ],
34 silly audit   argparse: [ '2.0.1' ],
34 silly audit   'array-buffer-byte-length': [ '1.0.1' ],
34 silly audit   'array-includes': [ '3.1.8' ],
34 silly audit   'array.prototype.findlast': [ '1.2.5' ],
34 silly audit   'array.prototype.flat': [ '1.3.2' ],
34 silly audit   'array.prototype.flatmap': [ '1.3.2' ],
34 silly audit   'array.prototype.tosorted': [ '1.1.4' ],
34 silly audit   'arraybuffer.prototype.slice': [ '1.0.3' ],
34 silly audit   'available-typed-arrays': [ '1.0.7' ],
34 silly audit   'balanced-match': [ '1.0.2' ],
34 silly audit   'base64-js': [ '1.5.1' ],
34 silly audit   'bidi-js': [ '1.0.3' ],
34 silly audit   'brace-expansion': [ '1.1.11' ],
34 silly audit   browserslist: [ '4.24.2' ],
34 silly audit   buffer: [ '6.0.3' ],
34 silly audit   'call-bind': [ '1.0.7' ],
34 silly audit   callsites: [ '3.1.0' ],
34 silly audit   camelize: [ '1.0.1' ],
34 silly audit   'camera-controls': [ '2.9.0' ],
34 silly audit   'caniuse-lite': [ '1.0.30001679' ],
34 silly audit   chalk: [ '4.1.2' ],
34 silly audit   'color-convert': [ '2.0.1' ],
34 silly audit   'color-name': [ '1.1.4' ],
34 silly audit   'concat-map': [ '0.0.1' ],
34 silly audit   'convert-source-map': [ '2.0.0' ],
34 silly audit   'cross-env': [ '7.0.3' ],
34 silly audit   'cross-spawn': [ '7.0.5' ],
34 silly audit   'css-color-keywords': [ '1.0.0' ],
34 silly audit   'css-to-react-native': [ '3.2.0' ],
34 silly audit   csstype: [ '3.1.3' ],
34 silly audit   'data-view-buffer': [ '1.0.1' ],
34 silly audit   'data-view-byte-length': [ '1.0.1' ],
34 silly audit   'data-view-byte-offset': [ '1.0.0' ],
34 silly audit   debounce: [ '1.2.1' ],
34 silly audit   debug: [ '4.3.7' ],
34 silly audit   'deep-is': [ '0.1.4' ],
34 silly audit   'define-data-property': [ '1.1.4' ],
34 silly audit   'define-properties': [ '1.2.1' ],
34 silly audit   'detect-gpu': [ '5.0.55' ],
34 silly audit   doctrine: [ '2.1.0' ],
34 silly audit   draco3d: [ '1.5.7' ],
34 silly audit   'electron-to-chromium': [ '1.5.55' ],
34 silly audit   'es-abstract': [ '1.23.3' ],
34 silly audit   'es-define-property': [ '1.0.0' ],
34 silly audit   'es-errors': [ '1.3.0' ],
34 silly audit   'es-iterator-helpers': [ '1.2.0' ],
34 silly audit   'es-object-atoms': [ '1.0.0' ],
34 silly audit   'es-set-tostringtag': [ '2.0.3' ],
34 silly audit   'es-shim-unscopables': [ '1.0.2' ],
34 silly audit   'es-to-primitive': [ '1.2.1' ],
34 silly audit   esbuild: [ '0.21.5' ],
34 silly audit   escalade: [ '3.2.0' ],
34 silly audit   'escape-string-regexp': [ '4.0.0' ],
34 silly audit   eslint: [ '9.14.0' ],
34 silly audit   'eslint-plugin-react': [ '7.37.2' ],
34 silly audit   'eslint-plugin-react-hooks': [ '5.0.0' ],
34 silly audit   'eslint-plugin-react-refresh': [ '0.4.14' ],
34 silly audit   'eslint-scope': [ '8.2.0' ],
34 silly audit   espree: [ '10.3.0' ],
34 silly audit   esquery: [ '1.6.0' ],
34 silly audit   esrecurse: [ '4.3.0' ],
34 silly audit   estraverse: [ '5.3.0' ],
34 silly audit   esutils: [ '2.0.3' ],
34 silly audit   'fast-deep-equal': [ '3.1.3' ],
34 silly audit   'fast-json-stable-stringify': [ '2.1.0' ],
34 silly audit   'fast-levenshtein': [ '2.0.6' ],
34 silly audit   fflate: [ '0.8.2', '0.6.10' ],
34 silly audit   'file-entry-cache': [ '8.0.0' ],
34 silly audit   'find-up': [ '5.0.0' ],
34 silly audit   'flat-cache': [ '4.0.1' ],
34 silly audit   flatted: [ '3.3.1' ],
34 silly audit   'for-each': [ '0.3.3' ],
34 silly audit   fsevents: [ '2.3.3' ],
34 silly audit   'function-bind': [ '1.1.2' ],
34 silly audit   'function.prototype.name': [ '1.1.6' ],
34 silly audit   'functions-have-names': [ '1.2.3' ],
34 silly audit   gensync: [ '1.0.0-beta.2' ],
34 silly audit   'get-intrinsic': [ '1.2.4' ],
34 silly audit   'get-symbol-description': [ '1.0.2' ],
34 silly audit   'glob-parent': [ '6.0.2' ],
34 silly audit   globalthis: [ '1.0.4' ],
34 silly audit   'glsl-noise': [ '0.0.0' ],
34 silly audit   gopd: [ '1.0.1' ],
34 silly audit   'has-bigints': [ '1.0.2' ],
34 silly audit   'has-flag': [ '4.0.0' ],
34 silly audit   'has-property-descriptors': [ '1.0.2' ],
34 silly audit   'has-proto': [ '1.0.3' ],
34 silly audit   'has-symbols': [ '1.0.3' ],
34 silly audit   'has-tostringtag': [ '1.0.2' ],
34 silly audit   hasown: [ '2.0.2' ],
34 silly audit   'hls.js': [ '1.5.17' ],
34 silly audit   ieee754: [ '1.2.1' ],
34 silly audit   ignore: [ '5.3.2' ],
34 silly audit   immediate: [ '3.0.6' ],
34 silly audit   'import-fresh': [ '3.3.0' ],
34 silly audit   imurmurhash: [ '0.1.4' ],
34 silly audit   'internal-slot': [ '1.0.7' ],
34 silly audit   'is-array-buffer': [ '3.0.4' ],
34 silly audit   'is-async-function': [ '2.0.0' ],
34 silly audit   'is-bigint': [ '1.0.4' ],
34 silly audit   'is-boolean-object': [ '1.1.2' ],
34 silly audit   'is-callable': [ '1.2.7' ],
34 silly audit   'is-core-module': [ '2.15.1' ],
34 silly audit   'is-data-view': [ '1.0.1' ],
34 silly audit   'is-date-object': [ '1.0.5' ],
34 silly audit   'is-extglob': [ '2.1.1' ],
34 silly audit   'is-finalizationregistry': [ '1.0.2' ],
34 silly audit   'is-generator-function': [ '1.0.10' ],
34 silly audit   'is-glob': [ '4.0.3' ],
34 silly audit   'is-map': [ '2.0.3' ],
34 silly audit   'is-negative-zero': [ '2.0.3' ],
34 silly audit   'is-number-object': [ '1.0.7' ],
34 silly audit   'is-promise': [ '2.2.2' ],
34 silly audit   'is-regex': [ '1.1.4' ],
34 silly audit   'is-set': [ '2.0.3' ],
34 silly audit   'is-shared-array-buffer': [ '1.0.3' ],
34 silly audit   'is-string': [ '1.0.7' ],
34 silly audit   'is-symbol': [ '1.0.4' ],
34 silly audit   'is-typed-array': [ '1.1.13' ],
34 silly audit   'is-weakmap': [ '2.0.2' ],
34 silly audit   'is-weakref': [ '1.0.2' ],
34 silly audit   'is-weakset': [ '2.0.3' ],
34 silly audit   isarray: [ '2.0.5' ],
34 silly audit   isexe: [ '2.0.0' ],
34 silly audit   'iterator.prototype': [ '1.1.3' ],
34 silly audit   'its-fine': [ '1.2.5' ],
34 silly audit   'js-tokens': [ '4.0.0' ],
34 silly audit   'js-yaml': [ '4.1.0' ],
34 silly audit   jsesc: [ '3.0.2' ],
34 silly audit   'json-buffer': [ '3.0.1' ],
34 silly audit   'json-schema-traverse': [ '0.4.1' ],
34 silly audit   'json-stable-stringify-without-jsonify': [ '1.0.1' ],
34 silly audit   json5: [ '2.2.3' ],
34 silly audit   'jsx-ast-utils': [ '3.3.5' ],
34 silly audit   keyv: [ '4.5.4' ],
34 silly audit   levn: [ '0.4.1' ],
34 silly audit   lie: [ '3.3.0' ],
34 silly audit   'locate-path': [ '6.0.0' ],
34 silly audit   'lodash.merge': [ '4.6.2' ],
34 silly audit   'loose-envify': [ '1.4.0' ],
34 silly audit   'lru-cache': [ '5.1.1' ],
34 silly audit   maath: [ '0.10.8' ],
34 silly audit   meshline: [ '3.3.1' ],
34 silly audit   meshoptimizer: [ '0.18.1' ],
34 silly audit   minimatch: [ '3.1.2' ],
34 silly audit   ms: [ '2.1.3' ],
34 silly audit   nanoid: [ '3.3.7' ],
34 silly audit   'natural-compare': [ '1.4.0' ],
34 silly audit   'node-releases': [ '2.0.18' ],
34 silly audit   'object-assign': [ '4.1.1' ],
34 silly audit   'object-inspect': [ '1.13.2' ],
34 silly audit   'object-keys': [ '1.1.1' ],
34 silly audit   'object.assign': [ '4.1.5' ],
34 silly audit   'object.entries': [ '1.1.8' ],
34 silly audit   'object.fromentries': [ '2.0.8' ],
34 silly audit   'object.values': [ '1.2.0' ],
34 silly audit   optionator: [ '0.9.4' ],
34 silly audit   'p-limit': [ '3.1.0' ],
34 silly audit   'p-locate': [ '5.0.0' ],
34 silly audit   'parent-module': [ '1.0.1' ],
34 silly audit   'path-exists': [ '4.0.0' ],
34 silly audit   'path-key': [ '3.1.1' ],
34 silly audit   'path-parse': [ '1.0.7' ],
34 silly audit   picocolors: [ '1.1.1' ],
34 silly audit   'possible-typed-array-names': [ '1.0.0' ],
34 silly audit   postcss: [ '8.4.47', '8.4.38' ],
34 silly audit   'postcss-value-parser': [ '4.2.0' ],
34 silly audit   potpack: [ '1.0.2' ],
34 silly audit   'prelude-ls': [ '1.2.1' ],
34 silly audit   'promise-worker-transferable': [ '1.0.4' ],
34 silly audit   'prop-types': [ '15.8.1' ],
34 silly audit   punycode: [ '2.3.1' ],
34 silly audit   react: [ '18.3.1' ],
34 silly audit   'react-composer': [ '5.0.3' ],
34 silly audit   'react-dom': [ '18.3.1' ],
34 silly audit   'react-is': [ '16.13.1' ],
34 silly audit   'react-reconciler': [ '0.27.0' ],
34 silly audit   'react-refresh': [ '0.14.2' ],
34 silly audit   'reflect.getprototypeof': [ '1.0.6' ],
34 silly audit   'regenerator-runtime': [ '0.14.1' ],
34 silly audit   'regexp.prototype.flags': [ '1.5.3' ],
34 silly audit   'require-from-string': [ '2.0.2' ],
34 silly audit   resolve: [ '2.0.0-next.5' ],
34 silly audit   'resolve-from': [ '4.0.0' ],
34 silly audit   rollup: [ '4.24.4' ],
34 silly audit   'safe-array-concat': [ '1.1.2' ],
34 silly audit   'safe-regex-test': [ '1.0.3' ],
34 silly audit   semver: [ '6.3.1' ],
34 silly audit   'set-function-length': [ '1.2.2' ],
34 silly audit   'set-function-name': [ '2.0.2' ],
34 silly audit   shallowequal: [ '1.1.0' ],
34 silly audit   'shebang-command': [ '2.0.0' ],
34 silly audit   'shebang-regex': [ '3.0.0' ],
34 silly audit   'side-channel': [ '1.0.6' ],
34 silly audit   'source-map-js': [ '1.2.1' ],
34 silly audit   'stats-gl': [ '2.4.2' ],
34 silly audit   'stats.js': [ '0.17.0' ],
34 silly audit   'string.prototype.matchall': [ '4.0.11' ],
34 silly audit   'string.prototype.repeat': [ '1.0.0' ],
34 silly audit   'string.prototype.trim': [ '1.2.9' ],
34 silly audit   'string.prototype.trimend': [ '1.0.8' ],
34 silly audit   'string.prototype.trimstart': [ '1.0.8' ],
34 silly audit   'strip-json-comments': [ '3.1.1' ],
34 silly audit   'styled-components': [ '6.1.13' ],
34 silly audit   stylis: [ '4.3.2' ],
34 silly audit   'supports-color': [ '7.2.0' ],
34 silly audit   'supports-preserve-symlinks-flag': [ '1.0.0' ],
34 silly audit   'suspend-react': [ '0.1.3' ],
34 silly audit   'text-table': [ '0.2.0' ],
34 silly audit   three: [ '0.170.0' ],
34 silly audit   'three-mesh-bvh': [ '0.7.8' ],
34 silly audit   'three-stdlib': [ '2.34.0' ],
34 silly audit   'troika-three-text': [ '0.49.1' ],
34 silly audit   'troika-three-utils': [ '0.49.0' ],
34 silly audit   'troika-worker-utils': [ '0.49.0' ],
34 silly audit   tslib: [ '2.6.2' ],
34 silly audit   'tunnel-rat': [ '0.1.2' ],
34 silly audit   zustand: [ '4.5.5', '3.7.2' ],
34 silly audit   'type-check': [ '0.4.0' ],
34 silly audit   'typed-array-buffer': [ '1.0.2' ],
34 silly audit   'typed-array-byte-length': [ '1.0.1' ],
34 silly audit   'typed-array-byte-offset': [ '1.0.2' ],
34 silly audit   'typed-array-length': [ '1.0.6' ],
34 silly audit   'unbox-primitive': [ '1.0.2' ],
34 silly audit   'update-browserslist-db': [ '1.1.1' ],
34 silly audit   'uri-js': [ '4.4.1' ],
34 silly audit   'use-sync-external-store': [ '1.2.2' ],
34 silly audit   'utility-types': [ '3.11.0' ],
34 silly audit   uuid: [ '9.0.1' ],
34 silly audit   vite: [ '5.4.10' ],
34 silly audit   'webgl-constants': [ '1.1.1' ],
34 silly audit   'webgl-sdf-generator': [ '1.1.1' ],
34 silly audit   which: [ '2.0.2' ],
34 silly audit   'which-boxed-primitive': [ '1.0.2' ],
34 silly audit   'which-builtin-type': [ '1.1.4' ],
34 silly audit   'which-collection': [ '1.0.2' ],
34 silly audit   'which-typed-array': [ '1.1.15' ],
34 silly audit   'word-wrap': [ '1.2.5' ],
34 silly audit   yallist: [ '3.1.1' ],
34 silly audit   'yocto-queue': [ '0.1.0' ]
34 silly audit }
35 http fetch POST 200 https://registry.npmjs.org/-/npm/v1/security/advisories/bulk 310ms
36 timing auditReport:getReport Completed in 324ms
37 silly audit report {
37 silly audit report   nanoid: [
37 silly audit report     {
37 silly audit report       id: 1101092,
37 silly audit report       url: 'https://github.com/advisories/GHSA-mwcw-c2x4-8c55',
37 silly audit report       title: 'Infinite loop in nanoid',
37 silly audit report       severity: 'low',
37 silly audit report       vulnerable_versions: '<3.3.8',
37 silly audit report       cwe: [Array],
37 silly audit report       cvss: [Object]
37 silly audit report     }
37 silly audit report   ]
37 silly audit report }
38 timing metavuln:cache:get:security-advisory:nanoid:KJ/C4PiPXbJ+Ow8TakTFAEDmC7suFskdnCw/We069JsU6dF/tBX3FBTk7/ABGKMYyz7HdP4T7xsysHAeeCqQ/A== Completed in 11ms
39 http fetch GET 200 https://registry.npmjs.org/nanoid 21ms (cache hit)
40 timing metavuln:packument:nanoid Completed in 25ms
41 timing metavuln:load:security-advisory:nanoid:1101092 Completed in 1ms
42 timing metavuln:calculate:security-advisory:nanoid:1101092 Completed in 29ms
43 timing metavuln:cache:get:security-advisory:postcss:J/hBfRBFdrMlB5zEUo/IEBpMGPdoA12Uc3+hLIlhx/h5TNKoTqFgZFqt/BygzAwfJUSFAYyn+RPPcJ6Yq/zjJQ== Completed in 4ms
44 http fetch GET 200 https://registry.npmjs.org/postcss 8ms (cache hit)
45 timing metavuln:packument:postcss Completed in 11ms
46 timing metavuln:load:security-advisory:postcss:KJ/C4PiPXbJ+Ow8TakTFAEDmC7suFskdnCw/We069JsU6dF/tBX3FBTk7/ABGKMYyz7HdP4T7xsysHAeeCqQ/A== Completed in 1ms
47 timing metavuln:calculate:security-advisory:postcss:KJ/C4PiPXbJ+Ow8TakTFAEDmC7suFskdnCw/We069JsU6dF/tBX3FBTk7/ABGKMYyz7HdP4T7xsysHAeeCqQ/A== Completed in 14ms
48 timing auditReport:init Completed in 45ms
49 timing audit Completed in 641ms
50 timing command:audit Completed in 653ms
51 verbose exit 0
52 timing npm Completed in 703ms
53 verbose code 1
