0 verbose cli /usr/bin/node /usr/bin/npm
1 info using npm@9.2.0
2 info using node@v18.19.1
3 timing npm:load:whichnode Completed in 0ms
4 timing config:load:defaults Completed in 2ms
5 timing config:load:file:/usr/share/nodejs/npm/npmrc Completed in 5ms
6 timing config:load:builtin Completed in 6ms
7 timing config:load:cli Completed in 2ms
8 timing config:load:env Completed in 1ms
9 timing config:load:file:/home/alan-omam/.cache/typescript/5.6/.npmrc Completed in 0ms
10 timing config:load:project Completed in 4ms
11 timing config:load:file:/home/alan-omam/.npmrc Completed in 0ms
12 timing config:load:user Completed in 1ms
13 timing config:load:file:/etc/npmrc Completed in 0ms
14 timing config:load:global Completed in 0ms
15 timing config:load:setEnvs Completed in 1ms
16 timing config:load Completed in 17ms
17 timing npm:load:configload Completed in 19ms
18 timing npm:load:mkdirpcache Completed in 0ms
19 timing npm:load:mkdirplogs Completed in 1ms
20 verbose title npm install @types/node@ts5.6
21 verbose argv "install" "--ignore-scripts" "@types/node@ts5.6" "--save-dev" "--user-agent" "typesInstaller/5.6.3"
22 timing npm:load:setTitle Completed in 1ms
23 timing config:load:flatten Completed in 3ms
24 timing npm:load:display Completed in 6ms
25 verbose logfile logs-max:10 dir:/home/alan-omam/.npm/_logs/2024-12-11T14_46_55_081Z-
26 verbose logfile /home/alan-omam/.npm/_logs/2024-12-11T14_46_55_081Z-debug-0.log
27 timing npm:load:logFile Completed in 10ms
28 timing npm:load:timers Completed in 0ms
29 timing npm:load:configScope Completed in 0ms
30 timing npm:load Completed in 37ms
31 silly logfile done cleaning log files
32 timing config:load:flatten Completed in 1ms
33 timing arborist:ctor Completed in 1ms
34 timing idealTree:init Completed in 45ms
35 timing arborist:ctor Completed in 0ms
36 http fetch GET 200 https://registry.npmjs.org/@types%2fnode 294ms (cache miss)
37 timing idealTree:userRequests Completed in 316ms
38 silly idealTree buildDeps
39 silly fetch manifest @types/node@22.10.2
40 silly placeDep ROOT @types/node@22.10.2 OK for:  want: 22.10.2
41 silly fetch manifest undici-types@~6.20.0
42 http fetch GET 200 https://registry.npmjs.org/undici-types 40ms (cache miss)
43 timing idealTree:#root Completed in 50ms
44 silly placeDep ROOT undici-types@6.20.0 OK for: @types/node@22.10.2 want: ~6.20.0
45 timing idealTree:node_modules/@types/node Completed in 2ms
46 timing idealTree:node_modules/undici-types Completed in 0ms
47 timing idealTree:buildDeps Completed in 54ms
48 timing idealTree:fixDepFlags Completed in 1ms
49 timing idealTree Completed in 416ms
50 timing reify:loadTrees Completed in 418ms
51 timing reify:diffTrees Completed in 3ms
52 silly reify moves {}
53 timing reify:retireShallow Completed in 1ms
54 timing reify:createSparse Completed in 1ms
55 timing reify:loadBundles Completed in 0ms
56 silly audit bulk request {
56 silly audit   '@tweenjs/tween.js': [ '23.1.3' ],
56 silly audit   '@types/eslint': [ '9.6.1' ],
56 silly audit   '@types/eslint__js': [ '8.42.3' ],
56 silly audit   '@types/estree': [ '1.0.6' ],
56 silly audit   '@types/hoist-non-react-statics': [ '3.3.6' ],
56 silly audit   '@types/json-schema': [ '7.0.15' ],
56 silly audit   '@types/react': [ '19.0.1' ],
56 silly audit   '@types/react-dom': [ '19.0.2' ],
56 silly audit   '@types/stats.js': [ '0.17.3' ],
56 silly audit   '@types/styled-components': [ '5.1.34' ],
56 silly audit   '@types/three': [ '0.170.0' ],
56 silly audit   '@types/webxr': [ '0.5.20' ],
56 silly audit   '@webgpu/types': [ '0.1.51' ],
56 silly audit   csstype: [ '3.1.3' ],
56 silly audit   fflate: [ '0.8.2' ],
56 silly audit   'hoist-non-react-statics': [ '3.3.2' ],
56 silly audit   meshoptimizer: [ '0.18.1' ],
56 silly audit   'react-is': [ '16.13.1' ],
56 silly audit   'types-registry': [ '0.1.698' ],
56 silly audit   '@types/node': [ '22.10.2' ],
56 silly audit   'undici-types': [ '6.20.0' ]
56 silly audit }
57 silly tarball no local data for undici-types@https://registry.npmjs.org/undici-types/-/undici-types-6.20.0.tgz. Extracting by manifest.
58 silly tarball no local data for @types/node@https://registry.npmjs.org/@types/node/-/node-22.10.2.tgz. Extracting by manifest.
59 http fetch GET 200 https://registry.npmjs.org/undici-types/-/undici-types-6.20.0.tgz 104ms (cache miss)
60 timing reifyNode:node_modules/undici-types Completed in 118ms
61 http fetch GET 200 https://registry.npmjs.org/@types/node/-/node-22.10.2.tgz 166ms (cache miss)
62 timing reifyNode:node_modules/@types/node Completed in 181ms
63 timing reify:unpack Completed in 182ms
64 timing reify:unretire Completed in 0ms
65 timing build:queue Completed in 0ms
66 timing build:deps Completed in 2ms
67 timing build Completed in 2ms
68 timing reify:build Completed in 3ms
69 timing reify:trash Completed in 0ms
70 http fetch POST 200 https://registry.npmjs.org/-/npm/v1/security/advisories/bulk 218ms
71 timing auditReport:getReport Completed in 222ms
72 silly audit report {}
73 timing auditReport:init Completed in 0ms
74 timing reify:audit Completed in 224ms
75 timing reify:save Completed in 31ms
76 timing reify Completed in 657ms
77 silly ADD node_modules/undici-types
78 silly ADD node_modules/@types/node
79 timing command:install Completed in 667ms
80 verbose exit 0
81 timing npm Completed in 723ms
82 info ok
