0 verbose cli /usr/bin/node /usr/bin/npm
1 info using npm@9.2.0
2 info using node@v18.19.1
3 timing npm:load:whichnode Completed in 1ms
4 timing config:load:defaults Completed in 5ms
5 timing config:load:file:/usr/share/nodejs/npm/npmrc Completed in 7ms
6 timing config:load:builtin Completed in 7ms
7 timing config:load:cli Completed in 6ms
8 timing config:load:env Completed in 1ms
9 timing config:load:file:/home/alan-omam/Scrivania/test/WORK/react-side/.npmrc Completed in 0ms
10 timing config:load:project Completed in 5ms
11 timing config:load:file:/home/alan-omam/.npmrc Completed in 0ms
12 timing config:load:user Completed in 1ms
13 timing config:load:file:/etc/npmrc Completed in 0ms
14 timing config:load:global Completed in 0ms
15 timing config:load:setEnvs Completed in 3ms
16 timing config:load Completed in 29ms
17 timing npm:load:configload Completed in 30ms
18 timing npm:load:mkdirpcache Completed in 1ms
19 timing npm:load:mkdirplogs Completed in 0ms
20 verbose title npm audit fix
21 verbose argv "audit" "fix" "--force"
22 timing npm:load:setTitle Completed in 4ms
23 timing config:load:flatten Completed in 8ms
24 timing npm:load:display Completed in 9ms
25 verbose logfile logs-max:10 dir:/home/alan-omam/.npm/_logs/2024-12-11T14_47_11_731Z-
26 verbose logfile /home/alan-omam/.npm/_logs/2024-12-11T14_47_11_731Z-debug-0.log
27 timing npm:load:logFile Completed in 12ms
28 timing npm:load:timers Completed in 0ms
29 timing npm:load:configScope Completed in 0ms
30 warn using --force Recommended protections disabled.
31 timing npm:load Completed in 59ms
32 timing config:load:flatten Completed in 1ms
33 timing arborist:ctor Completed in 1ms
34 silly logfile done cleaning log files
35 silly audit bulk request {
35 silly audit   '@ampproject/remapping': [ '2.3.0' ],
35 silly audit   '@babel/code-frame': [ '7.26.2' ],
35 silly audit   '@babel/compat-data': [ '7.26.2' ],
35 silly audit   '@babel/core': [ '7.26.0' ],
35 silly audit   '@babel/generator': [ '7.26.2' ],
35 silly audit   '@babel/helper-compilation-targets': [ '7.25.9' ],
35 silly audit   '@babel/helper-module-imports': [ '7.25.9' ],
35 silly audit   '@babel/helper-module-transforms': [ '7.26.0' ],
35 silly audit   '@babel/helper-plugin-utils': [ '7.25.9' ],
35 silly audit   '@babel/helper-string-parser': [ '7.25.9' ],
35 silly audit   '@babel/helper-validator-identifier': [ '7.25.9' ],
35 silly audit   '@babel/helper-validator-option': [ '7.25.9' ],
35 silly audit   '@babel/helpers': [ '7.26.0' ],
35 silly audit   '@babel/parser': [ '7.26.2' ],
35 silly audit   '@babel/plugin-transform-react-jsx-self': [ '7.25.9' ],
35 silly audit   '@babel/plugin-transform-react-jsx-source': [ '7.25.9' ],
35 silly audit   '@babel/runtime': [ '7.26.0' ],
35 silly audit   '@babel/template': [ '7.25.9' ],
35 silly audit   '@babel/traverse': [ '7.25.9' ],
35 silly audit   globals: [ '11.12.0', '14.0.0', '15.12.0' ],
35 silly audit   '@babel/types': [ '7.26.0' ],
35 silly audit   '@emotion/is-prop-valid': [ '1.2.2' ],
35 silly audit   '@emotion/memoize': [ '0.8.1' ],
35 silly audit   '@emotion/unitless': [ '0.8.1' ],
35 silly audit   '@esbuild/aix-ppc64': [ '0.21.5' ],
35 silly audit   '@esbuild/android-arm': [ '0.21.5' ],
35 silly audit   '@esbuild/android-arm64': [ '0.21.5' ],
35 silly audit   '@esbuild/android-x64': [ '0.21.5' ],
35 silly audit   '@esbuild/darwin-arm64': [ '0.21.5' ],
35 silly audit   '@esbuild/darwin-x64': [ '0.21.5' ],
35 silly audit   '@esbuild/freebsd-arm64': [ '0.21.5' ],
35 silly audit   '@esbuild/freebsd-x64': [ '0.21.5' ],
35 silly audit   '@esbuild/linux-arm': [ '0.21.5' ],
35 silly audit   '@esbuild/linux-arm64': [ '0.21.5' ],
35 silly audit   '@esbuild/linux-ia32': [ '0.21.5' ],
35 silly audit   '@esbuild/linux-loong64': [ '0.21.5' ],
35 silly audit   '@esbuild/linux-mips64el': [ '0.21.5' ],
35 silly audit   '@esbuild/linux-ppc64': [ '0.21.5' ],
35 silly audit   '@esbuild/linux-riscv64': [ '0.21.5' ],
35 silly audit   '@esbuild/linux-s390x': [ '0.21.5' ],
35 silly audit   '@esbuild/linux-x64': [ '0.21.5' ],
35 silly audit   '@esbuild/netbsd-x64': [ '0.21.5' ],
35 silly audit   '@esbuild/openbsd-x64': [ '0.21.5' ],
35 silly audit   '@esbuild/sunos-x64': [ '0.21.5' ],
35 silly audit   '@esbuild/win32-arm64': [ '0.21.5' ],
35 silly audit   '@esbuild/win32-ia32': [ '0.21.5' ],
35 silly audit   '@esbuild/win32-x64': [ '0.21.5' ],
35 silly audit   '@eslint-community/eslint-utils': [ '4.4.1' ],
35 silly audit   'eslint-visitor-keys': [ '3.4.3', '4.2.0' ],
35 silly audit   '@eslint-community/regexpp': [ '4.12.1' ],
35 silly audit   '@eslint/config-array': [ '0.18.0' ],
35 silly audit   '@eslint/core': [ '0.7.0' ],
35 silly audit   '@eslint/eslintrc': [ '3.1.0' ],
35 silly audit   '@eslint/js': [ '9.14.0' ],
35 silly audit   '@eslint/object-schema': [ '2.1.4' ],
35 silly audit   '@eslint/plugin-kit': [ '0.2.3' ],
35 silly audit   '@humanfs/core': [ '0.19.1' ],
35 silly audit   '@humanfs/node': [ '0.16.6' ],
35 silly audit   '@humanwhocodes/retry': [ '0.3.1', '0.4.1' ],
35 silly audit   '@humanwhocodes/module-importer': [ '1.0.1' ],
35 silly audit   '@jridgewell/gen-mapping': [ '0.3.5' ],
35 silly audit   '@jridgewell/resolve-uri': [ '3.1.2' ],
35 silly audit   '@jridgewell/set-array': [ '1.2.1' ],
35 silly audit   '@jridgewell/sourcemap-codec': [ '1.5.0' ],
35 silly audit   '@jridgewell/trace-mapping': [ '0.3.25' ],
35 silly audit   '@mediapipe/tasks-vision': [ '0.10.8' ],
35 silly audit   '@monogrid/gainmap-js': [ '3.0.6' ],
35 silly audit   '@react-spring/animated': [ '9.6.1' ],
35 silly audit   '@react-spring/core': [ '9.6.1' ],
35 silly audit   '@react-spring/rafz': [ '9.6.1' ],
35 silly audit   '@react-spring/shared': [ '9.6.1' ],
35 silly audit   '@react-spring/three': [ '9.6.1' ],
35 silly audit   '@react-spring/types': [ '9.6.1' ],
35 silly audit   '@react-three/drei': [ '9.115.0' ],
35 silly audit   '@react-three/fiber': [ '8.17.10' ],
35 silly audit   scheduler: [ '0.21.0', '0.23.2' ],
35 silly audit   '@rollup/rollup-android-arm-eabi': [ '4.24.4' ],
35 silly audit   '@rollup/rollup-android-arm64': [ '4.24.4' ],
35 silly audit   '@rollup/rollup-darwin-arm64': [ '4.24.4' ],
35 silly audit   '@rollup/rollup-darwin-x64': [ '4.24.4' ],
35 silly audit   '@rollup/rollup-freebsd-arm64': [ '4.24.4' ],
35 silly audit   '@rollup/rollup-freebsd-x64': [ '4.24.4' ],
35 silly audit   '@rollup/rollup-linux-arm-gnueabihf': [ '4.24.4' ],
35 silly audit   '@rollup/rollup-linux-arm-musleabihf': [ '4.24.4' ],
35 silly audit   '@rollup/rollup-linux-arm64-gnu': [ '4.24.4' ],
35 silly audit   '@rollup/rollup-linux-arm64-musl': [ '4.24.4' ],
35 silly audit   '@rollup/rollup-linux-powerpc64le-gnu': [ '4.24.4' ],
35 silly audit   '@rollup/rollup-linux-riscv64-gnu': [ '4.24.4' ],
35 silly audit   '@rollup/rollup-linux-s390x-gnu': [ '4.24.4' ],
35 silly audit   '@rollup/rollup-linux-x64-gnu': [ '4.24.4' ],
35 silly audit   '@rollup/rollup-linux-x64-musl': [ '4.24.4' ],
35 silly audit   '@rollup/rollup-win32-arm64-msvc': [ '4.24.4' ],
35 silly audit   '@rollup/rollup-win32-ia32-msvc': [ '4.24.4' ],
35 silly audit   '@rollup/rollup-win32-x64-msvc': [ '4.24.4' ],
35 silly audit   '@tweenjs/tween.js': [ '23.1.3' ],
35 silly audit   '@types/babel__core': [ '7.20.5' ],
35 silly audit   '@types/babel__generator': [ '7.6.8' ],
35 silly audit   '@types/babel__template': [ '7.4.4' ],
35 silly audit   '@types/babel__traverse': [ '7.20.6' ],
35 silly audit   '@types/debounce': [ '1.2.4' ],
35 silly audit   '@types/draco3d': [ '1.4.10' ],
35 silly audit   '@types/estree': [ '1.0.6' ],
35 silly audit   '@types/json-schema': [ '7.0.15' ],
35 silly audit   '@types/offscreencanvas': [ '2019.7.3' ],
35 silly audit   '@types/prop-types': [ '15.7.13' ],
35 silly audit   '@types/react': [ '18.3.12' ],
35 silly audit   '@types/react-dom': [ '18.3.1' ],
35 silly audit   '@types/react-reconciler': [ '0.26.7', '0.28.8' ],
35 silly audit   '@types/stats.js': [ '0.17.3' ],
35 silly audit   '@types/stylis': [ '4.2.5' ],
35 silly audit   '@types/three': [ '0.169.0' ],
35 silly audit   '@types/webxr': [ '0.5.20' ],
35 silly audit   '@use-gesture/core': [ '10.3.1' ],
35 silly audit   '@use-gesture/react': [ '10.3.1' ],
35 silly audit   '@vitejs/plugin-react': [ '4.3.3' ],
35 silly audit   '@webgpu/types': [ '0.1.51' ],
35 silly audit   acorn: [ '8.14.0' ],
35 silly audit   'acorn-jsx': [ '5.3.2' ],
35 silly audit   ajv: [ '6.12.6' ],
35 silly audit   'ansi-styles': [ '4.3.0' ],
35 silly audit   argparse: [ '2.0.1' ],
35 silly audit   'array-buffer-byte-length': [ '1.0.1' ],
35 silly audit   'array-includes': [ '3.1.8' ],
35 silly audit   'array.prototype.findlast': [ '1.2.5' ],
35 silly audit   'array.prototype.flat': [ '1.3.2' ],
35 silly audit   'array.prototype.flatmap': [ '1.3.2' ],
35 silly audit   'array.prototype.tosorted': [ '1.1.4' ],
35 silly audit   'arraybuffer.prototype.slice': [ '1.0.3' ],
35 silly audit   'available-typed-arrays': [ '1.0.7' ],
35 silly audit   'balanced-match': [ '1.0.2' ],
35 silly audit   'base64-js': [ '1.5.1' ],
35 silly audit   'bidi-js': [ '1.0.3' ],
35 silly audit   'brace-expansion': [ '1.1.11' ],
35 silly audit   browserslist: [ '4.24.2' ],
35 silly audit   buffer: [ '6.0.3' ],
35 silly audit   'call-bind': [ '1.0.7' ],
35 silly audit   callsites: [ '3.1.0' ],
35 silly audit   camelize: [ '1.0.1' ],
35 silly audit   'camera-controls': [ '2.9.0' ],
35 silly audit   'caniuse-lite': [ '1.0.30001679' ],
35 silly audit   chalk: [ '4.1.2' ],
35 silly audit   'color-convert': [ '2.0.1' ],
35 silly audit   'color-name': [ '1.1.4' ],
35 silly audit   'concat-map': [ '0.0.1' ],
35 silly audit   'convert-source-map': [ '2.0.0' ],
35 silly audit   'cross-env': [ '7.0.3' ],
35 silly audit   'cross-spawn': [ '7.0.5' ],
35 silly audit   'css-color-keywords': [ '1.0.0' ],
35 silly audit   'css-to-react-native': [ '3.2.0' ],
35 silly audit   csstype: [ '3.1.3' ],
35 silly audit   'data-view-buffer': [ '1.0.1' ],
35 silly audit   'data-view-byte-length': [ '1.0.1' ],
35 silly audit   'data-view-byte-offset': [ '1.0.0' ],
35 silly audit   debounce: [ '1.2.1' ],
35 silly audit   debug: [ '4.3.7' ],
35 silly audit   'deep-is': [ '0.1.4' ],
35 silly audit   'define-data-property': [ '1.1.4' ],
35 silly audit   'define-properties': [ '1.2.1' ],
35 silly audit   'detect-gpu': [ '5.0.55' ],
35 silly audit   doctrine: [ '2.1.0' ],
35 silly audit   draco3d: [ '1.5.7' ],
35 silly audit   'electron-to-chromium': [ '1.5.55' ],
35 silly audit   'es-abstract': [ '1.23.3' ],
35 silly audit   'es-define-property': [ '1.0.0' ],
35 silly audit   'es-errors': [ '1.3.0' ],
35 silly audit   'es-iterator-helpers': [ '1.2.0' ],
35 silly audit   'es-object-atoms': [ '1.0.0' ],
35 silly audit   'es-set-tostringtag': [ '2.0.3' ],
35 silly audit   'es-shim-unscopables': [ '1.0.2' ],
35 silly audit   'es-to-primitive': [ '1.2.1' ],
35 silly audit   esbuild: [ '0.21.5' ],
35 silly audit   escalade: [ '3.2.0' ],
35 silly audit   'escape-string-regexp': [ '4.0.0' ],
35 silly audit   eslint: [ '9.14.0' ],
35 silly audit   'eslint-plugin-react': [ '7.37.2' ],
35 silly audit   'eslint-plugin-react-hooks': [ '5.0.0' ],
35 silly audit   'eslint-plugin-react-refresh': [ '0.4.14' ],
35 silly audit   'eslint-scope': [ '8.2.0' ],
35 silly audit   espree: [ '10.3.0' ],
35 silly audit   esquery: [ '1.6.0' ],
35 silly audit   esrecurse: [ '4.3.0' ],
35 silly audit   estraverse: [ '5.3.0' ],
35 silly audit   esutils: [ '2.0.3' ],
35 silly audit   'fast-deep-equal': [ '3.1.3' ],
35 silly audit   'fast-json-stable-stringify': [ '2.1.0' ],
35 silly audit   'fast-levenshtein': [ '2.0.6' ],
35 silly audit   fflate: [ '0.8.2', '0.6.10' ],
35 silly audit   'file-entry-cache': [ '8.0.0' ],
35 silly audit   'find-up': [ '5.0.0' ],
35 silly audit   'flat-cache': [ '4.0.1' ],
35 silly audit   flatted: [ '3.3.1' ],
35 silly audit   'for-each': [ '0.3.3' ],
35 silly audit   fsevents: [ '2.3.3' ],
35 silly audit   'function-bind': [ '1.1.2' ],
35 silly audit   'function.prototype.name': [ '1.1.6' ],
35 silly audit   'functions-have-names': [ '1.2.3' ],
35 silly audit   gensync: [ '1.0.0-beta.2' ],
35 silly audit   'get-intrinsic': [ '1.2.4' ],
35 silly audit   'get-symbol-description': [ '1.0.2' ],
35 silly audit   'glob-parent': [ '6.0.2' ],
35 silly audit   globalthis: [ '1.0.4' ],
35 silly audit   'glsl-noise': [ '0.0.0' ],
35 silly audit   gopd: [ '1.0.1' ],
35 silly audit   'has-bigints': [ '1.0.2' ],
35 silly audit   'has-flag': [ '4.0.0' ],
35 silly audit   'has-property-descriptors': [ '1.0.2' ],
35 silly audit   'has-proto': [ '1.0.3' ],
35 silly audit   'has-symbols': [ '1.0.3' ],
35 silly audit   'has-tostringtag': [ '1.0.2' ],
35 silly audit   hasown: [ '2.0.2' ],
35 silly audit   'hls.js': [ '1.5.17' ],
35 silly audit   ieee754: [ '1.2.1' ],
35 silly audit   ignore: [ '5.3.2' ],
35 silly audit   immediate: [ '3.0.6' ],
35 silly audit   'import-fresh': [ '3.3.0' ],
35 silly audit   imurmurhash: [ '0.1.4' ],
35 silly audit   'internal-slot': [ '1.0.7' ],
35 silly audit   'is-array-buffer': [ '3.0.4' ],
35 silly audit   'is-async-function': [ '2.0.0' ],
35 silly audit   'is-bigint': [ '1.0.4' ],
35 silly audit   'is-boolean-object': [ '1.1.2' ],
35 silly audit   'is-callable': [ '1.2.7' ],
35 silly audit   'is-core-module': [ '2.15.1' ],
35 silly audit   'is-data-view': [ '1.0.1' ],
35 silly audit   'is-date-object': [ '1.0.5' ],
35 silly audit   'is-extglob': [ '2.1.1' ],
35 silly audit   'is-finalizationregistry': [ '1.0.2' ],
35 silly audit   'is-generator-function': [ '1.0.10' ],
35 silly audit   'is-glob': [ '4.0.3' ],
35 silly audit   'is-map': [ '2.0.3' ],
35 silly audit   'is-negative-zero': [ '2.0.3' ],
35 silly audit   'is-number-object': [ '1.0.7' ],
35 silly audit   'is-promise': [ '2.2.2' ],
35 silly audit   'is-regex': [ '1.1.4' ],
35 silly audit   'is-set': [ '2.0.3' ],
35 silly audit   'is-shared-array-buffer': [ '1.0.3' ],
35 silly audit   'is-string': [ '1.0.7' ],
35 silly audit   'is-symbol': [ '1.0.4' ],
35 silly audit   'is-typed-array': [ '1.1.13' ],
35 silly audit   'is-weakmap': [ '2.0.2' ],
35 silly audit   'is-weakref': [ '1.0.2' ],
35 silly audit   'is-weakset': [ '2.0.3' ],
35 silly audit   isarray: [ '2.0.5' ],
35 silly audit   isexe: [ '2.0.0' ],
35 silly audit   'iterator.prototype': [ '1.1.3' ],
35 silly audit   'its-fine': [ '1.2.5' ],
35 silly audit   'js-tokens': [ '4.0.0' ],
35 silly audit   'js-yaml': [ '4.1.0' ],
35 silly audit   jsesc: [ '3.0.2' ],
35 silly audit   'json-buffer': [ '3.0.1' ],
35 silly audit   'json-schema-traverse': [ '0.4.1' ],
35 silly audit   'json-stable-stringify-without-jsonify': [ '1.0.1' ],
35 silly audit   json5: [ '2.2.3' ],
35 silly audit   'jsx-ast-utils': [ '3.3.5' ],
35 silly audit   keyv: [ '4.5.4' ],
35 silly audit   levn: [ '0.4.1' ],
35 silly audit   lie: [ '3.3.0' ],
35 silly audit   'locate-path': [ '6.0.0' ],
35 silly audit   'lodash.merge': [ '4.6.2' ],
35 silly audit   'loose-envify': [ '1.4.0' ],
35 silly audit   'lru-cache': [ '5.1.1' ],
35 silly audit   maath: [ '0.10.8' ],
35 silly audit   meshline: [ '3.3.1' ],
35 silly audit   meshoptimizer: [ '0.18.1' ],
35 silly audit   minimatch: [ '3.1.2' ],
35 silly audit   ms: [ '2.1.3' ],
35 silly audit   nanoid: [ '3.3.7' ],
35 silly audit   'natural-compare': [ '1.4.0' ],
35 silly audit   'node-releases': [ '2.0.18' ],
35 silly audit   'object-assign': [ '4.1.1' ],
35 silly audit   'object-inspect': [ '1.13.2' ],
35 silly audit   'object-keys': [ '1.1.1' ],
35 silly audit   'object.assign': [ '4.1.5' ],
35 silly audit   'object.entries': [ '1.1.8' ],
35 silly audit   'object.fromentries': [ '2.0.8' ],
35 silly audit   'object.values': [ '1.2.0' ],
35 silly audit   optionator: [ '0.9.4' ],
35 silly audit   'p-limit': [ '3.1.0' ],
35 silly audit   'p-locate': [ '5.0.0' ],
35 silly audit   'parent-module': [ '1.0.1' ],
35 silly audit   'path-exists': [ '4.0.0' ],
35 silly audit   'path-key': [ '3.1.1' ],
35 silly audit   'path-parse': [ '1.0.7' ],
35 silly audit   picocolors: [ '1.1.1' ],
35 silly audit   'possible-typed-array-names': [ '1.0.0' ],
35 silly audit   postcss: [ '8.4.47', '8.4.38' ],
35 silly audit   'postcss-value-parser': [ '4.2.0' ],
35 silly audit   potpack: [ '1.0.2' ],
35 silly audit   'prelude-ls': [ '1.2.1' ],
35 silly audit   'promise-worker-transferable': [ '1.0.4' ],
35 silly audit   'prop-types': [ '15.8.1' ],
35 silly audit   punycode: [ '2.3.1' ],
35 silly audit   react: [ '18.3.1' ],
35 silly audit   'react-composer': [ '5.0.3' ],
35 silly audit   'react-dom': [ '18.3.1' ],
35 silly audit   'react-is': [ '16.13.1' ],
35 silly audit   'react-reconciler': [ '0.27.0' ],
35 silly audit   'react-refresh': [ '0.14.2' ],
35 silly audit   'reflect.getprototypeof': [ '1.0.6' ],
35 silly audit   'regenerator-runtime': [ '0.14.1' ],
35 silly audit   'regexp.prototype.flags': [ '1.5.3' ],
35 silly audit   'require-from-string': [ '2.0.2' ],
35 silly audit   resolve: [ '2.0.0-next.5' ],
35 silly audit   'resolve-from': [ '4.0.0' ],
35 silly audit   rollup: [ '4.24.4' ],
35 silly audit   'safe-array-concat': [ '1.1.2' ],
35 silly audit   'safe-regex-test': [ '1.0.3' ],
35 silly audit   semver: [ '6.3.1' ],
35 silly audit   'set-function-length': [ '1.2.2' ],
35 silly audit   'set-function-name': [ '2.0.2' ],
35 silly audit   shallowequal: [ '1.1.0' ],
35 silly audit   'shebang-command': [ '2.0.0' ],
35 silly audit   'shebang-regex': [ '3.0.0' ],
35 silly audit   'side-channel': [ '1.0.6' ],
35 silly audit   'source-map-js': [ '1.2.1' ],
35 silly audit   'stats-gl': [ '2.4.2' ],
35 silly audit   'stats.js': [ '0.17.0' ],
35 silly audit   'string.prototype.matchall': [ '4.0.11' ],
35 silly audit   'string.prototype.repeat': [ '1.0.0' ],
35 silly audit   'string.prototype.trim': [ '1.2.9' ],
35 silly audit   'string.prototype.trimend': [ '1.0.8' ],
35 silly audit   'string.prototype.trimstart': [ '1.0.8' ],
35 silly audit   'strip-json-comments': [ '3.1.1' ],
35 silly audit   'styled-components': [ '6.1.13' ],
35 silly audit   stylis: [ '4.3.2' ],
35 silly audit   'supports-color': [ '7.2.0' ],
35 silly audit   'supports-preserve-symlinks-flag': [ '1.0.0' ],
35 silly audit   'suspend-react': [ '0.1.3' ],
35 silly audit   'text-table': [ '0.2.0' ],
35 silly audit   three: [ '0.170.0' ],
35 silly audit   'three-mesh-bvh': [ '0.7.8' ],
35 silly audit   'three-stdlib': [ '2.34.0' ],
35 silly audit   'troika-three-text': [ '0.49.1' ],
35 silly audit   'troika-three-utils': [ '0.49.0' ],
35 silly audit   'troika-worker-utils': [ '0.49.0' ],
35 silly audit   tslib: [ '2.6.2' ],
35 silly audit   'tunnel-rat': [ '0.1.2' ],
35 silly audit   zustand: [ '4.5.5', '3.7.2' ],
35 silly audit   'type-check': [ '0.4.0' ],
35 silly audit   'typed-array-buffer': [ '1.0.2' ],
35 silly audit   'typed-array-byte-length': [ '1.0.1' ],
35 silly audit   'typed-array-byte-offset': [ '1.0.2' ],
35 silly audit   'typed-array-length': [ '1.0.6' ],
35 silly audit   'unbox-primitive': [ '1.0.2' ],
35 silly audit   'update-browserslist-db': [ '1.1.1' ],
35 silly audit   'uri-js': [ '4.4.1' ],
35 silly audit   'use-sync-external-store': [ '1.2.2' ],
35 silly audit   'utility-types': [ '3.11.0' ],
35 silly audit   uuid: [ '9.0.1' ],
35 silly audit   vite: [ '5.4.10' ],
35 silly audit   'webgl-constants': [ '1.1.1' ],
35 silly audit   'webgl-sdf-generator': [ '1.1.1' ],
35 silly audit   which: [ '2.0.2' ],
35 silly audit   'which-boxed-primitive': [ '1.0.2' ],
35 silly audit   'which-builtin-type': [ '1.1.4' ],
35 silly audit   'which-collection': [ '1.0.2' ],
35 silly audit   'which-typed-array': [ '1.1.15' ],
35 silly audit   'word-wrap': [ '1.2.5' ],
35 silly audit   yallist: [ '3.1.1' ],
35 silly audit   'yocto-queue': [ '0.1.0' ]
35 silly audit }
36 http fetch POST 200 https://registry.npmjs.org/-/npm/v1/security/advisories/bulk 296ms
37 timing auditReport:getReport Completed in 306ms
38 silly audit report {
38 silly audit report   nanoid: [
38 silly audit report     {
38 silly audit report       id: 1101092,
38 silly audit report       url: 'https://github.com/advisories/GHSA-mwcw-c2x4-8c55',
38 silly audit report       title: 'Infinite loop in nanoid',
38 silly audit report       severity: 'low',
38 silly audit report       vulnerable_versions: '<3.3.8',
38 silly audit report       cwe: [Array],
38 silly audit report       cvss: [Object]
38 silly audit report     }
38 silly audit report   ]
38 silly audit report }
39 timing metavuln:cache:get:security-advisory:nanoid:KJ/C4PiPXbJ+Ow8TakTFAEDmC7suFskdnCw/We069JsU6dF/tBX3FBTk7/ABGKMYyz7HdP4T7xsysHAeeCqQ/A== Completed in 8ms
40 http fetch GET 200 https://registry.npmjs.org/nanoid 19ms (cache hit)
41 timing metavuln:packument:nanoid Completed in 22ms
42 timing metavuln:load:security-advisory:nanoid:1101092 Completed in 2ms
43 timing metavuln:calculate:security-advisory:nanoid:1101092 Completed in 26ms
44 timing metavuln:cache:get:security-advisory:postcss:J/hBfRBFdrMlB5zEUo/IEBpMGPdoA12Uc3+hLIlhx/h5TNKoTqFgZFqt/BygzAwfJUSFAYyn+RPPcJ6Yq/zjJQ== Completed in 3ms
45 http fetch GET 200 https://registry.npmjs.org/postcss 9ms (cache hit)
46 timing metavuln:packument:postcss Completed in 17ms
47 timing metavuln:load:security-advisory:postcss:KJ/C4PiPXbJ+Ow8TakTFAEDmC7suFskdnCw/We069JsU6dF/tBX3FBTk7/ABGKMYyz7HdP4T7xsysHAeeCqQ/A== Completed in 1ms
48 timing metavuln:calculate:security-advisory:postcss:KJ/C4PiPXbJ+Ow8TakTFAEDmC7suFskdnCw/We069JsU6dF/tBX3FBTk7/ABGKMYyz7HdP4T7xsysHAeeCqQ/A== Completed in 20ms
49 timing auditReport:init Completed in 51ms
50 timing audit Completed in 663ms
51 timing idealTree:init Completed in 6ms
52 timing idealTree:userRequests Completed in 2ms
53 silly idealTree buildDeps
54 timing idealTree:#root Completed in 2ms
55 silly fetch manifest nanoid@^3.3.7
56 silly placeDep ROOT nanoid@3.3.8 REPLACE for: postcss@8.4.47 want: ^3.3.7
57 timing idealTree:node_modules/postcss Completed in 14ms
58 timing idealTree:node_modules/nanoid Completed in 0ms
59 timing idealTree:node_modules/styled-components/node_modules/postcss Completed in 0ms
60 timing idealTree:buildDeps Completed in 18ms
61 timing idealTree:fixDepFlags Completed in 5ms
62 timing idealTree Completed in 36ms
63 timing arborist:ctor Completed in 1ms
64 timing reify:loadTrees Completed in 222ms
65 timing reify:diffTrees Completed in 8ms
66 silly reify mark retired [
66 silly reify   '/home/alan-omam/Scrivania/test/WORK/react-side/node_modules/nanoid',
66 silly reify   '/home/alan-omam/Scrivania/test/WORK/react-side/node_modules/.bin/nanoid'
66 silly reify ]
67 silly reify moves {
67 silly reify   '/home/alan-omam/Scrivania/test/WORK/react-side/node_modules/nanoid': '/home/alan-omam/Scrivania/test/WORK/react-side/node_modules/.nanoid-Cd1SkwTq',
67 silly reify   '/home/alan-omam/Scrivania/test/WORK/react-side/node_modules/.bin/nanoid': '/home/alan-omam/Scrivania/test/WORK/react-side/node_modules/.bin/.nanoid-3qp1ClCB'
67 silly reify }
68 timing reify:retireShallow Completed in 3ms
69 timing reify:createSparse Completed in 3ms
70 timing reify:loadBundles Completed in 0ms
71 silly audit bulk request {
71 silly audit   '@ampproject/remapping': [ '2.3.0' ],
71 silly audit   '@babel/code-frame': [ '7.26.2' ],
71 silly audit   '@babel/compat-data': [ '7.26.2' ],
71 silly audit   '@babel/core': [ '7.26.0' ],
71 silly audit   '@babel/generator': [ '7.26.2' ],
71 silly audit   '@babel/helper-compilation-targets': [ '7.25.9' ],
71 silly audit   '@babel/helper-module-imports': [ '7.25.9' ],
71 silly audit   '@babel/helper-module-transforms': [ '7.26.0' ],
71 silly audit   '@babel/helper-plugin-utils': [ '7.25.9' ],
71 silly audit   '@babel/helper-string-parser': [ '7.25.9' ],
71 silly audit   '@babel/helper-validator-identifier': [ '7.25.9' ],
71 silly audit   '@babel/helper-validator-option': [ '7.25.9' ],
71 silly audit   '@babel/helpers': [ '7.26.0' ],
71 silly audit   '@babel/parser': [ '7.26.2' ],
71 silly audit   '@babel/plugin-transform-react-jsx-self': [ '7.25.9' ],
71 silly audit   '@babel/plugin-transform-react-jsx-source': [ '7.25.9' ],
71 silly audit   '@babel/runtime': [ '7.26.0' ],
71 silly audit   '@babel/template': [ '7.25.9' ],
71 silly audit   '@babel/traverse': [ '7.25.9' ],
71 silly audit   globals: [ '11.12.0', '14.0.0', '15.12.0' ],
71 silly audit   '@babel/types': [ '7.26.0' ],
71 silly audit   '@emotion/is-prop-valid': [ '1.2.2' ],
71 silly audit   '@emotion/memoize': [ '0.8.1' ],
71 silly audit   '@emotion/unitless': [ '0.8.1' ],
71 silly audit   '@esbuild/aix-ppc64': [ '0.21.5' ],
71 silly audit   '@esbuild/android-arm': [ '0.21.5' ],
71 silly audit   '@esbuild/android-arm64': [ '0.21.5' ],
71 silly audit   '@esbuild/android-x64': [ '0.21.5' ],
71 silly audit   '@esbuild/darwin-arm64': [ '0.21.5' ],
71 silly audit   '@esbuild/darwin-x64': [ '0.21.5' ],
71 silly audit   '@esbuild/freebsd-arm64': [ '0.21.5' ],
71 silly audit   '@esbuild/freebsd-x64': [ '0.21.5' ],
71 silly audit   '@esbuild/linux-arm': [ '0.21.5' ],
71 silly audit   '@esbuild/linux-arm64': [ '0.21.5' ],
71 silly audit   '@esbuild/linux-ia32': [ '0.21.5' ],
71 silly audit   '@esbuild/linux-loong64': [ '0.21.5' ],
71 silly audit   '@esbuild/linux-mips64el': [ '0.21.5' ],
71 silly audit   '@esbuild/linux-ppc64': [ '0.21.5' ],
71 silly audit   '@esbuild/linux-riscv64': [ '0.21.5' ],
71 silly audit   '@esbuild/linux-s390x': [ '0.21.5' ],
71 silly audit   '@esbuild/linux-x64': [ '0.21.5' ],
71 silly audit   '@esbuild/netbsd-x64': [ '0.21.5' ],
71 silly audit   '@esbuild/openbsd-x64': [ '0.21.5' ],
71 silly audit   '@esbuild/sunos-x64': [ '0.21.5' ],
71 silly audit   '@esbuild/win32-arm64': [ '0.21.5' ],
71 silly audit   '@esbuild/win32-ia32': [ '0.21.5' ],
71 silly audit   '@esbuild/win32-x64': [ '0.21.5' ],
71 silly audit   '@eslint-community/eslint-utils': [ '4.4.1' ],
71 silly audit   'eslint-visitor-keys': [ '3.4.3', '4.2.0' ],
71 silly audit   '@eslint-community/regexpp': [ '4.12.1' ],
71 silly audit   '@eslint/config-array': [ '0.18.0' ],
71 silly audit   '@eslint/core': [ '0.7.0' ],
71 silly audit   '@eslint/eslintrc': [ '3.1.0' ],
71 silly audit   '@eslint/js': [ '9.14.0' ],
71 silly audit   '@eslint/object-schema': [ '2.1.4' ],
71 silly audit   '@eslint/plugin-kit': [ '0.2.3' ],
71 silly audit   '@humanfs/core': [ '0.19.1' ],
71 silly audit   '@humanfs/node': [ '0.16.6' ],
71 silly audit   '@humanwhocodes/retry': [ '0.3.1', '0.4.1' ],
71 silly audit   '@humanwhocodes/module-importer': [ '1.0.1' ],
71 silly audit   '@jridgewell/gen-mapping': [ '0.3.5' ],
71 silly audit   '@jridgewell/resolve-uri': [ '3.1.2' ],
71 silly audit   '@jridgewell/set-array': [ '1.2.1' ],
71 silly audit   '@jridgewell/sourcemap-codec': [ '1.5.0' ],
71 silly audit   '@jridgewell/trace-mapping': [ '0.3.25' ],
71 silly audit   '@mediapipe/tasks-vision': [ '0.10.8' ],
71 silly audit   '@monogrid/gainmap-js': [ '3.0.6' ],
71 silly audit   '@react-spring/animated': [ '9.6.1' ],
71 silly audit   '@react-spring/core': [ '9.6.1' ],
71 silly audit   '@react-spring/rafz': [ '9.6.1' ],
71 silly audit   '@react-spring/shared': [ '9.6.1' ],
71 silly audit   '@react-spring/three': [ '9.6.1' ],
71 silly audit   '@react-spring/types': [ '9.6.1' ],
71 silly audit   '@react-three/drei': [ '9.115.0' ],
71 silly audit   '@react-three/fiber': [ '8.17.10' ],
71 silly audit   scheduler: [ '0.21.0', '0.23.2' ],
71 silly audit   '@rollup/rollup-android-arm-eabi': [ '4.24.4' ],
71 silly audit   '@rollup/rollup-android-arm64': [ '4.24.4' ],
71 silly audit   '@rollup/rollup-darwin-arm64': [ '4.24.4' ],
71 silly audit   '@rollup/rollup-darwin-x64': [ '4.24.4' ],
71 silly audit   '@rollup/rollup-freebsd-arm64': [ '4.24.4' ],
71 silly audit   '@rollup/rollup-freebsd-x64': [ '4.24.4' ],
71 silly audit   '@rollup/rollup-linux-arm-gnueabihf': [ '4.24.4' ],
71 silly audit   '@rollup/rollup-linux-arm-musleabihf': [ '4.24.4' ],
71 silly audit   '@rollup/rollup-linux-arm64-gnu': [ '4.24.4' ],
71 silly audit   '@rollup/rollup-linux-arm64-musl': [ '4.24.4' ],
71 silly audit   '@rollup/rollup-linux-powerpc64le-gnu': [ '4.24.4' ],
71 silly audit   '@rollup/rollup-linux-riscv64-gnu': [ '4.24.4' ],
71 silly audit   '@rollup/rollup-linux-s390x-gnu': [ '4.24.4' ],
71 silly audit   '@rollup/rollup-linux-x64-gnu': [ '4.24.4' ],
71 silly audit   '@rollup/rollup-linux-x64-musl': [ '4.24.4' ],
71 silly audit   '@rollup/rollup-win32-arm64-msvc': [ '4.24.4' ],
71 silly audit   '@rollup/rollup-win32-ia32-msvc': [ '4.24.4' ],
71 silly audit   '@rollup/rollup-win32-x64-msvc': [ '4.24.4' ],
71 silly audit   '@tweenjs/tween.js': [ '23.1.3' ],
71 silly audit   '@types/babel__core': [ '7.20.5' ],
71 silly audit   '@types/babel__generator': [ '7.6.8' ],
71 silly audit   '@types/babel__template': [ '7.4.4' ],
71 silly audit   '@types/babel__traverse': [ '7.20.6' ],
71 silly audit   '@types/debounce': [ '1.2.4' ],
71 silly audit   '@types/draco3d': [ '1.4.10' ],
71 silly audit   '@types/estree': [ '1.0.6' ],
71 silly audit   '@types/json-schema': [ '7.0.15' ],
71 silly audit   '@types/offscreencanvas': [ '2019.7.3' ],
71 silly audit   '@types/prop-types': [ '15.7.13' ],
71 silly audit   '@types/react': [ '18.3.12' ],
71 silly audit   '@types/react-dom': [ '18.3.1' ],
71 silly audit   '@types/react-reconciler': [ '0.26.7', '0.28.8' ],
71 silly audit   '@types/stats.js': [ '0.17.3' ],
71 silly audit   '@types/stylis': [ '4.2.5' ],
71 silly audit   '@types/three': [ '0.169.0' ],
71 silly audit   '@types/webxr': [ '0.5.20' ],
71 silly audit   '@use-gesture/core': [ '10.3.1' ],
71 silly audit   '@use-gesture/react': [ '10.3.1' ],
71 silly audit   '@vitejs/plugin-react': [ '4.3.3' ],
71 silly audit   '@webgpu/types': [ '0.1.51' ],
71 silly audit   acorn: [ '8.14.0' ],
71 silly audit   'acorn-jsx': [ '5.3.2' ],
71 silly audit   ajv: [ '6.12.6' ],
71 silly audit   'ansi-styles': [ '4.3.0' ],
71 silly audit   argparse: [ '2.0.1' ],
71 silly audit   'array-buffer-byte-length': [ '1.0.1' ],
71 silly audit   'array-includes': [ '3.1.8' ],
71 silly audit   'array.prototype.findlast': [ '1.2.5' ],
71 silly audit   'array.prototype.flat': [ '1.3.2' ],
71 silly audit   'array.prototype.flatmap': [ '1.3.2' ],
71 silly audit   'array.prototype.tosorted': [ '1.1.4' ],
71 silly audit   'arraybuffer.prototype.slice': [ '1.0.3' ],
71 silly audit   'available-typed-arrays': [ '1.0.7' ],
71 silly audit   'balanced-match': [ '1.0.2' ],
71 silly audit   'base64-js': [ '1.5.1' ],
71 silly audit   'bidi-js': [ '1.0.3' ],
71 silly audit   'brace-expansion': [ '1.1.11' ],
71 silly audit   browserslist: [ '4.24.2' ],
71 silly audit   buffer: [ '6.0.3' ],
71 silly audit   'call-bind': [ '1.0.7' ],
71 silly audit   callsites: [ '3.1.0' ],
71 silly audit   camelize: [ '1.0.1' ],
71 silly audit   'camera-controls': [ '2.9.0' ],
71 silly audit   'caniuse-lite': [ '1.0.30001679' ],
71 silly audit   chalk: [ '4.1.2' ],
71 silly audit   'color-convert': [ '2.0.1' ],
71 silly audit   'color-name': [ '1.1.4' ],
71 silly audit   'concat-map': [ '0.0.1' ],
71 silly audit   'convert-source-map': [ '2.0.0' ],
71 silly audit   'cross-env': [ '7.0.3' ],
71 silly audit   'cross-spawn': [ '7.0.5' ],
71 silly audit   'css-color-keywords': [ '1.0.0' ],
71 silly audit   'css-to-react-native': [ '3.2.0' ],
71 silly audit   csstype: [ '3.1.3' ],
71 silly audit   'data-view-buffer': [ '1.0.1' ],
71 silly audit   'data-view-byte-length': [ '1.0.1' ],
71 silly audit   'data-view-byte-offset': [ '1.0.0' ],
71 silly audit   debounce: [ '1.2.1' ],
71 silly audit   debug: [ '4.3.7' ],
71 silly audit   'deep-is': [ '0.1.4' ],
71 silly audit   'define-data-property': [ '1.1.4' ],
71 silly audit   'define-properties': [ '1.2.1' ],
71 silly audit   'detect-gpu': [ '5.0.55' ],
71 silly audit   doctrine: [ '2.1.0' ],
71 silly audit   draco3d: [ '1.5.7' ],
71 silly audit   'electron-to-chromium': [ '1.5.55' ],
71 silly audit   'es-abstract': [ '1.23.3' ],
71 silly audit   'es-define-property': [ '1.0.0' ],
71 silly audit   'es-errors': [ '1.3.0' ],
71 silly audit   'es-iterator-helpers': [ '1.2.0' ],
71 silly audit   'es-object-atoms': [ '1.0.0' ],
71 silly audit   'es-set-tostringtag': [ '2.0.3' ],
71 silly audit   'es-shim-unscopables': [ '1.0.2' ],
71 silly audit   'es-to-primitive': [ '1.2.1' ],
71 silly audit   esbuild: [ '0.21.5' ],
71 silly audit   escalade: [ '3.2.0' ],
71 silly audit   'escape-string-regexp': [ '4.0.0' ],
71 silly audit   eslint: [ '9.14.0' ],
71 silly audit   'eslint-plugin-react': [ '7.37.2' ],
71 silly audit   'eslint-plugin-react-hooks': [ '5.0.0' ],
71 silly audit   'eslint-plugin-react-refresh': [ '0.4.14' ],
71 silly audit   'eslint-scope': [ '8.2.0' ],
71 silly audit   espree: [ '10.3.0' ],
71 silly audit   esquery: [ '1.6.0' ],
71 silly audit   esrecurse: [ '4.3.0' ],
71 silly audit   estraverse: [ '5.3.0' ],
71 silly audit   esutils: [ '2.0.3' ],
71 silly audit   'fast-deep-equal': [ '3.1.3' ],
71 silly audit   'fast-json-stable-stringify': [ '2.1.0' ],
71 silly audit   'fast-levenshtein': [ '2.0.6' ],
71 silly audit   fflate: [ '0.8.2', '0.6.10' ],
71 silly audit   'file-entry-cache': [ '8.0.0' ],
71 silly audit   'find-up': [ '5.0.0' ],
71 silly audit   'flat-cache': [ '4.0.1' ],
71 silly audit   flatted: [ '3.3.1' ],
71 silly audit   'for-each': [ '0.3.3' ],
71 silly audit   fsevents: [ '2.3.3' ],
71 silly audit   'function-bind': [ '1.1.2' ],
71 silly audit   'function.prototype.name': [ '1.1.6' ],
71 silly audit   'functions-have-names': [ '1.2.3' ],
71 silly audit   gensync: [ '1.0.0-beta.2' ],
71 silly audit   'get-intrinsic': [ '1.2.4' ],
71 silly audit   'get-symbol-description': [ '1.0.2' ],
71 silly audit   'glob-parent': [ '6.0.2' ],
71 silly audit   globalthis: [ '1.0.4' ],
71 silly audit   'glsl-noise': [ '0.0.0' ],
71 silly audit   gopd: [ '1.0.1' ],
71 silly audit   'has-bigints': [ '1.0.2' ],
71 silly audit   'has-flag': [ '4.0.0' ],
71 silly audit   'has-property-descriptors': [ '1.0.2' ],
71 silly audit   'has-proto': [ '1.0.3' ],
71 silly audit   'has-symbols': [ '1.0.3' ],
71 silly audit   'has-tostringtag': [ '1.0.2' ],
71 silly audit   hasown: [ '2.0.2' ],
71 silly audit   'hls.js': [ '1.5.17' ],
71 silly audit   ieee754: [ '1.2.1' ],
71 silly audit   ignore: [ '5.3.2' ],
71 silly audit   immediate: [ '3.0.6' ],
71 silly audit   'import-fresh': [ '3.3.0' ],
71 silly audit   imurmurhash: [ '0.1.4' ],
71 silly audit   'internal-slot': [ '1.0.7' ],
71 silly audit   'is-array-buffer': [ '3.0.4' ],
71 silly audit   'is-async-function': [ '2.0.0' ],
71 silly audit   'is-bigint': [ '1.0.4' ],
71 silly audit   'is-boolean-object': [ '1.1.2' ],
71 silly audit   'is-callable': [ '1.2.7' ],
71 silly audit   'is-core-module': [ '2.15.1' ],
71 silly audit   'is-data-view': [ '1.0.1' ],
71 silly audit   'is-date-object': [ '1.0.5' ],
71 silly audit   'is-extglob': [ '2.1.1' ],
71 silly audit   'is-finalizationregistry': [ '1.0.2' ],
71 silly audit   'is-generator-function': [ '1.0.10' ],
71 silly audit   'is-glob': [ '4.0.3' ],
71 silly audit   'is-map': [ '2.0.3' ],
71 silly audit   'is-negative-zero': [ '2.0.3' ],
71 silly audit   'is-number-object': [ '1.0.7' ],
71 silly audit   'is-promise': [ '2.2.2' ],
71 silly audit   'is-regex': [ '1.1.4' ],
71 silly audit   'is-set': [ '2.0.3' ],
71 silly audit   'is-shared-array-buffer': [ '1.0.3' ],
71 silly audit   'is-string': [ '1.0.7' ],
71 silly audit   'is-symbol': [ '1.0.4' ],
71 silly audit   'is-typed-array': [ '1.1.13' ],
71 silly audit   'is-weakmap': [ '2.0.2' ],
71 silly audit   'is-weakref': [ '1.0.2' ],
71 silly audit   'is-weakset': [ '2.0.3' ],
71 silly audit   isarray: [ '2.0.5' ],
71 silly audit   isexe: [ '2.0.0' ],
71 silly audit   'iterator.prototype': [ '1.1.3' ],
71 silly audit   'its-fine': [ '1.2.5' ],
71 silly audit   'js-tokens': [ '4.0.0' ],
71 silly audit   'js-yaml': [ '4.1.0' ],
71 silly audit   jsesc: [ '3.0.2' ],
71 silly audit   'json-buffer': [ '3.0.1' ],
71 silly audit   'json-schema-traverse': [ '0.4.1' ],
71 silly audit   'json-stable-stringify-without-jsonify': [ '1.0.1' ],
71 silly audit   json5: [ '2.2.3' ],
71 silly audit   'jsx-ast-utils': [ '3.3.5' ],
71 silly audit   keyv: [ '4.5.4' ],
71 silly audit   levn: [ '0.4.1' ],
71 silly audit   lie: [ '3.3.0' ],
71 silly audit   'locate-path': [ '6.0.0' ],
71 silly audit   'lodash.merge': [ '4.6.2' ],
71 silly audit   'loose-envify': [ '1.4.0' ],
71 silly audit   'lru-cache': [ '5.1.1' ],
71 silly audit   maath: [ '0.10.8' ],
71 silly audit   meshline: [ '3.3.1' ],
71 silly audit   meshoptimizer: [ '0.18.1' ],
71 silly audit   minimatch: [ '3.1.2' ],
71 silly audit   ms: [ '2.1.3' ],
71 silly audit   'natural-compare': [ '1.4.0' ],
71 silly audit   'node-releases': [ '2.0.18' ],
71 silly audit   'object-assign': [ '4.1.1' ],
71 silly audit   'object-inspect': [ '1.13.2' ],
71 silly audit   'object-keys': [ '1.1.1' ],
71 silly audit   'object.assign': [ '4.1.5' ],
71 silly audit   'object.entries': [ '1.1.8' ],
71 silly audit   'object.fromentries': [ '2.0.8' ],
71 silly audit   'object.values': [ '1.2.0' ],
71 silly audit   optionator: [ '0.9.4' ],
71 silly audit   'p-limit': [ '3.1.0' ],
71 silly audit   'p-locate': [ '5.0.0' ],
71 silly audit   'parent-module': [ '1.0.1' ],
71 silly audit   'path-exists': [ '4.0.0' ],
71 silly audit   'path-key': [ '3.1.1' ],
71 silly audit   'path-parse': [ '1.0.7' ],
71 silly audit   picocolors: [ '1.1.1' ],
71 silly audit   'possible-typed-array-names': [ '1.0.0' ],
71 silly audit   postcss: [ '8.4.47', '8.4.38' ],
71 silly audit   'postcss-value-parser': [ '4.2.0' ],
71 silly audit   potpack: [ '1.0.2' ],
71 silly audit   'prelude-ls': [ '1.2.1' ],
71 silly audit   'promise-worker-transferable': [ '1.0.4' ],
71 silly audit   'prop-types': [ '15.8.1' ],
71 silly audit   punycode: [ '2.3.1' ],
71 silly audit   react: [ '18.3.1' ],
71 silly audit   'react-composer': [ '5.0.3' ],
71 silly audit   'react-dom': [ '18.3.1' ],
71 silly audit   'react-is': [ '16.13.1' ],
71 silly audit   'react-reconciler': [ '0.27.0' ],
71 silly audit   'react-refresh': [ '0.14.2' ],
71 silly audit   'reflect.getprototypeof': [ '1.0.6' ],
71 silly audit   'regenerator-runtime': [ '0.14.1' ],
71 silly audit   'regexp.prototype.flags': [ '1.5.3' ],
71 silly audit   'require-from-string': [ '2.0.2' ],
71 silly audit   resolve: [ '2.0.0-next.5' ],
71 silly audit   'resolve-from': [ '4.0.0' ],
71 silly audit   rollup: [ '4.24.4' ],
71 silly audit   'safe-array-concat': [ '1.1.2' ],
71 silly audit   'safe-regex-test': [ '1.0.3' ],
71 silly audit   semver: [ '6.3.1' ],
71 silly audit   'set-function-length': [ '1.2.2' ],
71 silly audit   'set-function-name': [ '2.0.2' ],
71 silly audit   shallowequal: [ '1.1.0' ],
71 silly audit   'shebang-command': [ '2.0.0' ],
71 silly audit   'shebang-regex': [ '3.0.0' ],
71 silly audit   'side-channel': [ '1.0.6' ],
71 silly audit   'source-map-js': [ '1.2.1' ],
71 silly audit   'stats-gl': [ '2.4.2' ],
71 silly audit   'stats.js': [ '0.17.0' ],
71 silly audit   'string.prototype.matchall': [ '4.0.11' ],
71 silly audit   'string.prototype.repeat': [ '1.0.0' ],
71 silly audit   'string.prototype.trim': [ '1.2.9' ],
71 silly audit   'string.prototype.trimend': [ '1.0.8' ],
71 silly audit   'string.prototype.trimstart': [ '1.0.8' ],
71 silly audit   'strip-json-comments': [ '3.1.1' ],
71 silly audit   'styled-components': [ '6.1.13' ],
71 silly audit   stylis: [ '4.3.2' ],
71 silly audit   'supports-color': [ '7.2.0' ],
71 silly audit   'supports-preserve-symlinks-flag': [ '1.0.0' ],
71 silly audit   'suspend-react': [ '0.1.3' ],
71 silly audit   'text-table': [ '0.2.0' ],
71 silly audit   three: [ '0.170.0' ],
71 silly audit   'three-mesh-bvh': [ '0.7.8' ],
71 silly audit   'three-stdlib': [ '2.34.0' ],
71 silly audit   'troika-three-text': [ '0.49.1' ],
71 silly audit   'troika-three-utils': [ '0.49.0' ],
71 silly audit   'troika-worker-utils': [ '0.49.0' ],
71 silly audit   tslib: [ '2.6.2' ],
71 silly audit   'tunnel-rat': [ '0.1.2' ],
71 silly audit   zustand: [ '4.5.5', '3.7.2' ],
71 silly audit   'type-check': [ '0.4.0' ],
71 silly audit   'typed-array-buffer': [ '1.0.2' ],
71 silly audit   'typed-array-byte-length': [ '1.0.1' ],
71 silly audit   'typed-array-byte-offset': [ '1.0.2' ],
71 silly audit   'typed-array-length': [ '1.0.6' ],
71 silly audit   'unbox-primitive': [ '1.0.2' ],
71 silly audit   'update-browserslist-db': [ '1.1.1' ],
71 silly audit   'uri-js': [ '4.4.1' ],
71 silly audit   'use-sync-external-store': [ '1.2.2' ],
71 silly audit   'utility-types': [ '3.11.0' ],
71 silly audit   uuid: [ '9.0.1' ],
71 silly audit   vite: [ '5.4.10' ],
71 silly audit   'webgl-constants': [ '1.1.1' ],
71 silly audit   'webgl-sdf-generator': [ '1.1.1' ],
71 silly audit   which: [ '2.0.2' ],
71 silly audit   'which-boxed-primitive': [ '1.0.2' ],
71 silly audit   'which-builtin-type': [ '1.1.4' ],
71 silly audit   'which-collection': [ '1.0.2' ],
71 silly audit   'which-typed-array': [ '1.1.15' ],
71 silly audit   'word-wrap': [ '1.2.5' ],
71 silly audit   yallist: [ '3.1.1' ],
71 silly audit   'yocto-queue': [ '0.1.0' ],
71 silly audit   nanoid: [ '3.3.8' ]
71 silly audit }
72 verbose reify failed optional dependency /home/alan-omam/Scrivania/test/WORK/react-side/node_modules/fsevents
73 silly reify mark deleted [
73 silly reify   '/home/alan-omam/Scrivania/test/WORK/react-side/node_modules/fsevents'
73 silly reify ]
74 verbose reify failed optional dependency /home/alan-omam/Scrivania/test/WORK/react-side/node_modules/@rollup/rollup-win32-x64-msvc
75 silly reify mark deleted [
75 silly reify   '/home/alan-omam/Scrivania/test/WORK/react-side/node_modules/@rollup/rollup-win32-x64-msvc'
75 silly reify ]
76 verbose reify failed optional dependency /home/alan-omam/Scrivania/test/WORK/react-side/node_modules/@rollup/rollup-win32-ia32-msvc
77 silly reify mark deleted [
77 silly reify   '/home/alan-omam/Scrivania/test/WORK/react-side/node_modules/@rollup/rollup-win32-ia32-msvc'
77 silly reify ]
78 verbose reify failed optional dependency /home/alan-omam/Scrivania/test/WORK/react-side/node_modules/@rollup/rollup-win32-arm64-msvc
79 silly reify mark deleted [
79 silly reify   '/home/alan-omam/Scrivania/test/WORK/react-side/node_modules/@rollup/rollup-win32-arm64-msvc'
79 silly reify ]
80 verbose reify failed optional dependency /home/alan-omam/Scrivania/test/WORK/react-side/node_modules/@rollup/rollup-linux-s390x-gnu
81 silly reify mark deleted [
81 silly reify   '/home/alan-omam/Scrivania/test/WORK/react-side/node_modules/@rollup/rollup-linux-s390x-gnu'
81 silly reify ]
82 verbose reify failed optional dependency /home/alan-omam/Scrivania/test/WORK/react-side/node_modules/@rollup/rollup-linux-riscv64-gnu
83 silly reify mark deleted [
83 silly reify   '/home/alan-omam/Scrivania/test/WORK/react-side/node_modules/@rollup/rollup-linux-riscv64-gnu'
83 silly reify ]
84 verbose reify failed optional dependency /home/alan-omam/Scrivania/test/WORK/react-side/node_modules/@rollup/rollup-linux-powerpc64le-gnu
85 silly reify mark deleted [
85 silly reify   '/home/alan-omam/Scrivania/test/WORK/react-side/node_modules/@rollup/rollup-linux-powerpc64le-gnu'
85 silly reify ]
86 verbose reify failed optional dependency /home/alan-omam/Scrivania/test/WORK/react-side/node_modules/@rollup/rollup-linux-arm64-musl
87 silly reify mark deleted [
87 silly reify   '/home/alan-omam/Scrivania/test/WORK/react-side/node_modules/@rollup/rollup-linux-arm64-musl'
87 silly reify ]
88 verbose reify failed optional dependency /home/alan-omam/Scrivania/test/WORK/react-side/node_modules/@rollup/rollup-linux-arm64-gnu
89 silly reify mark deleted [
89 silly reify   '/home/alan-omam/Scrivania/test/WORK/react-side/node_modules/@rollup/rollup-linux-arm64-gnu'
89 silly reify ]
90 verbose reify failed optional dependency /home/alan-omam/Scrivania/test/WORK/react-side/node_modules/@rollup/rollup-linux-arm-musleabihf
91 silly reify mark deleted [
91 silly reify   '/home/alan-omam/Scrivania/test/WORK/react-side/node_modules/@rollup/rollup-linux-arm-musleabihf'
91 silly reify ]
92 verbose reify failed optional dependency /home/alan-omam/Scrivania/test/WORK/react-side/node_modules/@rollup/rollup-linux-arm-gnueabihf
93 silly reify mark deleted [
93 silly reify   '/home/alan-omam/Scrivania/test/WORK/react-side/node_modules/@rollup/rollup-linux-arm-gnueabihf'
93 silly reify ]
94 verbose reify failed optional dependency /home/alan-omam/Scrivania/test/WORK/react-side/node_modules/@rollup/rollup-freebsd-x64
95 silly reify mark deleted [
95 silly reify   '/home/alan-omam/Scrivania/test/WORK/react-side/node_modules/@rollup/rollup-freebsd-x64'
95 silly reify ]
96 verbose reify failed optional dependency /home/alan-omam/Scrivania/test/WORK/react-side/node_modules/@rollup/rollup-freebsd-arm64
97 silly reify mark deleted [
97 silly reify   '/home/alan-omam/Scrivania/test/WORK/react-side/node_modules/@rollup/rollup-freebsd-arm64'
97 silly reify ]
98 verbose reify failed optional dependency /home/alan-omam/Scrivania/test/WORK/react-side/node_modules/@rollup/rollup-darwin-x64
99 silly reify mark deleted [
99 silly reify   '/home/alan-omam/Scrivania/test/WORK/react-side/node_modules/@rollup/rollup-darwin-x64'
99 silly reify ]
100 verbose reify failed optional dependency /home/alan-omam/Scrivania/test/WORK/react-side/node_modules/@rollup/rollup-darwin-arm64
101 silly reify mark deleted [
101 silly reify   '/home/alan-omam/Scrivania/test/WORK/react-side/node_modules/@rollup/rollup-darwin-arm64'
101 silly reify ]
102 verbose reify failed optional dependency /home/alan-omam/Scrivania/test/WORK/react-side/node_modules/@rollup/rollup-android-arm64
103 silly reify mark deleted [
103 silly reify   '/home/alan-omam/Scrivania/test/WORK/react-side/node_modules/@rollup/rollup-android-arm64'
103 silly reify ]
104 verbose reify failed optional dependency /home/alan-omam/Scrivania/test/WORK/react-side/node_modules/@rollup/rollup-android-arm-eabi
105 silly reify mark deleted [
105 silly reify   '/home/alan-omam/Scrivania/test/WORK/react-side/node_modules/@rollup/rollup-android-arm-eabi'
105 silly reify ]
106 verbose reify failed optional dependency /home/alan-omam/Scrivania/test/WORK/react-side/node_modules/@esbuild/win32-x64
107 silly reify mark deleted [
107 silly reify   '/home/alan-omam/Scrivania/test/WORK/react-side/node_modules/@esbuild/win32-x64'
107 silly reify ]
108 verbose reify failed optional dependency /home/alan-omam/Scrivania/test/WORK/react-side/node_modules/@esbuild/win32-ia32
109 silly reify mark deleted [
109 silly reify   '/home/alan-omam/Scrivania/test/WORK/react-side/node_modules/@esbuild/win32-ia32'
109 silly reify ]
110 verbose reify failed optional dependency /home/alan-omam/Scrivania/test/WORK/react-side/node_modules/@esbuild/win32-arm64
111 silly reify mark deleted [
111 silly reify   '/home/alan-omam/Scrivania/test/WORK/react-side/node_modules/@esbuild/win32-arm64'
111 silly reify ]
112 verbose reify failed optional dependency /home/alan-omam/Scrivania/test/WORK/react-side/node_modules/@esbuild/sunos-x64
113 silly reify mark deleted [
113 silly reify   '/home/alan-omam/Scrivania/test/WORK/react-side/node_modules/@esbuild/sunos-x64'
113 silly reify ]
114 verbose reify failed optional dependency /home/alan-omam/Scrivania/test/WORK/react-side/node_modules/@esbuild/openbsd-x64
115 silly reify mark deleted [
115 silly reify   '/home/alan-omam/Scrivania/test/WORK/react-side/node_modules/@esbuild/openbsd-x64'
115 silly reify ]
116 verbose reify failed optional dependency /home/alan-omam/Scrivania/test/WORK/react-side/node_modules/@esbuild/netbsd-x64
117 silly reify mark deleted [
117 silly reify   '/home/alan-omam/Scrivania/test/WORK/react-side/node_modules/@esbuild/netbsd-x64'
117 silly reify ]
118 verbose reify failed optional dependency /home/alan-omam/Scrivania/test/WORK/react-side/node_modules/@esbuild/linux-s390x
119 silly reify mark deleted [
119 silly reify   '/home/alan-omam/Scrivania/test/WORK/react-side/node_modules/@esbuild/linux-s390x'
119 silly reify ]
120 verbose reify failed optional dependency /home/alan-omam/Scrivania/test/WORK/react-side/node_modules/@esbuild/linux-riscv64
121 silly reify mark deleted [
121 silly reify   '/home/alan-omam/Scrivania/test/WORK/react-side/node_modules/@esbuild/linux-riscv64'
121 silly reify ]
122 verbose reify failed optional dependency /home/alan-omam/Scrivania/test/WORK/react-side/node_modules/@esbuild/linux-ppc64
123 silly reify mark deleted [
123 silly reify   '/home/alan-omam/Scrivania/test/WORK/react-side/node_modules/@esbuild/linux-ppc64'
123 silly reify ]
124 verbose reify failed optional dependency /home/alan-omam/Scrivania/test/WORK/react-side/node_modules/@esbuild/linux-mips64el
125 silly reify mark deleted [
125 silly reify   '/home/alan-omam/Scrivania/test/WORK/react-side/node_modules/@esbuild/linux-mips64el'
125 silly reify ]
126 verbose reify failed optional dependency /home/alan-omam/Scrivania/test/WORK/react-side/node_modules/@esbuild/linux-loong64
127 silly reify mark deleted [
127 silly reify   '/home/alan-omam/Scrivania/test/WORK/react-side/node_modules/@esbuild/linux-loong64'
127 silly reify ]
128 verbose reify failed optional dependency /home/alan-omam/Scrivania/test/WORK/react-side/node_modules/@esbuild/linux-ia32
129 silly reify mark deleted [
129 silly reify   '/home/alan-omam/Scrivania/test/WORK/react-side/node_modules/@esbuild/linux-ia32'
129 silly reify ]
130 verbose reify failed optional dependency /home/alan-omam/Scrivania/test/WORK/react-side/node_modules/@esbuild/linux-arm64
131 silly reify mark deleted [
131 silly reify   '/home/alan-omam/Scrivania/test/WORK/react-side/node_modules/@esbuild/linux-arm64'
131 silly reify ]
132 verbose reify failed optional dependency /home/alan-omam/Scrivania/test/WORK/react-side/node_modules/@esbuild/linux-arm
133 silly reify mark deleted [
133 silly reify   '/home/alan-omam/Scrivania/test/WORK/react-side/node_modules/@esbuild/linux-arm'
133 silly reify ]
134 verbose reify failed optional dependency /home/alan-omam/Scrivania/test/WORK/react-side/node_modules/@esbuild/freebsd-x64
135 silly reify mark deleted [
135 silly reify   '/home/alan-omam/Scrivania/test/WORK/react-side/node_modules/@esbuild/freebsd-x64'
135 silly reify ]
136 verbose reify failed optional dependency /home/alan-omam/Scrivania/test/WORK/react-side/node_modules/@esbuild/freebsd-arm64
137 silly reify mark deleted [
137 silly reify   '/home/alan-omam/Scrivania/test/WORK/react-side/node_modules/@esbuild/freebsd-arm64'
137 silly reify ]
138 verbose reify failed optional dependency /home/alan-omam/Scrivania/test/WORK/react-side/node_modules/@esbuild/darwin-x64
139 silly reify mark deleted [
139 silly reify   '/home/alan-omam/Scrivania/test/WORK/react-side/node_modules/@esbuild/darwin-x64'
139 silly reify ]
140 verbose reify failed optional dependency /home/alan-omam/Scrivania/test/WORK/react-side/node_modules/@esbuild/darwin-arm64
141 silly reify mark deleted [
141 silly reify   '/home/alan-omam/Scrivania/test/WORK/react-side/node_modules/@esbuild/darwin-arm64'
141 silly reify ]
142 verbose reify failed optional dependency /home/alan-omam/Scrivania/test/WORK/react-side/node_modules/@esbuild/android-x64
143 silly reify mark deleted [
143 silly reify   '/home/alan-omam/Scrivania/test/WORK/react-side/node_modules/@esbuild/android-x64'
143 silly reify ]
144 verbose reify failed optional dependency /home/alan-omam/Scrivania/test/WORK/react-side/node_modules/@esbuild/android-arm64
145 silly reify mark deleted [
145 silly reify   '/home/alan-omam/Scrivania/test/WORK/react-side/node_modules/@esbuild/android-arm64'
145 silly reify ]
146 verbose reify failed optional dependency /home/alan-omam/Scrivania/test/WORK/react-side/node_modules/@esbuild/android-arm
147 silly reify mark deleted [
147 silly reify   '/home/alan-omam/Scrivania/test/WORK/react-side/node_modules/@esbuild/android-arm'
147 silly reify ]
148 verbose reify failed optional dependency /home/alan-omam/Scrivania/test/WORK/react-side/node_modules/@esbuild/aix-ppc64
149 silly reify mark deleted [
149 silly reify   '/home/alan-omam/Scrivania/test/WORK/react-side/node_modules/@esbuild/aix-ppc64'
149 silly reify ]
150 timing reifyNode:node_modules/fsevents Completed in 17ms
151 timing reifyNode:node_modules/@rollup/rollup-win32-x64-msvc Completed in 16ms
152 timing reifyNode:node_modules/@rollup/rollup-win32-ia32-msvc Completed in 16ms
153 timing reifyNode:node_modules/@rollup/rollup-win32-arm64-msvc Completed in 16ms
154 timing reifyNode:node_modules/@rollup/rollup-linux-s390x-gnu Completed in 16ms
155 timing reifyNode:node_modules/@rollup/rollup-linux-riscv64-gnu Completed in 16ms
156 timing reifyNode:node_modules/@rollup/rollup-linux-powerpc64le-gnu Completed in 15ms
157 timing reifyNode:node_modules/@rollup/rollup-linux-arm64-musl Completed in 15ms
158 timing reifyNode:node_modules/@rollup/rollup-linux-arm64-gnu Completed in 15ms
159 timing reifyNode:node_modules/@rollup/rollup-linux-arm-musleabihf Completed in 15ms
160 timing reifyNode:node_modules/@rollup/rollup-linux-arm-gnueabihf Completed in 16ms
161 timing reifyNode:node_modules/@rollup/rollup-freebsd-x64 Completed in 16ms
162 timing reifyNode:node_modules/@rollup/rollup-freebsd-arm64 Completed in 16ms
163 timing reifyNode:node_modules/@rollup/rollup-darwin-x64 Completed in 15ms
164 timing reifyNode:node_modules/@rollup/rollup-darwin-arm64 Completed in 15ms
165 timing reifyNode:node_modules/@rollup/rollup-android-arm64 Completed in 15ms
166 timing reifyNode:node_modules/@rollup/rollup-android-arm-eabi Completed in 15ms
167 timing reifyNode:node_modules/@esbuild/win32-x64 Completed in 15ms
168 timing reifyNode:node_modules/@esbuild/win32-ia32 Completed in 15ms
169 timing reifyNode:node_modules/@esbuild/win32-arm64 Completed in 15ms
170 timing reifyNode:node_modules/@esbuild/sunos-x64 Completed in 15ms
171 timing reifyNode:node_modules/@esbuild/openbsd-x64 Completed in 15ms
172 timing reifyNode:node_modules/@esbuild/netbsd-x64 Completed in 14ms
173 timing reifyNode:node_modules/@esbuild/linux-s390x Completed in 14ms
174 timing reifyNode:node_modules/@esbuild/linux-riscv64 Completed in 14ms
175 timing reifyNode:node_modules/@esbuild/linux-ppc64 Completed in 14ms
176 timing reifyNode:node_modules/@esbuild/linux-mips64el Completed in 13ms
177 timing reifyNode:node_modules/@esbuild/linux-loong64 Completed in 13ms
178 timing reifyNode:node_modules/@esbuild/linux-ia32 Completed in 14ms
179 timing reifyNode:node_modules/@esbuild/linux-arm64 Completed in 14ms
180 timing reifyNode:node_modules/@esbuild/linux-arm Completed in 14ms
181 timing reifyNode:node_modules/@esbuild/freebsd-x64 Completed in 14ms
182 timing reifyNode:node_modules/@esbuild/freebsd-arm64 Completed in 13ms
183 timing reifyNode:node_modules/@esbuild/darwin-x64 Completed in 13ms
184 timing reifyNode:node_modules/@esbuild/darwin-arm64 Completed in 13ms
185 timing reifyNode:node_modules/@esbuild/android-x64 Completed in 13ms
186 timing reifyNode:node_modules/@esbuild/android-arm64 Completed in 13ms
187 timing reifyNode:node_modules/@esbuild/android-arm Completed in 13ms
188 timing reifyNode:node_modules/@esbuild/aix-ppc64 Completed in 13ms
189 silly tarball no local data for nanoid@https://registry.npmjs.org/nanoid/-/nanoid-3.3.8.tgz. Extracting by manifest.
190 http fetch GET 200 https://registry.npmjs.org/nanoid/-/nanoid-3.3.8.tgz 93ms (cache miss)
191 timing reifyNode:node_modules/nanoid Completed in 115ms
192 timing reify:unpack Completed in 121ms
193 timing reify:unretire Completed in 0ms
194 timing build:queue Completed in 2ms
195 timing build:link:node_modules/nanoid Completed in 3ms
196 timing build:link Completed in 3ms
197 timing build:deps Completed in 5ms
198 timing build Completed in 5ms
199 timing reify:build Completed in 6ms
200 timing reify:trash Completed in 5ms
201 http fetch POST 200 https://registry.npmjs.org/-/npm/v1/security/advisories/bulk 238ms
202 timing auditReport:getReport Completed in 244ms
203 silly audit report {}
204 timing auditReport:init Completed in 0ms
205 timing reify:audit Completed in 245ms
206 timing reify:save Completed in 102ms
207 timing reify Completed in 543ms
208 silly ADD
209 silly ADD
210 silly ADD
211 silly ADD
212 silly ADD
213 silly ADD
214 silly ADD
215 silly ADD
216 silly ADD
217 silly ADD
218 silly ADD
219 silly ADD
220 silly ADD
221 silly ADD
222 silly ADD
223 silly ADD
224 silly ADD
225 silly ADD
226 silly ADD
227 silly ADD
228 silly ADD
229 silly ADD
230 silly ADD
231 silly ADD
232 silly ADD
233 silly ADD
234 silly ADD
235 silly ADD
236 silly ADD
237 silly ADD
238 silly ADD
239 silly ADD
240 silly ADD
241 silly ADD
242 silly ADD
243 silly ADD
244 silly ADD
245 silly ADD
246 silly ADD
247 silly CHANGE node_modules/nanoid
248 timing command:audit Completed in 1219ms
249 verbose exit 0
250 timing npm Completed in 1299ms
251 info ok
