2024-12-11 15:41:38.352 [info] Reading sessions from keychain...
2024-12-11 15:41:38.352 [info] Getting sessions for all scopes...
2024-12-11 15:41:38.352 [info] Getting sessions for all scopes...
2024-12-11 15:41:38.352 [info] Getting sessions for all scopes...
2024-12-11 15:41:38.352 [info] Getting sessions for user:email...
2024-12-11 15:41:38.352 [info] Getting sessions for user:email...
2024-12-11 15:41:38.352 [info] Getting sessions for user:email...
2024-12-11 15:41:38.352 [info] Got stored sessions!
2024-12-11 15:41:38.352 [info] Got 2 verified sessions.
2024-12-11 15:41:38.352 [info] Got 2 sessions for ...
2024-12-11 15:41:38.352 [info] Got 2 sessions for ...
2024-12-11 15:41:38.352 [info] Got 2 sessions for ...
2024-12-11 15:41:38.352 [info] Got 1 sessions for user:email...
2024-12-11 15:41:38.352 [info] Got 1 sessions for user:email...
2024-12-11 15:41:38.352 [info] Got 1 sessions for user:email...
2024-12-11 15:41:38.352 [info] Getting sessions for read:user,repo,user:email...
2024-12-11 15:41:38.352 [info] Got 0 sessions for read:user,repo,user:email...
2024-12-11 15:41:38.356 [info] Getting sessions for project,read:org,read:user,repo,user:email,workflow...
2024-12-11 15:41:38.356 [info] Got 0 sessions for project,read:org,read:user,repo,user:email,workflow...
2024-12-11 15:41:38.360 [info] Getting sessions for read:user,repo,user:email,workflow...
2024-12-11 15:41:38.360 [info] Got 1 sessions for read:user,repo,user:email,workflow...
2024-12-11 15:41:38.509 [info] Getting sessions for all scopes...
2024-12-11 15:41:38.509 [info] Got 2 sessions for ...
2024-12-11 15:43:44.781 [info] Reading sessions from keychain...
2024-12-11 15:43:44.781 [info] Getting sessions for all scopes...
2024-12-11 15:43:44.781 [info] Getting sessions for all scopes...
2024-12-11 15:43:44.781 [info] Getting sessions for all scopes...
2024-12-11 15:43:44.781 [info] Getting sessions for user:email...
2024-12-11 15:43:44.781 [info] Got stored sessions!
2024-12-11 15:43:44.781 [info] Got 2 verified sessions.
2024-12-11 15:43:44.781 [info] Got 2 sessions for ...
2024-12-11 15:43:44.781 [info] Got 2 sessions for ...
2024-12-11 15:43:44.781 [info] Got 2 sessions for ...
2024-12-11 15:43:44.781 [info] Got 1 sessions for user:email...
2024-12-11 15:43:45.810 [info] Getting sessions for read:user,repo,user:email...
2024-12-11 15:43:45.810 [info] Got 0 sessions for read:user,repo,user:email...
2024-12-11 15:43:45.941 [info] Getting sessions for read:user,repo,user:email,workflow...
2024-12-11 15:43:45.941 [info] Got 1 sessions for read:user,repo,user:email,workflow...
2024-12-11 15:43:45.942 [info] Getting sessions for project,read:org,read:user,repo,user:email,workflow...
2024-12-11 15:43:45.942 [info] Got 0 sessions for project,read:org,read:user,repo,user:email,workflow...
2024-12-11 15:43:46.002 [info] Getting sessions for all scopes...
2024-12-11 15:43:46.002 [info] Got 2 sessions for ...
2024-12-11 15:43:46.117 [info] Getting sessions for read:user,repo,user:email,workflow...
2024-12-11 15:43:46.117 [info] Got 1 sessions for read:user,repo,user:email,workflow...
2024-12-11 15:43:46.478 [info] Getting sessions for read:user,repo,user:email,workflow...
2024-12-11 15:43:46.478 [info] Got 1 sessions for read:user,repo,user:email,workflow...
