2024-12-11 12:45:40.683 [info] Extension host with pid 22086 started
2024-12-11 12:45:41.002 [info] ExtensionService#_doActivateExtension ms-azuretools.vscode-docker, startup: false, activationEvent: 'onWalkthrough:dockerStart'
2024-12-11 12:45:41.792 [info] ExtensionService#_doActivateExtension vscode.git-base, startup: true, activationEvent: '*', root cause: vscode.git
2024-12-11 12:45:41.910 [info] ExtensionService#_doActivateExtension vscode.git, startup: true, activationEvent: '*'
2024-12-11 12:45:42.031 [info] ExtensionService#_doActivateExtension vscode.github, startup: true, activationEvent: '*'
2024-12-11 12:45:42.187 [info] Eager extensions activated
2024-12-11 12:45:42.290 [info] ExtensionService#_doActivateExtension vscode.debug-auto-launch, startup: false, activationEvent: 'onStartupFinished'
2024-12-11 12:45:42.301 [info] ExtensionService#_doActivateExtension vscode.merge-conflict, startup: false, activationEvent: 'onStartupFinished'
2024-12-11 12:45:42.330 [info] ExtensionService#_doActivateExtension eamodio.gitlens, startup: false, activationEvent: 'onStartupFinished'
2024-12-11 12:45:42.775 [info] ExtensionService#_doActivateExtension vscode.github-authentication, startup: false, activationEvent: 'onAuthenticationRequest:github'
2024-12-11 12:46:11.395 [info] ExtensionService#_doActivateExtension vscode.emmet, startup: false, activationEvent: 'onLanguage'
2024-12-11 12:53:05.494 [info] ExtensionService#_doActivateExtension ritwickdey.LiveServer, startup: false, activationEvent: 'onStartupFinished'
2024-12-11 12:57:33.813 [info] ExtensionService#_doActivateExtension vscode.npm, startup: false, activationEvent: 'onTerminalQuickFixRequest:ms-vscode.npm-command'
2024-12-11 14:16:08.291 [info] Extension host terminating: renderer closed the MessagePort
2024-12-11 14:16:08.360 [error] Canceled: Canceled
	at new tT (file:///snap/code/176/usr/share/code/resources/app/out/vs/workbench/api/node/extensionHostProcess.js:31:108738)
	at py.U (file:///snap/code/176/usr/share/code/resources/app/out/vs/workbench/api/node/extensionHostProcess.js:31:113348)
	at s.<computed>.n.charCodeAt.s.<computed> (file:///snap/code/176/usr/share/code/resources/app/out/vs/workbench/api/node/extensionHostProcess.js:31:110842)
	at Y0.g (file:///snap/code/176/usr/share/code/resources/app/out/vs/workbench/api/node/extensionHostProcess.js:114:32313)
	at Y0.executeCommand (file:///snap/code/176/usr/share/code/resources/app/out/vs/workbench/api/node/extensionHostProcess.js:114:31817)
	at r.registerCommand.description (file:///snap/code/176/usr/share/code/resources/app/out/vs/workbench/api/node/extensionHostProcess.js:114:31147)
	at Y0.h (file:///snap/code/176/usr/share/code/resources/app/out/vs/workbench/api/node/extensionHostProcess.js:114:32833)
	at Y0.g (file:///snap/code/176/usr/share/code/resources/app/out/vs/workbench/api/node/extensionHostProcess.js:114:31910)
	at Y0.executeCommand (file:///snap/code/176/usr/share/code/resources/app/out/vs/workbench/api/node/extensionHostProcess.js:114:31817)
	at Object.executeCommand (file:///snap/code/176/usr/share/code/resources/app/out/vs/workbench/api/node/extensionHostProcess.js:156:37246)
	at f (/home/alan-omam/.vscode/extensions/eamodio.gitlens-16.0.5/dist/gitlens.js:1482:14096)
	at c (/home/alan-omam/.vscode/extensions/eamodio.gitlens-16.0.5/dist/gitlens.js:1482:18656)
	at ActionRunners._updateContextKeys (/home/alan-omam/.vscode/extensions/eamodio.gitlens-16.0.5/dist/gitlens.js:1107:65661)
	at s (/home/alan-omam/.vscode/extensions/eamodio.gitlens-16.0.5/dist/gitlens.js:1107:64105)
	at RegisteredActionRunner.unregister (/home/alan-omam/.vscode/extensions/eamodio.gitlens-16.0.5/dist/gitlens.js:1107:64248)
	at RegisteredActionRunner.dispose (/home/alan-omam/.vscode/extensions/eamodio.gitlens-16.0.5/dist/gitlens.js:1107:62902)
	at ActionRunners.dispose (/home/alan-omam/.vscode/extensions/eamodio.gitlens-16.0.5/dist/gitlens.js:1107:63688)
	at /home/alan-omam/.vscode/extensions/eamodio.gitlens-16.0.5/dist/gitlens.js:1428:14975
	at Array.forEach (<anonymous>)
	at Object.dispose (/home/alan-omam/.vscode/extensions/eamodio.gitlens-16.0.5/dist/gitlens.js:1428:14957)
	at ci (file:///snap/code/176/usr/share/code/resources/app/out/vs/workbench/api/node/extensionHostProcess.js:24:699)
	at file:///snap/code/176/usr/share/code/resources/app/out/vs/workbench/api/node/extensionHostProcess.js:118:14992
	at file:///snap/code/176/usr/share/code/resources/app/out/vs/workbench/api/node/extensionHostProcess.js:24:1009
	at Object.dispose (file:///snap/code/176/usr/share/code/resources/app/out/vs/workbench/api/node/extensionHostProcess.js:7:2146)
	at z_.eb (file:///snap/code/176/usr/share/code/resources/app/out/vs/workbench/api/node/extensionHostProcess.js:118:11919)
	at file:///snap/code/176/usr/share/code/resources/app/out/vs/workbench/api/node/extensionHostProcess.js:118:9874
	at Array.map (<anonymous>)
	at z_.$ (file:///snap/code/176/usr/share/code/resources/app/out/vs/workbench/api/node/extensionHostProcess.js:118:9862)
	at z_.terminate (file:///snap/code/176/usr/share/code/resources/app/out/vs/workbench/api/node/extensionHostProcess.js:118:10105)
	at EC.terminate (file:///snap/code/176/usr/share/code/resources/app/out/vs/workbench/api/node/extensionHostProcess.js:119:1424)
	at Zi (file:///snap/code/176/usr/share/code/resources/app/out/vs/workbench/api/node/extensionHostProcess.js:174:15084)
	at MessagePortMain.<anonymous> (file:///snap/code/176/usr/share/code/resources/app/out/vs/workbench/api/node/extensionHostProcess.js:174:11632)
	at MessagePortMain.emit (node:events:519:28)
	at MessagePortMain._internalPort.emit (node:electron/js2c/utility_init:2:2949) setContext undefined
2024-12-11 14:16:08.360 [error] Canceled: Canceled
	at new tT (file:///snap/code/176/usr/share/code/resources/app/out/vs/workbench/api/node/extensionHostProcess.js:31:108738)
	at py.U (file:///snap/code/176/usr/share/code/resources/app/out/vs/workbench/api/node/extensionHostProcess.js:31:113348)
	at s.<computed>.n.charCodeAt.s.<computed> (file:///snap/code/176/usr/share/code/resources/app/out/vs/workbench/api/node/extensionHostProcess.js:31:110842)
	at Y0.g (file:///snap/code/176/usr/share/code/resources/app/out/vs/workbench/api/node/extensionHostProcess.js:114:32313)
	at Y0.executeCommand (file:///snap/code/176/usr/share/code/resources/app/out/vs/workbench/api/node/extensionHostProcess.js:114:31817)
	at r.registerCommand.description (file:///snap/code/176/usr/share/code/resources/app/out/vs/workbench/api/node/extensionHostProcess.js:114:31147)
	at Y0.h (file:///snap/code/176/usr/share/code/resources/app/out/vs/workbench/api/node/extensionHostProcess.js:114:32833)
	at Y0.g (file:///snap/code/176/usr/share/code/resources/app/out/vs/workbench/api/node/extensionHostProcess.js:114:31910)
	at Y0.executeCommand (file:///snap/code/176/usr/share/code/resources/app/out/vs/workbench/api/node/extensionHostProcess.js:114:31817)
	at Object.executeCommand (file:///snap/code/176/usr/share/code/resources/app/out/vs/workbench/api/node/extensionHostProcess.js:156:37246)
	at f (/home/alan-omam/.vscode/extensions/eamodio.gitlens-16.0.5/dist/gitlens.js:1482:14096)
	at c (/home/alan-omam/.vscode/extensions/eamodio.gitlens-16.0.5/dist/gitlens.js:1482:18656)
	at ActionRunners._updateContextKeys (/home/alan-omam/.vscode/extensions/eamodio.gitlens-16.0.5/dist/gitlens.js:1107:65661)
	at s (/home/alan-omam/.vscode/extensions/eamodio.gitlens-16.0.5/dist/gitlens.js:1107:64105)
	at RegisteredActionRunner.unregister (/home/alan-omam/.vscode/extensions/eamodio.gitlens-16.0.5/dist/gitlens.js:1107:64248)
	at RegisteredActionRunner.dispose (/home/alan-omam/.vscode/extensions/eamodio.gitlens-16.0.5/dist/gitlens.js:1107:62902)
	at ActionRunners.dispose (/home/alan-omam/.vscode/extensions/eamodio.gitlens-16.0.5/dist/gitlens.js:1107:63688)
	at /home/alan-omam/.vscode/extensions/eamodio.gitlens-16.0.5/dist/gitlens.js:1428:14975
	at Array.forEach (<anonymous>)
	at Object.dispose (/home/alan-omam/.vscode/extensions/eamodio.gitlens-16.0.5/dist/gitlens.js:1428:14957)
	at ci (file:///snap/code/176/usr/share/code/resources/app/out/vs/workbench/api/node/extensionHostProcess.js:24:699)
	at file:///snap/code/176/usr/share/code/resources/app/out/vs/workbench/api/node/extensionHostProcess.js:118:14992
	at file:///snap/code/176/usr/share/code/resources/app/out/vs/workbench/api/node/extensionHostProcess.js:24:1009
	at Object.dispose (file:///snap/code/176/usr/share/code/resources/app/out/vs/workbench/api/node/extensionHostProcess.js:7:2146)
	at z_.eb (file:///snap/code/176/usr/share/code/resources/app/out/vs/workbench/api/node/extensionHostProcess.js:118:11919)
	at file:///snap/code/176/usr/share/code/resources/app/out/vs/workbench/api/node/extensionHostProcess.js:118:9874
	at Array.map (<anonymous>)
	at z_.$ (file:///snap/code/176/usr/share/code/resources/app/out/vs/workbench/api/node/extensionHostProcess.js:118:9862)
	at z_.terminate (file:///snap/code/176/usr/share/code/resources/app/out/vs/workbench/api/node/extensionHostProcess.js:118:10105)
	at EC.terminate (file:///snap/code/176/usr/share/code/resources/app/out/vs/workbench/api/node/extensionHostProcess.js:119:1424)
	at Zi (file:///snap/code/176/usr/share/code/resources/app/out/vs/workbench/api/node/extensionHostProcess.js:174:15084)
	at MessagePortMain.<anonymous> (file:///snap/code/176/usr/share/code/resources/app/out/vs/workbench/api/node/extensionHostProcess.js:174:11632)
	at MessagePortMain.emit (node:events:519:28)
	at MessagePortMain._internalPort.emit (node:electron/js2c/utility_init:2:2949) setContext undefined
2024-12-11 14:16:08.360 [error] Canceled: Canceled
	at new tT (file:///snap/code/176/usr/share/code/resources/app/out/vs/workbench/api/node/extensionHostProcess.js:31:108738)
	at py.U (file:///snap/code/176/usr/share/code/resources/app/out/vs/workbench/api/node/extensionHostProcess.js:31:113348)
	at s.<computed>.n.charCodeAt.s.<computed> (file:///snap/code/176/usr/share/code/resources/app/out/vs/workbench/api/node/extensionHostProcess.js:31:110842)
	at Y0.g (file:///snap/code/176/usr/share/code/resources/app/out/vs/workbench/api/node/extensionHostProcess.js:114:32313)
	at Y0.executeCommand (file:///snap/code/176/usr/share/code/resources/app/out/vs/workbench/api/node/extensionHostProcess.js:114:31817)
	at r.registerCommand.description (file:///snap/code/176/usr/share/code/resources/app/out/vs/workbench/api/node/extensionHostProcess.js:114:31147)
	at Y0.h (file:///snap/code/176/usr/share/code/resources/app/out/vs/workbench/api/node/extensionHostProcess.js:114:32833)
	at Y0.g (file:///snap/code/176/usr/share/code/resources/app/out/vs/workbench/api/node/extensionHostProcess.js:114:31910)
	at Y0.executeCommand (file:///snap/code/176/usr/share/code/resources/app/out/vs/workbench/api/node/extensionHostProcess.js:114:31817)
	at Object.executeCommand (file:///snap/code/176/usr/share/code/resources/app/out/vs/workbench/api/node/extensionHostProcess.js:156:37246)
	at f (/home/alan-omam/.vscode/extensions/eamodio.gitlens-16.0.5/dist/gitlens.js:1482:14096)
	at c (/home/alan-omam/.vscode/extensions/eamodio.gitlens-16.0.5/dist/gitlens.js:1482:18656)
	at ActionRunners._updateContextKeys (/home/alan-omam/.vscode/extensions/eamodio.gitlens-16.0.5/dist/gitlens.js:1107:65661)
	at s (/home/alan-omam/.vscode/extensions/eamodio.gitlens-16.0.5/dist/gitlens.js:1107:64105)
	at RegisteredActionRunner.unregister (/home/alan-omam/.vscode/extensions/eamodio.gitlens-16.0.5/dist/gitlens.js:1107:64248)
	at RegisteredActionRunner.dispose (/home/alan-omam/.vscode/extensions/eamodio.gitlens-16.0.5/dist/gitlens.js:1107:62902)
	at ActionRunners.dispose (/home/alan-omam/.vscode/extensions/eamodio.gitlens-16.0.5/dist/gitlens.js:1107:63688)
	at /home/alan-omam/.vscode/extensions/eamodio.gitlens-16.0.5/dist/gitlens.js:1428:14975
	at Array.forEach (<anonymous>)
	at Object.dispose (/home/alan-omam/.vscode/extensions/eamodio.gitlens-16.0.5/dist/gitlens.js:1428:14957)
	at ci (file:///snap/code/176/usr/share/code/resources/app/out/vs/workbench/api/node/extensionHostProcess.js:24:699)
	at file:///snap/code/176/usr/share/code/resources/app/out/vs/workbench/api/node/extensionHostProcess.js:118:14992
	at file:///snap/code/176/usr/share/code/resources/app/out/vs/workbench/api/node/extensionHostProcess.js:24:1009
	at Object.dispose (file:///snap/code/176/usr/share/code/resources/app/out/vs/workbench/api/node/extensionHostProcess.js:7:2146)
	at z_.eb (file:///snap/code/176/usr/share/code/resources/app/out/vs/workbench/api/node/extensionHostProcess.js:118:11919)
	at file:///snap/code/176/usr/share/code/resources/app/out/vs/workbench/api/node/extensionHostProcess.js:118:9874
	at Array.map (<anonymous>)
	at z_.$ (file:///snap/code/176/usr/share/code/resources/app/out/vs/workbench/api/node/extensionHostProcess.js:118:9862)
	at z_.terminate (file:///snap/code/176/usr/share/code/resources/app/out/vs/workbench/api/node/extensionHostProcess.js:118:10105)
	at EC.terminate (file:///snap/code/176/usr/share/code/resources/app/out/vs/workbench/api/node/extensionHostProcess.js:119:1424)
	at Zi (file:///snap/code/176/usr/share/code/resources/app/out/vs/workbench/api/node/extensionHostProcess.js:174:15084)
	at MessagePortMain.<anonymous> (file:///snap/code/176/usr/share/code/resources/app/out/vs/workbench/api/node/extensionHostProcess.js:174:11632)
	at MessagePortMain.emit (node:events:519:28)
	at MessagePortMain._internalPort.emit (node:electron/js2c/utility_init:2:2949) setContext undefined
2024-12-11 14:16:08.364 [info] Extension host with pid 22086 exiting with code 0
2024-12-11 14:16:09.936 [info] Extension host with pid 25162 started
2024-12-11 14:16:09.936 [info] Skipping acquiring lock for /home/alan-omam/.config/Code/User/workspaceStorage/e5fc14067a80c9813197467f17e55b24.
2024-12-11 14:16:10.026 [info] ExtensionService#_doActivateExtension vscode.git-base, startup: true, activationEvent: '*'
2024-12-11 14:16:10.053 [info] ExtensionService#_doActivateExtension vscode.github, startup: true, activationEvent: '*'
2024-12-11 14:16:10.149 [info] Eager extensions activated
2024-12-11 14:16:10.177 [info] ExtensionService#_doActivateExtension vscode.debug-auto-launch, startup: false, activationEvent: 'onStartupFinished'
2024-12-11 14:16:10.182 [info] ExtensionService#_doActivateExtension vscode.merge-conflict, startup: false, activationEvent: 'onStartupFinished'
2024-12-11 14:16:10.211 [info] ExtensionService#_doActivateExtension eamodio.gitlens, startup: false, activationEvent: 'onStartupFinished'
2024-12-11 14:16:10.778 [info] ExtensionService#_doActivateExtension vscode.github-authentication, startup: false, activationEvent: 'onAuthenticationRequest:github'
2024-12-11 14:16:15.487 [info] ExtensionService#_doActivateExtension vscode.git, startup: false, activationEvent: 'api', root cause: vscode.github
2024-12-11 14:16:15.637 [info] ExtensionService#_doActivateExtension ritwickdey.LiveServer, startup: false, activationEvent: 'onStartupFinished'
2024-12-11 14:16:26.130 [info] ExtensionService#_doActivateExtension vscode.emmet, startup: false, activationEvent: 'onLanguage'
2024-12-11 14:16:32.347 [warning] [Decorations] CAPPING events from decorations provider vscode.git 10000
2024-12-11 14:16:33.508 [warning] [Decorations] CAPPING events from decorations provider vscode.git 10000
2024-12-11 14:17:41.937 [warning] [Decorations] CAPPING events from decorations provider vscode.git 10002
2024-12-11 14:25:25.117 [info] ExtensionService#_doActivateExtension vscode.npm, startup: false, activationEvent: 'onTerminalQuickFixRequest:ms-vscode.npm-command'
2024-12-11 14:27:57.446 [warning] [Decorations] CAPPING events from decorations provider vscode.git 12540
2024-12-11 14:27:58.021 [warning] [Decorations] CAPPING events from decorations provider vscode.git 2575
2024-12-11 14:27:59.643 [warning] [Decorations] CAPPING events from decorations provider vscode.git 2575
2024-12-11 14:28:04.936 [warning] [Decorations] CAPPING events from decorations provider vscode.git 2576
2024-12-11 14:28:10.191 [warning] [Decorations] CAPPING events from decorations provider vscode.git 2575
2024-12-11 14:28:15.411 [warning] [Decorations] CAPPING events from decorations provider vscode.git 2576
2024-12-11 14:29:11.045 [warning] [Decorations] CAPPING events from decorations provider vscode.git 2577
2024-12-11 14:30:51.947 [info] ExtensionService#_doActivateExtension GitHub.vscode-pull-request-github, startup: false, activationEvent: 'onStartupFinished'
2024-12-11 14:31:18.046 [warning] [Decorations] CAPPING events from decorations provider vscode.git 276
2024-12-11 14:31:23.313 [warning] [Decorations] CAPPING events from decorations provider vscode.git 280
2024-12-11 14:31:28.577 [warning] [Decorations] CAPPING events from decorations provider vscode.git 290
2024-12-11 14:31:33.846 [warning] [Decorations] CAPPING events from decorations provider vscode.git 291
2024-12-11 14:31:39.114 [warning] [Decorations] CAPPING events from decorations provider vscode.git 292
2024-12-11 14:31:44.376 [warning] [Decorations] CAPPING events from decorations provider vscode.git 296
2024-12-11 14:31:49.640 [warning] [Decorations] CAPPING events from decorations provider vscode.git 301
2024-12-11 14:31:54.897 [warning] [Decorations] CAPPING events from decorations provider vscode.git 301
2024-12-11 14:32:00.196 [warning] [Decorations] CAPPING events from decorations provider vscode.git 303
2024-12-11 14:32:31.249 [warning] [Decorations] CAPPING events from decorations provider vscode.git 307
2024-12-11 14:32:36.537 [warning] [Decorations] CAPPING events from decorations provider vscode.git 307
2024-12-11 14:32:41.799 [warning] [Decorations] CAPPING events from decorations provider vscode.git 308
2024-12-11 14:32:47.069 [warning] [Decorations] CAPPING events from decorations provider vscode.git 308
2024-12-11 14:32:52.361 [warning] [Decorations] CAPPING events from decorations provider vscode.git 309
2024-12-11 14:32:57.624 [warning] [Decorations] CAPPING events from decorations provider vscode.git 309
2024-12-11 14:33:02.897 [warning] [Decorations] CAPPING events from decorations provider vscode.git 309
2024-12-11 14:33:08.170 [warning] [Decorations] CAPPING events from decorations provider vscode.git 317
2024-12-11 14:33:13.432 [warning] [Decorations] CAPPING events from decorations provider vscode.git 317
2024-12-11 14:33:18.695 [warning] [Decorations] CAPPING events from decorations provider vscode.git 316
2024-12-11 14:33:23.954 [warning] [Decorations] CAPPING events from decorations provider vscode.git 316
2024-12-11 14:33:29.209 [warning] [Decorations] CAPPING events from decorations provider vscode.git 317
2024-12-11 14:33:34.502 [warning] [Decorations] CAPPING events from decorations provider vscode.git 317
2024-12-11 14:33:39.763 [warning] [Decorations] CAPPING events from decorations provider vscode.git 317
2024-12-11 14:33:45.025 [warning] [Decorations] CAPPING events from decorations provider vscode.git 317
2024-12-11 14:33:50.291 [warning] [Decorations] CAPPING events from decorations provider vscode.git 317
2024-12-11 14:34:02.780 [warning] [Decorations] CAPPING events from decorations provider vscode.git 317
2024-12-11 14:34:08.065 [warning] [Decorations] CAPPING events from decorations provider vscode.git 317
2024-12-11 14:34:13.326 [warning] [Decorations] CAPPING events from decorations provider vscode.git 318
2024-12-11 14:34:18.993 [warning] [Decorations] CAPPING events from decorations provider vscode.git 318
2024-12-11 14:34:24.257 [warning] [Decorations] CAPPING events from decorations provider vscode.git 318
2024-12-11 14:34:29.512 [warning] [Decorations] CAPPING events from decorations provider vscode.git 318
2024-12-11 14:34:34.774 [warning] [Decorations] CAPPING events from decorations provider vscode.git 318
2024-12-11 14:34:40.038 [warning] [Decorations] CAPPING events from decorations provider vscode.git 318
2024-12-11 14:34:45.307 [warning] [Decorations] CAPPING events from decorations provider vscode.git 318
2024-12-11 14:34:50.581 [warning] [Decorations] CAPPING events from decorations provider vscode.git 320
2024-12-11 14:34:55.856 [warning] [Decorations] CAPPING events from decorations provider vscode.git 320
2024-12-11 14:35:32.720 [warning] [Decorations] CAPPING events from decorations provider vscode.git 332
2024-12-11 14:35:37.981 [warning] [Decorations] CAPPING events from decorations provider vscode.git 332
2024-12-11 14:35:43.239 [warning] [Decorations] CAPPING events from decorations provider vscode.git 332
2024-12-11 14:35:48.521 [warning] [Decorations] CAPPING events from decorations provider vscode.git 331
2024-12-11 14:35:53.780 [warning] [Decorations] CAPPING events from decorations provider vscode.git 331
2024-12-11 14:35:59.044 [warning] [Decorations] CAPPING events from decorations provider vscode.git 331
2024-12-11 14:36:04.317 [warning] [Decorations] CAPPING events from decorations provider vscode.git 331
2024-12-11 14:36:09.604 [warning] [Decorations] CAPPING events from decorations provider vscode.git 331
2024-12-11 14:36:14.867 [warning] [Decorations] CAPPING events from decorations provider vscode.git 331
2024-12-11 14:36:20.130 [warning] [Decorations] CAPPING events from decorations provider vscode.git 331
2024-12-11 14:36:25.405 [warning] [Decorations] CAPPING events from decorations provider vscode.git 332
2024-12-11 14:36:30.670 [warning] [Decorations] CAPPING events from decorations provider vscode.git 332
2024-12-11 14:36:35.949 [warning] [Decorations] CAPPING events from decorations provider vscode.git 333
2024-12-11 14:37:00.009 [warning] [Decorations] CAPPING events from decorations provider vscode.git 354
2024-12-11 14:37:01.422 [error] Error: 'github' authentication is required for this operation
	at GitHubGitProvider.r (/home/alan-omam/.vscode/extensions/eamodio.gitlens-16.0.5/dist/integrations.js:643:45676)
2024-12-11 14:37:01.423 [error] Error: 'github' authentication is required for this operation
	at GitHubGitProvider.r (/home/alan-omam/.vscode/extensions/eamodio.gitlens-16.0.5/dist/integrations.js:643:45676)
2024-12-11 14:37:05.266 [warning] [Decorations] CAPPING events from decorations provider vscode.git 356
2024-12-11 14:37:10.554 [warning] [Decorations] CAPPING events from decorations provider vscode.git 356
2024-12-11 14:37:22.945 [warning] [Decorations] CAPPING events from decorations provider vscode.git 356
2024-12-11 14:37:29.375 [warning] [Decorations] CAPPING events from decorations provider vscode.git 357
2024-12-11 14:37:34.632 [warning] [Decorations] CAPPING events from decorations provider vscode.git 357
2024-12-11 14:37:39.895 [warning] [Decorations] CAPPING events from decorations provider vscode.git 355
2024-12-11 14:37:45.170 [warning] [Decorations] CAPPING events from decorations provider vscode.git 356
2024-12-11 14:37:50.447 [warning] [Decorations] CAPPING events from decorations provider vscode.git 356
2024-12-11 14:38:50.563 [warning] [Decorations] CAPPING events from decorations provider vscode.git 383
2024-12-11 14:38:55.866 [warning] [Decorations] CAPPING events from decorations provider vscode.git 395
2024-12-11 14:39:01.147 [warning] [Decorations] CAPPING events from decorations provider vscode.git 398
2024-12-11 14:39:06.408 [warning] [Decorations] CAPPING events from decorations provider vscode.git 406
2024-12-11 14:39:11.668 [warning] [Decorations] CAPPING events from decorations provider vscode.git 407
2024-12-11 14:39:16.926 [warning] [Decorations] CAPPING events from decorations provider vscode.git 407
2024-12-11 14:39:22.186 [warning] [Decorations] CAPPING events from decorations provider vscode.git 408
2024-12-11 14:39:27.446 [warning] [Decorations] CAPPING events from decorations provider vscode.git 407
2024-12-11 14:39:32.724 [warning] [Decorations] CAPPING events from decorations provider vscode.git 408
2024-12-11 14:39:37.994 [warning] [Decorations] CAPPING events from decorations provider vscode.git 408
2024-12-11 14:39:43.302 [warning] [Decorations] CAPPING events from decorations provider vscode.git 408
2024-12-11 14:39:48.568 [warning] [Decorations] CAPPING events from decorations provider vscode.git 408
2024-12-11 14:39:53.856 [warning] [Decorations] CAPPING events from decorations provider vscode.git 408
2024-12-11 14:39:59.132 [warning] [Decorations] CAPPING events from decorations provider vscode.git 408
2024-12-11 14:40:04.406 [warning] [Decorations] CAPPING events from decorations provider vscode.git 408
2024-12-11 14:40:09.671 [warning] [Decorations] CAPPING events from decorations provider vscode.git 408
2024-12-11 14:40:38.829 [warning] [Decorations] CAPPING events from decorations provider vscode.git 411
2024-12-11 14:40:44.089 [warning] [Decorations] CAPPING events from decorations provider vscode.git 411
2024-12-11 14:40:49.356 [warning] [Decorations] CAPPING events from decorations provider vscode.git 411
2024-12-11 14:40:54.633 [warning] [Decorations] CAPPING events from decorations provider vscode.git 412
2024-12-11 14:40:59.898 [warning] [Decorations] CAPPING events from decorations provider vscode.git 411
2024-12-11 14:41:05.170 [warning] [Decorations] CAPPING events from decorations provider vscode.git 411
2024-12-11 14:41:10.459 [warning] [Decorations] CAPPING events from decorations provider vscode.git 411
2024-12-11 14:41:15.727 [warning] [Decorations] CAPPING events from decorations provider vscode.git 411
2024-12-11 14:41:20.984 [warning] [Decorations] CAPPING events from decorations provider vscode.git 411
2024-12-11 14:41:26.237 [warning] [Decorations] CAPPING events from decorations provider vscode.git 411
2024-12-11 14:41:31.498 [warning] [Decorations] CAPPING events from decorations provider vscode.git 411
2024-12-11 14:41:36.761 [warning] [Decorations] CAPPING events from decorations provider vscode.git 412
2024-12-11 14:41:42.017 [warning] [Decorations] CAPPING events from decorations provider vscode.git 412
2024-12-11 14:41:47.274 [warning] [Decorations] CAPPING events from decorations provider vscode.git 412
2024-12-11 14:41:52.536 [warning] [Decorations] CAPPING events from decorations provider vscode.git 412
2024-12-11 14:41:57.799 [warning] [Decorations] CAPPING events from decorations provider vscode.git 412
2024-12-11 14:42:03.072 [warning] [Decorations] CAPPING events from decorations provider vscode.git 412
2024-12-11 14:42:08.323 [warning] [Decorations] CAPPING events from decorations provider vscode.git 412
2024-12-11 14:42:13.589 [warning] [Decorations] CAPPING events from decorations provider vscode.git 423
2024-12-11 14:42:18.857 [warning] [Decorations] CAPPING events from decorations provider vscode.git 423
2024-12-11 14:42:24.125 [warning] [Decorations] CAPPING events from decorations provider vscode.git 423
2024-12-11 14:42:29.385 [warning] [Decorations] CAPPING events from decorations provider vscode.git 422
2024-12-11 14:42:34.644 [warning] [Decorations] CAPPING events from decorations provider vscode.git 422
2024-12-11 14:42:39.897 [warning] [Decorations] CAPPING events from decorations provider vscode.git 423
2024-12-11 14:42:54.989 [warning] [Decorations] CAPPING events from decorations provider vscode.git 422
2024-12-11 14:43:00.254 [warning] [Decorations] CAPPING events from decorations provider vscode.git 422
2024-12-11 14:43:05.510 [warning] [Decorations] CAPPING events from decorations provider vscode.git 422
2024-12-11 14:43:10.775 [warning] [Decorations] CAPPING events from decorations provider vscode.git 422
2024-12-11 14:43:16.031 [warning] [Decorations] CAPPING events from decorations provider vscode.git 422
2024-12-11 14:43:21.291 [warning] [Decorations] CAPPING events from decorations provider vscode.git 424
2024-12-11 14:43:26.547 [warning] [Decorations] CAPPING events from decorations provider vscode.git 424
2024-12-11 14:43:31.802 [warning] [Decorations] CAPPING events from decorations provider vscode.git 424
2024-12-11 14:43:37.055 [warning] [Decorations] CAPPING events from decorations provider vscode.git 424
2024-12-11 14:43:42.315 [warning] [Decorations] CAPPING events from decorations provider vscode.git 424
2024-12-11 14:43:47.596 [warning] [Decorations] CAPPING events from decorations provider vscode.git 425
2024-12-11 14:43:52.872 [warning] [Decorations] CAPPING events from decorations provider vscode.git 425
2024-12-11 14:43:58.151 [warning] [Decorations] CAPPING events from decorations provider vscode.git 425
2024-12-11 14:44:03.407 [warning] [Decorations] CAPPING events from decorations provider vscode.git 426
2024-12-11 14:44:08.685 [warning] [Decorations] CAPPING events from decorations provider vscode.git 426
2024-12-11 14:44:13.952 [warning] [Decorations] CAPPING events from decorations provider vscode.git 426
2024-12-11 14:44:19.221 [warning] [Decorations] CAPPING events from decorations provider vscode.git 426
2024-12-11 14:44:24.477 [warning] [Decorations] CAPPING events from decorations provider vscode.git 425
2024-12-11 14:44:29.753 [warning] [Decorations] CAPPING events from decorations provider vscode.git 425
2024-12-11 14:44:35.006 [warning] [Decorations] CAPPING events from decorations provider vscode.git 425
2024-12-11 14:44:40.266 [warning] [Decorations] CAPPING events from decorations provider vscode.git 425
2024-12-11 14:44:45.529 [warning] [Decorations] CAPPING events from decorations provider vscode.git 426
2024-12-11 14:44:50.787 [warning] [Decorations] CAPPING events from decorations provider vscode.git 426
2024-12-11 14:44:56.053 [warning] [Decorations] CAPPING events from decorations provider vscode.git 426
2024-12-11 14:45:01.309 [warning] [Decorations] CAPPING events from decorations provider vscode.git 427
2024-12-11 14:45:06.574 [warning] [Decorations] CAPPING events from decorations provider vscode.git 427
2024-12-11 14:45:11.841 [warning] [Decorations] CAPPING events from decorations provider vscode.git 427
2024-12-11 14:45:17.111 [warning] [Decorations] CAPPING events from decorations provider vscode.git 427
2024-12-11 14:45:22.377 [warning] [Decorations] CAPPING events from decorations provider vscode.git 428
2024-12-11 14:45:27.005 [warning] [Decorations] CAPPING events from decorations provider vscode.git 428
2024-12-11 14:45:27.635 [warning] [Decorations] CAPPING events from decorations provider vscode.git 428
2024-12-11 14:45:32.881 [warning] [Decorations] CAPPING events from decorations provider vscode.git 428
2024-12-11 14:45:38.144 [warning] [Decorations] CAPPING events from decorations provider vscode.git 428
2024-12-11 14:45:43.405 [warning] [Decorations] CAPPING events from decorations provider vscode.git 428
2024-12-11 14:45:48.666 [warning] [Decorations] CAPPING events from decorations provider vscode.git 429
2024-12-11 14:45:53.928 [warning] [Decorations] CAPPING events from decorations provider vscode.git 429
2024-12-11 14:45:59.194 [warning] [Decorations] CAPPING events from decorations provider vscode.git 429
2024-12-11 14:46:04.465 [warning] [Decorations] CAPPING events from decorations provider vscode.git 431
2024-12-11 14:46:09.737 [warning] [Decorations] CAPPING events from decorations provider vscode.git 432
2024-12-11 14:46:23.124 [warning] [Decorations] CAPPING events from decorations provider vscode.git 432
2024-12-11 14:46:28.395 [warning] [Decorations] CAPPING events from decorations provider vscode.git 432
2024-12-11 14:46:33.675 [warning] [Decorations] CAPPING events from decorations provider vscode.git 432
2024-12-11 14:46:38.932 [warning] [Decorations] CAPPING events from decorations provider vscode.git 436
2024-12-11 14:46:44.191 [warning] [Decorations] CAPPING events from decorations provider vscode.git 437
2024-12-11 14:46:49.455 [warning] [Decorations] CAPPING events from decorations provider vscode.git 437
2024-12-11 14:46:54.721 [warning] [Decorations] CAPPING events from decorations provider vscode.git 437
2024-12-11 14:46:59.977 [warning] [Decorations] CAPPING events from decorations provider vscode.git 437
2024-12-11 14:47:05.255 [warning] [Decorations] CAPPING events from decorations provider vscode.git 438
2024-12-11 14:47:10.526 [warning] [Decorations] CAPPING events from decorations provider vscode.git 439
2024-12-11 14:47:15.810 [warning] [Decorations] CAPPING events from decorations provider vscode.git 445
2024-12-11 14:47:21.125 [warning] [Decorations] CAPPING events from decorations provider vscode.git 459
2024-12-11 14:47:26.400 [warning] [Decorations] CAPPING events from decorations provider vscode.git 460
2024-12-11 14:47:30.595 [warning] [Decorations] CAPPING events from decorations provider vscode.git 2570
2024-12-11 14:47:31.690 [warning] [Decorations] CAPPING events from decorations provider vscode.git 466
2024-12-11 14:52:11.999 [warning] [Decorations] CAPPING events from decorations provider vscode.git 2570
2024-12-11 14:52:14.603 [warning] [Decorations] CAPPING events from decorations provider vscode.git 511
2024-12-11 14:52:17.596 [warning] [Decorations] CAPPING events from decorations provider vscode.git 508
2024-12-11 14:52:19.422 [info] ExtensionService#_doActivateExtension vscode.css-language-features, startup: false, activationEvent: 'onLanguage:css'
2024-12-11 14:52:19.874 [info] ExtensionService#_doActivateExtension vscode.configuration-editing, startup: false, activationEvent: 'onLanguage:json'
2024-12-11 14:52:19.894 [info] ExtensionService#_doActivateExtension vscode.extension-editing, startup: false, activationEvent: 'onLanguage:json'
2024-12-11 14:52:19.919 [info] ExtensionService#_doActivateExtension vscode.json-language-features, startup: false, activationEvent: 'onLanguage:json'
2024-12-11 14:52:22.768 [info] ExtensionService#_doActivateExtension vscode.markdown-language-features, startup: false, activationEvent: 'onLanguage:markdown'
2024-12-11 14:52:23.336 [warning] [Decorations] CAPPING events from decorations provider vscode.git 529
2024-12-11 14:52:28.690 [warning] [Decorations] CAPPING events from decorations provider vscode.git 531
2024-12-11 14:52:34.026 [warning] [Decorations] CAPPING events from decorations provider vscode.git 531
2024-12-11 14:52:39.349 [warning] [Decorations] CAPPING events from decorations provider vscode.git 531
2024-12-11 14:52:44.719 [warning] [Decorations] CAPPING events from decorations provider vscode.git 533
2024-12-11 14:52:50.046 [warning] [Decorations] CAPPING events from decorations provider vscode.git 533
2024-12-11 14:52:55.363 [warning] [Decorations] CAPPING events from decorations provider vscode.git 533
2024-12-11 14:53:00.695 [warning] [Decorations] CAPPING events from decorations provider vscode.git 534
2024-12-11 14:53:06.014 [warning] [Decorations] CAPPING events from decorations provider vscode.git 534
2024-12-11 14:53:11.332 [warning] [Decorations] CAPPING events from decorations provider vscode.git 534
2024-12-11 14:53:16.667 [warning] [Decorations] CAPPING events from decorations provider vscode.git 534
2024-12-11 14:53:21.987 [warning] [Decorations] CAPPING events from decorations provider vscode.git 535
2024-12-11 14:53:27.319 [warning] [Decorations] CAPPING events from decorations provider vscode.git 535
2024-12-11 14:53:27.502 [warning] Illegal argument: TextEditor(vs.editor.ICodeEditor:14,$model443)
2024-12-11 14:53:32.709 [warning] [Decorations] CAPPING events from decorations provider vscode.git 535
2024-12-11 14:53:38.459 [warning] [Decorations] CAPPING events from decorations provider vscode.git 535
2024-12-11 14:53:43.790 [warning] [Decorations] CAPPING events from decorations provider vscode.git 536
2024-12-11 14:53:49.104 [warning] [Decorations] CAPPING events from decorations provider vscode.git 536
2024-12-11 14:53:54.439 [warning] [Decorations] CAPPING events from decorations provider vscode.git 536
2024-12-11 14:53:59.754 [warning] [Decorations] CAPPING events from decorations provider vscode.git 536
2024-12-11 14:54:05.068 [warning] [Decorations] CAPPING events from decorations provider vscode.git 536
2024-12-11 14:54:10.380 [warning] [Decorations] CAPPING events from decorations provider vscode.git 536
2024-12-11 14:54:15.075 [warning] [Decorations] CAPPING events from decorations provider vscode.git 536
2024-12-11 14:54:26.510 [warning] [Decorations] CAPPING events from decorations provider vscode.git 537
2024-12-11 14:54:31.839 [warning] [Decorations] CAPPING events from decorations provider vscode.git 537
2024-12-11 14:54:37.163 [warning] [Decorations] CAPPING events from decorations provider vscode.git 537
2024-12-11 14:54:42.497 [warning] [Decorations] CAPPING events from decorations provider vscode.git 537
