2024-12-11 15:55:52.699 [info] Started local extension host with pid 85040.
2024-12-11 15:55:53.699 [info] Settings Sync: Updating due to initialize
2024-12-11 15:55:53.699 [info] Settings Sync: Updating authentication providers. Authentication Providers from store: [{"id":"github","scopes":["user:email"]},{"id":"microsoft","scopes":["openid","profile","email","offline_access"]}]
2024-12-11 15:55:53.699 [info] Settings Sync: Authentication providers updated ["github","microsoft"]
2024-12-11 15:55:55.517 [info] [perf] Render performance baseline is 37ms
2024-12-11 15:56:29.718 [info] Started local extension host with pid 85391.
2024-12-11 15:56:30.543 [info] Settings Sync: Updating due to initialize
2024-12-11 15:56:30.544 [info] Settings Sync: Updating authentication providers. Authentication Providers from store: [{"id":"github","scopes":["user:email"]},{"id":"microsoft","scopes":["openid","profile","email","offline_access"]}]
2024-12-11 15:56:30.544 [info] Settings Sync: Authentication providers updated []
2024-12-11 15:56:30.735 [info] Settings Sync: Updating authentication providers. Authentication Providers from store: [{"id":"github","scopes":["user:email"]},{"id":"microsoft","scopes":["openid","profile","email","offline_access"]}]
2024-12-11 15:56:30.735 [info] Settings Sync: Authentication providers updated ["github"]
2024-12-11 15:56:30.736 [info] Settings Sync: Updating authentication providers. Authentication Providers from store: [{"id":"github","scopes":["user:email"]},{"id":"microsoft","scopes":["openid","profile","email","offline_access"]}]
2024-12-11 15:56:30.736 [info] Settings Sync: Authentication providers updated ["github"]
2024-12-11 15:56:30.736 [info] Settings Sync: Updating authentication providers. Authentication Providers from store: [{"id":"github","scopes":["user:email"]},{"id":"microsoft","scopes":["openid","profile","email","offline_access"]}]
2024-12-11 15:56:30.736 [info] Settings Sync: Authentication providers updated ["github","microsoft"]
2024-12-11 15:56:30.737 [info] Settings Sync: Updating authentication providers. Authentication Providers from store: [{"id":"github","scopes":["user:email"]},{"id":"microsoft","scopes":["openid","profile","email","offline_access"]}]
2024-12-11 15:56:30.737 [info] Settings Sync: Authentication providers updated ["github","microsoft"]
2024-12-11 15:56:30.755 [info] Settings Sync: Updating due to declared authentication providers changed
2024-12-11 15:56:30.756 [info] Settings Sync: Updating authentication providers. Authentication Providers from store: [{"id":"github","scopes":["user:email"]},{"id":"microsoft","scopes":["openid","profile","email","offline_access"]}]
2024-12-11 15:56:30.756 [info] Settings Sync: Authentication providers updated ["github","microsoft"]
2024-12-11 15:56:30.757 [info] Settings Sync: Updating due to declared authentication providers changed
2024-12-11 15:56:30.757 [info] Settings Sync: Updating authentication providers. Authentication Providers from store: [{"id":"github","scopes":["user:email"]},{"id":"microsoft","scopes":["openid","profile","email","offline_access"]}]
2024-12-11 15:56:30.757 [info] Settings Sync: Authentication providers updated ["github","microsoft"]
2024-12-11 15:56:31.350 [info] Settings Sync: Updating authentication providers. Authentication Providers from store: [{"id":"github","scopes":["user:email"]},{"id":"microsoft","scopes":["openid","profile","email","offline_access"]}]
2024-12-11 15:56:31.351 [info] Settings Sync: Authentication providers updated ["github","microsoft"]
2024-12-11 15:56:32.522 [info] [perf] Render performance baseline is 39ms
