2024-12-11 15:55:52.610 [info] Added views:outline in workbench.view.explorer
2024-12-11 15:55:52.610 [info] Added views:workbench.view.search in workbench.view.search
2024-12-11 15:55:52.610 [info] Added views:workbench.scm in workbench.view.scm
2024-12-11 15:55:52.610 [info] Added views:workbench.panel.markers.view in workbench.panel.markers
2024-12-11 15:55:52.610 [info] Added views:workbench.panel.output in workbench.panel.output
2024-12-11 15:55:52.610 [info] Added views:terminal in terminal
2024-12-11 15:55:52.610 [info] Added views:timeline in workbench.view.explorer
2024-12-11 15:55:52.610 [info] Added views:workbench.explorer.openEditorsView,workbench.explorer.emptyView in workbench.view.explorer
2024-12-11 15:55:53.147 [info] Added views:gitlens.views.home,gitlens.views.launchpad,gitlens.views.workspaces in workbench.view.extension.gitlens
2024-12-11 15:55:53.148 [info] Added views:gitlens.views.commitDetails,gitlens.views.lineHistory,gitlens.views.fileHistory,gitlens.views.searchAndCompare in workbench.view.extension.gitlensInspect
2024-12-11 15:55:53.148 [info] Added views:gitlens.views.scm.grouped in workbench.view.scm
2024-12-11 15:55:53.149 [info] Added views:pr:github,issues:github in workbench.view.extension.github-pull-requests
2024-12-11 15:55:53.150 [info] Added views:dockerContainers,dockerImages,dockerRegistries,dockerNetworks,dockerVolumes,vscode-docker.views.dockerContexts,vscode-docker.views.help in workbench.view.extension.dockerView
2024-12-11 15:55:53.150 [info] Added views:thunder-client-sidebar in workbench.view.extension.thunder-client
2024-12-11 15:55:53.453 [info] Added views:workbench.debug.variablesView,workbench.debug.watchExpressionsView,workbench.debug.callStackView,workbench.debug.breakPointsView in workbench.view.debug
2024-12-11 15:55:53.485 [info] Added views:workbench.panel.repl.view in workbench.panel.repl
2024-12-11 15:55:53.487 [info] Removed views:workbench.debug.breakPointsView,workbench.debug.callStackView,workbench.debug.watchExpressionsView,workbench.debug.variablesView from workbench.view.debug
2024-12-11 15:55:53.488 [info] Added views:workbench.debug.welcome in workbench.view.debug
2024-12-11 15:55:53.694 [info] Added views:~remote.forwardedPorts in ~remote.forwardedPortsContainer
2024-12-11 15:55:54.507 [info] Removed views:gitlens.views.searchAndCompare,gitlens.views.fileHistory,gitlens.views.lineHistory,gitlens.views.commitDetails from workbench.view.extension.gitlensInspect
2024-12-11 15:55:54.509 [info] Removed views:gitlens.views.scm.grouped from workbench.view.scm
2024-12-11 15:55:54.665 [info] Added views:gitlens.views.drafts in workbench.view.extension.gitlens
2024-12-11 15:56:29.644 [info] Added views:outline in workbench.view.explorer
2024-12-11 15:56:29.645 [info] Added views:workbench.view.search in workbench.view.search
2024-12-11 15:56:29.645 [info] Added views:workbench.scm in workbench.view.scm
2024-12-11 15:56:29.645 [info] Added views:workbench.panel.markers.view in workbench.panel.markers
2024-12-11 15:56:29.645 [info] Added views:workbench.panel.output in workbench.panel.output
2024-12-11 15:56:29.645 [info] Added views:terminal in terminal
2024-12-11 15:56:29.645 [info] Added views:timeline in workbench.view.explorer
2024-12-11 15:56:29.645 [info] Added views:workbench.explorer.openEditorsView,workbench.explorer.fileView in workbench.view.explorer
2024-12-11 15:56:29.844 [info] Added views:workbench.debug.variablesView,workbench.debug.watchExpressionsView,workbench.debug.callStackView,workbench.debug.breakPointsView in workbench.view.debug
2024-12-11 15:56:30.181 [info] Added views:gitlens.views.home,gitlens.views.launchpad,gitlens.views.workspaces in workbench.view.extension.gitlens
2024-12-11 15:56:30.182 [info] Added views:gitlens.views.commitDetails,gitlens.views.lineHistory,gitlens.views.fileHistory,gitlens.views.searchAndCompare in workbench.view.extension.gitlensInspect
2024-12-11 15:56:30.182 [info] Added views:gitlens.views.scm.grouped in workbench.view.scm
2024-12-11 15:56:30.183 [info] Added views:pr:github,issues:github in workbench.view.extension.github-pull-requests
2024-12-11 15:56:30.184 [info] Added views:dockerContainers,dockerImages,dockerRegistries,dockerNetworks,dockerVolumes,vscode-docker.views.dockerContexts,vscode-docker.views.help in workbench.view.extension.dockerView
2024-12-11 15:56:30.184 [info] Added views:thunder-client-sidebar in workbench.view.extension.thunder-client
2024-12-11 15:56:30.499 [info] Added views:workbench.panel.repl.view in workbench.panel.repl
2024-12-11 15:56:30.502 [info] Removed views:workbench.debug.breakPointsView,workbench.debug.callStackView,workbench.debug.watchExpressionsView,workbench.debug.variablesView from workbench.view.debug
2024-12-11 15:56:30.503 [info] Added views:workbench.debug.welcome in workbench.view.debug
2024-12-11 15:56:30.541 [info] Added views:~remote.forwardedPorts in ~remote.forwardedPortsContainer
2024-12-11 15:56:30.938 [info] Added views:workbench.scm.history in workbench.view.scm
2024-12-11 15:56:31.382 [info] Removed views:gitlens.views.searchAndCompare,gitlens.views.fileHistory,gitlens.views.lineHistory,gitlens.views.commitDetails from workbench.view.extension.gitlensInspect
2024-12-11 15:56:31.384 [info] Removed views:gitlens.views.scm.grouped from workbench.view.scm
2024-12-11 15:56:31.552 [info] Added views:gitlens.views.drafts in workbench.view.extension.gitlens
2024-12-11 15:56:32.427 [info] Added views:gitlens.views.graph,gitlens.views.graphDetails in workbench.view.extension.gitlensPanel
2024-12-11 15:56:32.431 [info] Added views:gitlens.views.commitDetails,gitlens.views.lineHistory,gitlens.views.fileHistory,gitlens.views.timeline,gitlens.views.searchAndCompare in workbench.view.extension.gitlensInspect
2024-12-11 15:56:32.432 [info] Added views:gitlens.views.scm.grouped in workbench.view.scm
2024-12-11 15:58:32.630 [info] Added views:workbench.panel.comments in workbench.panel.comments
