2024-12-11 12:45:39.503 [info] Added views:outline in workbench.view.explorer
2024-12-11 12:45:39.503 [info] Added views:workbench.view.search in workbench.view.search
2024-12-11 12:45:39.503 [info] Added views:workbench.scm in workbench.view.scm
2024-12-11 12:45:39.503 [info] Added views:workbench.panel.markers.view in workbench.panel.markers
2024-12-11 12:45:39.503 [info] Added views:workbench.panel.output in workbench.panel.output
2024-12-11 12:45:39.503 [info] Added views:terminal in terminal
2024-12-11 12:45:39.503 [info] Added views:timeline in workbench.view.explorer
2024-12-11 12:45:39.503 [info] Added views:workbench.explorer.emptyView in workbench.view.explorer
2024-12-11 12:45:39.790 [info] Added views:workbench.debug.welcome in workbench.view.debug
2024-12-11 12:45:40.377 [info] Added views:gitlens.views.home,gitlens.views.launchpad,gitlens.views.workspaces in workbench.view.extension.gitlens
2024-12-11 12:45:40.377 [info] Added views:gitlens.views.commitDetails,gitlens.views.lineHistory,gitlens.views.fileHistory,gitlens.views.searchAndCompare in workbench.view.extension.gitlensInspect
2024-12-11 12:45:40.378 [info] Added views:gitlens.views.scm.grouped in workbench.view.scm
2024-12-11 12:45:40.380 [info] Added views:dockerContainers,dockerImages,dockerRegistries,dockerNetworks,dockerVolumes,vscode-docker.views.dockerContexts,vscode-docker.views.help in workbench.view.extension.dockerView
2024-12-11 12:45:40.380 [info] Added views:thunder-client-sidebar in workbench.view.extension.thunder-client
2024-12-11 12:45:41.011 [info] Added views:workbench.panel.repl.view in workbench.panel.repl
2024-12-11 12:45:41.537 [info] Added views:~remote.forwardedPorts in ~remote.forwardedPortsContainer
2024-12-11 12:45:42.618 [info] Removed views:gitlens.views.searchAndCompare,gitlens.views.fileHistory,gitlens.views.lineHistory,gitlens.views.commitDetails from workbench.view.extension.gitlensInspect
2024-12-11 12:45:42.620 [info] Removed views:gitlens.views.scm.grouped from workbench.view.scm
2024-12-11 12:45:42.722 [info] Added views:gitlens.views.drafts in workbench.view.extension.gitlens
2024-12-11 12:52:51.782 [info] Added views:workbench.views.extensions.installed,workbench.views.extensions.popular,extensions.recommendedList in workbench.view.extensions
2024-12-11 12:52:51.785 [info] Removed views:workbench.views.extensions.popular from workbench.view.extensions
2024-12-11 12:52:55.604 [info] Removed views:extensions.recommendedList,workbench.views.extensions.installed from workbench.view.extensions
2024-12-11 12:52:55.621 [info] Added views:workbench.views.extensions.marketplace in workbench.view.extensions
2024-12-11 14:16:09.106 [info] Added views:outline in workbench.view.explorer
2024-12-11 14:16:09.106 [info] Added views:workbench.view.search in workbench.view.search
2024-12-11 14:16:09.106 [info] Added views:workbench.scm in workbench.view.scm
2024-12-11 14:16:09.106 [info] Added views:workbench.panel.markers.view in workbench.panel.markers
2024-12-11 14:16:09.106 [info] Added views:workbench.panel.output in workbench.panel.output
2024-12-11 14:16:09.106 [info] Added views:terminal in terminal
2024-12-11 14:16:09.106 [info] Added views:timeline in workbench.view.explorer
2024-12-11 14:16:09.106 [info] Added views:workbench.explorer.fileView in workbench.view.explorer
2024-12-11 14:16:09.694 [info] Added views:gitlens.views.home,gitlens.views.launchpad,gitlens.views.workspaces in workbench.view.extension.gitlens
2024-12-11 14:16:09.695 [info] Added views:gitlens.views.commitDetails,gitlens.views.lineHistory,gitlens.views.fileHistory,gitlens.views.searchAndCompare in workbench.view.extension.gitlensInspect
2024-12-11 14:16:09.697 [info] Added views:gitlens.views.scm.grouped in workbench.view.scm
2024-12-11 14:16:09.698 [info] Added views:dockerContainers,dockerImages,dockerRegistries,dockerNetworks,dockerVolumes,vscode-docker.views.dockerContexts,vscode-docker.views.help in workbench.view.extension.dockerView
2024-12-11 14:16:09.948 [info] Added views:workbench.debug.variablesView,workbench.debug.watchExpressionsView,workbench.debug.callStackView,workbench.debug.breakPointsView in workbench.view.debug
2024-12-11 14:16:10.022 [info] Added views:workbench.panel.repl.view in workbench.panel.repl
2024-12-11 14:16:10.024 [info] Removed views:workbench.debug.breakPointsView,workbench.debug.callStackView,workbench.debug.watchExpressionsView,workbench.debug.variablesView from workbench.view.debug
2024-12-11 14:16:10.024 [info] Added views:workbench.debug.welcome in workbench.view.debug
2024-12-11 14:16:10.224 [info] Added views:~remote.forwardedPorts in ~remote.forwardedPortsContainer
2024-12-11 14:16:10.577 [info] Removed views:gitlens.views.workspaces from workbench.view.extension.gitlens
2024-12-11 14:16:10.631 [info] Removed views:gitlens.views.searchAndCompare,gitlens.views.fileHistory,gitlens.views.lineHistory,gitlens.views.commitDetails from workbench.view.extension.gitlensInspect
2024-12-11 14:16:10.632 [info] Removed views:gitlens.views.scm.grouped from workbench.view.scm
2024-12-11 14:16:15.420 [info] Added views:thunder-client-sidebar in workbench.view.extension.thunder-client
2024-12-11 14:16:15.457 [info] Added views:gitlens.views.drafts,gitlens.views.workspaces in workbench.view.extension.gitlens
2024-12-11 14:16:15.459 [info] Added views:gitlens.views.graph,gitlens.views.graphDetails in workbench.view.extension.gitlensPanel
2024-12-11 14:16:15.462 [info] Added views:gitlens.views.commitDetails,gitlens.views.lineHistory,gitlens.views.fileHistory,gitlens.views.timeline,gitlens.views.searchAndCompare in workbench.view.extension.gitlensInspect
2024-12-11 14:16:15.462 [info] Added views:gitlens.views.scm.grouped in workbench.view.scm
2024-12-11 14:16:26.104 [info] Added views:workbench.scm.history in workbench.view.scm
