2024-12-11 12:45:42.853 [info] Reading sessions from keychain...
2024-12-11 12:45:42.853 [info] Getting sessions for all scopes...
2024-12-11 12:45:42.853 [info] Got 0 sessions for ...
2024-12-11 12:45:42.853 [info] Getting sessions for all scopes...
2024-12-11 12:45:42.853 [info] Got 0 sessions for ...
2024-12-11 12:45:42.853 [info] Getting sessions for all scopes...
2024-12-11 12:45:42.853 [info] Got 0 sessions for ...
2024-12-11 12:45:42.853 [info] Getting sessions for read:user,repo,user:email...
2024-12-11 12:45:42.853 [info] Got 0 sessions for read:user,repo,user:email...
2024-12-11 14:16:10.869 [info] Reading sessions from keychain...
2024-12-11 14:16:10.869 [info] Getting sessions for all scopes...
2024-12-11 14:16:10.869 [info] Got 0 sessions for ...
2024-12-11 14:16:10.869 [info] Getting sessions for all scopes...
2024-12-11 14:16:10.869 [info] Got 0 sessions for ...
2024-12-11 14:16:10.869 [info] Getting sessions for all scopes...
2024-12-11 14:16:10.869 [info] Got 0 sessions for ...
2024-12-11 14:16:10.920 [info] Getting sessions for read:user,repo,user:email...
2024-12-11 14:16:10.920 [info] Got 0 sessions for read:user,repo,user:email...
2024-12-11 14:16:11.667 [info] Getting sessions for all scopes...
2024-12-11 14:16:11.667 [info] Got 0 sessions for ...
2024-12-11 14:30:52.236 [info] Getting sessions for project,read:org,read:user,repo,user:email,workflow...
2024-12-11 14:30:52.239 [info] Got 0 sessions for project,read:org,read:user,repo,user:email,workflow...
2024-12-11 14:30:52.241 [info] Getting sessions for read:user,repo,user:email,workflow...
2024-12-11 14:30:52.241 [info] Got 0 sessions for read:user,repo,user:email,workflow...
2024-12-11 14:30:52.245 [info] Getting sessions for read:user,repo,user:email...
2024-12-11 14:30:52.245 [info] Got 0 sessions for read:user,repo,user:email...
2024-12-11 14:30:52.248 [info] Getting sessions for read:user,repo,user:email,workflow...
2024-12-11 14:30:52.248 [info] Got 0 sessions for read:user,repo,user:email,workflow...
2024-12-11 14:36:35.419 [info] Logging in with 'any' account...
2024-12-11 14:36:35.419 [info] Logging in for the following scopes: read:user repo user:email workflow
2024-12-11 14:36:35.424 [info] Trying without local server... (read:user repo user:email workflow)
2024-12-11 14:36:59.689 [info] Exchanging code for token...
2024-12-11 14:37:00.055 [info] Token exchange success!
2024-12-11 14:37:00.056 [info] Getting user info...
2024-12-11 14:37:00.379 [info] Got account info!
2024-12-11 14:37:00.380 [info] Storing 1 sessions...
2024-12-11 14:37:00.385 [info] Reading sessions from keychain...
2024-12-11 14:37:00.385 [info] Stored 1 sessions!
2024-12-11 14:37:00.385 [info] Login success!
2024-12-11 14:37:00.410 [info] Got stored sessions!
2024-12-11 14:37:00.410 [info] Got 1 verified sessions.
2024-12-11 14:37:00.416 [info] Getting sessions for project,read:org,read:user,repo,user:email,workflow...
2024-12-11 14:37:00.416 [info] Got 0 sessions for project,read:org,read:user,repo,user:email,workflow...
2024-12-11 14:37:00.416 [info] Getting sessions for read:user,repo,user:email...
2024-12-11 14:37:00.416 [info] Got 0 sessions for read:user,repo,user:email...
2024-12-11 14:37:00.418 [info] Getting sessions for read:user,repo,user:email,workflow...
2024-12-11 14:37:00.418 [info] Got 1 sessions for read:user,repo,user:email,workflow...
2024-12-11 14:37:00.489 [info] Getting sessions for read:user,repo,user:email...
2024-12-11 14:37:00.489 [info] Got 0 sessions for read:user,repo,user:email...
