2024-12-11 12:45:39.381 [info] Added views:outline in workbench.view.explorer
2024-12-11 12:45:39.381 [info] Added views:workbench.view.search in workbench.view.search
2024-12-11 12:45:39.381 [info] Added views:workbench.scm in workbench.view.scm
2024-12-11 12:45:39.381 [info] Added views:workbench.panel.markers.view in workbench.panel.markers
2024-12-11 12:45:39.381 [info] Added views:workbench.panel.output in workbench.panel.output
2024-12-11 12:45:39.381 [info] Added views:terminal in terminal
2024-12-11 12:45:39.381 [info] Added views:timeline in workbench.view.explorer
2024-12-11 12:45:39.381 [info] Added views:workbench.explorer.emptyView in workbench.view.explorer
2024-12-11 12:45:39.860 [info] Added views:workbench.debug.variablesView,workbench.debug.watchExpressionsView,workbench.debug.callStackView,workbench.debug.breakPointsView in workbench.view.debug
2024-12-11 12:45:40.031 [info] Added views:gitlens.views.home,gitlens.views.launchpad,gitlens.views.workspaces in workbench.view.extension.gitlens
2024-12-11 12:45:40.032 [info] Added views:gitlens.views.commitDetails,gitlens.views.lineHistory,gitlens.views.fileHistory,gitlens.views.searchAndCompare in workbench.view.extension.gitlensInspect
2024-12-11 12:45:40.034 [info] Added views:gitlens.views.scm.grouped in workbench.view.scm
2024-12-11 12:45:40.035 [info] Added views:dockerContainers,dockerImages,dockerRegistries,dockerNetworks,dockerVolumes,vscode-docker.views.dockerContexts,vscode-docker.views.help in workbench.view.extension.dockerView
2024-12-11 12:45:40.036 [info] Added views:thunder-client-sidebar in workbench.view.extension.thunder-client
2024-12-11 12:45:40.350 [info] Added views:workbench.panel.repl.view in workbench.panel.repl
2024-12-11 12:45:40.352 [info] Removed views:workbench.debug.breakPointsView,workbench.debug.callStackView,workbench.debug.watchExpressionsView,workbench.debug.variablesView from workbench.view.debug
2024-12-11 12:45:40.353 [info] Added views:workbench.debug.welcome in workbench.view.debug
2024-12-11 12:45:40.439 [info] Added views:~remote.forwardedPorts in ~remote.forwardedPortsContainer
2024-12-11 12:45:41.308 [info] Removed views:gitlens.views.searchAndCompare,gitlens.views.fileHistory,gitlens.views.lineHistory,gitlens.views.commitDetails from workbench.view.extension.gitlensInspect
2024-12-11 12:45:41.309 [info] Removed views:gitlens.views.scm.grouped from workbench.view.scm
2024-12-11 12:45:41.519 [info] Added views:gitlens.views.drafts in workbench.view.extension.gitlens
