2024-12-11 15:41:36.179 [info] Started local extension host with pid 77445.
2024-12-11 15:41:37.532 [info] Settings Sync: Updating due to initialize
2024-12-11 15:41:37.533 [info] Settings Sync: Updating authentication providers. Authentication Providers from store: [{"id":"github","scopes":["user:email"]},{"id":"microsoft","scopes":["openid","profile","email","offline_access"]}]
2024-12-11 15:41:37.533 [info] Settings Sync: Authentication providers updated []
2024-12-11 15:41:38.031 [info] Settings Sync: Updating authentication providers. Authentication Providers from store: [{"id":"github","scopes":["user:email"]},{"id":"microsoft","scopes":["openid","profile","email","offline_access"]}]
2024-12-11 15:41:38.031 [info] Settings Sync: Authentication providers updated ["github"]
2024-12-11 15:41:38.031 [info] Settings Sync: Updating authentication providers. Authentication Providers from store: [{"id":"github","scopes":["user:email"]},{"id":"microsoft","scopes":["openid","profile","email","offline_access"]}]
2024-12-11 15:41:38.035 [info] Settings Sync: Authentication providers updated ["github"]
2024-12-11 15:41:38.035 [info] Settings Sync: Updating authentication providers. Authentication Providers from store: [{"id":"github","scopes":["user:email"]},{"id":"microsoft","scopes":["openid","profile","email","offline_access"]}]
2024-12-11 15:41:38.035 [info] Settings Sync: Authentication providers updated ["github","microsoft"]
2024-12-11 15:41:38.035 [info] Settings Sync: Updating authentication providers. Authentication Providers from store: [{"id":"github","scopes":["user:email"]},{"id":"microsoft","scopes":["openid","profile","email","offline_access"]}]
2024-12-11 15:41:38.035 [info] Settings Sync: Authentication providers updated ["github","microsoft"]
2024-12-11 15:41:38.035 [info] Settings Sync: Updating due to declared authentication providers changed
2024-12-11 15:41:38.035 [info] Settings Sync: Updating authentication providers. Authentication Providers from store: [{"id":"github","scopes":["user:email"]},{"id":"microsoft","scopes":["openid","profile","email","offline_access"]}]
2024-12-11 15:41:38.035 [info] Settings Sync: Authentication providers updated ["github","microsoft"]
2024-12-11 15:41:38.036 [info] Settings Sync: Updating due to declared authentication providers changed
2024-12-11 15:41:38.036 [info] Settings Sync: Updating authentication providers. Authentication Providers from store: [{"id":"github","scopes":["user:email"]},{"id":"microsoft","scopes":["openid","profile","email","offline_access"]}]
2024-12-11 15:41:38.036 [info] Settings Sync: Authentication providers updated ["github","microsoft"]
2024-12-11 15:41:38.638 [info] Settings Sync: Updating authentication providers. Authentication Providers from store: [{"id":"github","scopes":["user:email"]},{"id":"microsoft","scopes":["openid","profile","email","offline_access"]}]
2024-12-11 15:41:38.638 [info] Settings Sync: Authentication providers updated ["github","microsoft"]
2024-12-11 15:41:39.158 [info] [perf] Render performance baseline is 35ms
