2024-12-11 15:41:36.083 [info] Added views:outline in workbench.view.explorer
2024-12-11 15:41:36.083 [info] Added views:workbench.view.search in workbench.view.search
2024-12-11 15:41:36.083 [info] Added views:workbench.scm in workbench.view.scm
2024-12-11 15:41:36.083 [info] Added views:workbench.panel.markers.view in workbench.panel.markers
2024-12-11 15:41:36.083 [info] Added views:workbench.panel.output in workbench.panel.output
2024-12-11 15:41:36.083 [info] Added views:terminal in terminal
2024-12-11 15:41:36.083 [info] Added views:timeline in workbench.view.explorer
2024-12-11 15:41:36.083 [info] Added views:workbench.explorer.openEditorsView,workbench.explorer.fileView in workbench.view.explorer
2024-12-11 15:41:36.242 [info] Added views:workbench.debug.variablesView,workbench.debug.watchExpressionsView,workbench.debug.callStackView,workbench.debug.breakPointsView in workbench.view.debug
2024-12-11 15:41:36.891 [info] Added views:gitlens.views.home,gitlens.views.launchpad,gitlens.views.workspaces in workbench.view.extension.gitlens
2024-12-11 15:41:36.892 [info] Added views:gitlens.views.commitDetails,gitlens.views.lineHistory,gitlens.views.fileHistory,gitlens.views.searchAndCompare in workbench.view.extension.gitlensInspect
2024-12-11 15:41:36.894 [info] Added views:gitlens.views.scm.grouped in workbench.view.scm
2024-12-11 15:41:36.895 [info] Added views:pr:github,issues:github in workbench.view.extension.github-pull-requests
2024-12-11 15:41:36.897 [info] Added views:dockerContainers,dockerImages,dockerRegistries,dockerNetworks,dockerVolumes,vscode-docker.views.dockerContexts,vscode-docker.views.help in workbench.view.extension.dockerView
2024-12-11 15:41:36.898 [info] Added views:thunder-client-sidebar in workbench.view.extension.thunder-client
2024-12-11 15:41:37.346 [info] Added views:workbench.panel.repl.view in workbench.panel.repl
2024-12-11 15:41:37.350 [info] Removed views:workbench.debug.breakPointsView,workbench.debug.callStackView,workbench.debug.watchExpressionsView,workbench.debug.variablesView from workbench.view.debug
2024-12-11 15:41:37.351 [info] Added views:workbench.debug.welcome in workbench.view.debug
2024-12-11 15:41:37.549 [info] Added views:~remote.forwardedPorts in ~remote.forwardedPortsContainer
2024-12-11 15:41:37.973 [info] Added views:workbench.scm.history in workbench.view.scm
2024-12-11 15:41:38.382 [info] Removed views:gitlens.views.searchAndCompare,gitlens.views.fileHistory,gitlens.views.lineHistory,gitlens.views.commitDetails from workbench.view.extension.gitlensInspect
2024-12-11 15:41:38.382 [info] Removed views:gitlens.views.scm.grouped from workbench.view.scm
2024-12-11 15:41:38.581 [info] Added views:gitlens.views.drafts in workbench.view.extension.gitlens
2024-12-11 15:41:39.604 [info] Added views:gitlens.views.graph,gitlens.views.graphDetails in workbench.view.extension.gitlensPanel
2024-12-11 15:41:39.607 [info] Added views:gitlens.views.commitDetails,gitlens.views.lineHistory,gitlens.views.fileHistory,gitlens.views.timeline,gitlens.views.searchAndCompare in workbench.view.extension.gitlensInspect
2024-12-11 15:41:39.608 [info] Added views:gitlens.views.scm.grouped in workbench.view.scm
2024-12-11 15:41:43.771 [info] Removed views:workbench.scm.history from workbench.view.scm
