2024-12-11 12:45:42.210 [info] [main] Log level: Info
2024-12-11 12:45:42.210 [info] [main] Validating found git in: "git"
2024-12-11 12:45:42.210 [warning] Unable to find git. Error: spawn git ENOENT
2024-12-11 12:45:42.210 [warning] [main] Failed to create model: Error: Git installation not found.
2024-12-11 14:16:15.705 [info] [main] Log level: Info
2024-12-11 14:16:15.705 [info] [main] Validating found git in: "git"
2024-12-11 14:16:15.705 [info] [main] Using git "2.43.0" from "git"
2024-12-11 14:16:15.705 [info] [Model][doInitialScan] Initial repository scan started
2024-12-11 14:16:15.706 [info] > git rev-parse --show-toplevel [7ms]
2024-12-11 14:16:15.712 [info] [Model][doInitialScan] Initial repository scan completed - repositories (0), closed repositories (0), parent repositories (1), unsafe repositories (0)
2024-12-11 14:16:26.068 [info] > git rev-parse --show-toplevel [3ms]
2024-12-11 14:16:26.082 [info] > git rev-parse --git-dir --git-common-dir [3ms]
2024-12-11 14:16:26.098 [info] [Model][openRepository] Opened repository: /home/alan-omam
2024-12-11 14:16:26.117 [info] > git config --get commit.template [5ms]
2024-12-11 14:16:26.118 [info] [Git][getRemotes] No remotes found in the git config file
2024-12-11 14:16:26.168 [info] > git for-each-ref --format=%(refname)%00%(upstream:short)%00%(objectname)%00%(upstream:track)%00%(upstream:remotename)%00%(upstream:remoteref) refs/heads/master refs/remotes/master [39ms]
2024-12-11 14:16:26.169 [warning] [Git][getBranch] No such branch: master
2024-12-11 14:16:26.211 [info] > git for-each-ref --sort -committerdate --format %(refname) %(objectname) %(*objectname) [21ms]
2024-12-11 14:16:26.313 [info] > git status -z -uall [133ms] (cancelled)
2024-12-11 14:16:32.384 [info] > git for-each-ref --format=%(refname)%00%(upstream:short)%00%(objectname)%00%(upstream:track)%00%(upstream:remotename)%00%(upstream:remoteref) refs/heads/master refs/remotes/master [12ms]
2024-12-11 14:16:32.384 [warning] [Git][getBranch] No such branch: master
2024-12-11 14:16:32.385 [error] [GitHistoryProvider][resolveHEADMergeBase] Failed to resolve merge base for master: Error: No such branch: master.
2024-12-11 14:16:33.240 [info] > git config --get commit.template [856ms]
2024-12-11 14:16:33.255 [info] [Git][getRemotes] No remotes found in the git config file
2024-12-11 14:16:33.258 [info] > git for-each-ref --format=%(refname)%00%(upstream:short)%00%(objectname)%00%(upstream:track)%00%(upstream:remotename)%00%(upstream:remoteref) refs/heads/master refs/remotes/master [2ms]
2024-12-11 14:16:33.258 [warning] [Git][getBranch] No such branch: master
2024-12-11 14:16:33.279 [info] > git for-each-ref --sort -committerdate --format %(refname) %(objectname) %(*objectname) [2ms]
2024-12-11 14:16:33.526 [info] > git status -z -uall [259ms] (cancelled)
2024-12-11 14:16:35.473 [info] > git log --format=%H%n%aN%n%aE%n%at%n%ct%n%P%n%D%n%B -z --shortstat --diff-merges=first-parent -n50 --skip=0 --topo-order --decorate=full --stdin [3ms]
2024-12-11 14:16:35.473 [info] fatal: bad revision 'refs/heads/master'
2024-12-11 14:16:35.474 [error] [GitHistoryProvider][provideHistoryItems] Failed to get history items with options '{"historyItemRefs":["refs/heads/master"],"limit":50,"skip":0}': Failed to execute git {
  "exitCode": 128,
  "gitCommand": "log",
  "stdout": "",
  "stderr": "fatal: bad revision 'refs/heads/master'\n"
}
2024-12-11 14:16:36.801 [info] > git check-ignore -v -z --stdin [2ms]
