2024-12-11 15:41:39.745 [info] Reading sessions from keychain...
2024-12-11 15:41:39.745 [info] Getting sessions for all scopes...
2024-12-11 15:41:39.745 [info] Getting sessions for all scopes...
2024-12-11 15:41:39.745 [info] Getting sessions for all scopes...
2024-12-11 15:41:39.745 [info] Getting sessions for user:email...
2024-12-11 15:41:39.745 [info] Getting sessions for user:email...
2024-12-11 15:41:39.745 [info] Getting sessions for user:email...
2024-12-11 15:41:39.745 [info] Got stored sessions!
2024-12-11 15:41:39.745 [info] Got 2 verified sessions.
2024-12-11 15:41:39.745 [info] Got 2 sessions for ...
2024-12-11 15:41:39.745 [info] Got 2 sessions for ...
2024-12-11 15:41:39.745 [info] Got 2 sessions for ...
2024-12-11 15:41:39.745 [info] Got 1 sessions for user:email...
2024-12-11 15:41:39.745 [info] Got 1 sessions for user:email...
2024-12-11 15:41:39.745 [info] Got 1 sessions for user:email...
2024-12-11 15:41:39.745 [info] Getting sessions for read:user,repo,user:email...
2024-12-11 15:41:39.745 [info] Got 0 sessions for read:user,repo,user:email...
2024-12-11 15:41:39.745 [info] Getting sessions for all scopes...
2024-12-11 15:41:39.745 [info] Got 2 sessions for ...
2024-12-11 15:41:39.745 [info] Getting sessions for project,read:org,read:user,repo,user:email,workflow...
2024-12-11 15:41:39.745 [info] Got 0 sessions for project,read:org,read:user,repo,user:email,workflow...
2024-12-11 15:41:39.831 [info] Getting sessions for read:user,repo,user:email,workflow...
2024-12-11 15:41:39.831 [info] Got 1 sessions for read:user,repo,user:email,workflow...
