2024-12-11 12:34:32.129 [info] Added views:outline in workbench.view.explorer
2024-12-11 12:34:32.129 [info] Added views:workbench.view.search in workbench.view.search
2024-12-11 12:34:32.129 [info] Added views:workbench.scm in workbench.view.scm
2024-12-11 12:34:32.129 [info] Added views:workbench.panel.markers.view in workbench.panel.markers
2024-12-11 12:34:32.129 [info] Added views:workbench.panel.output in workbench.panel.output
2024-12-11 12:34:32.129 [info] Added views:terminal in terminal
2024-12-11 12:34:32.129 [info] Added views:timeline in workbench.view.explorer
2024-12-11 12:34:32.129 [info] Added views:workbench.explorer.emptyView in workbench.view.explorer
2024-12-11 12:34:32.425 [info] Added views:workbench.debug.welcome in workbench.view.debug
2024-12-11 12:34:33.079 [info] Added views:~remote.forwardedPorts in ~remote.forwardedPortsContainer
2024-12-11 12:34:33.308 [info] Added views:workbench.panel.repl.view in workbench.panel.repl
2024-12-11 12:37:08.105 [info] Added views:workbench.views.extensions.installed,workbench.views.extensions.popular,extensions.recommendedList in workbench.view.extensions
2024-12-11 12:37:08.109 [info] Removed views:workbench.views.extensions.popular from workbench.view.extensions
2024-12-11 12:37:08.387 [info] Added views:workbench.views.extensions.popular in workbench.view.extensions
2024-12-11 12:37:39.049 [info] Added views:gitlens.views.home,gitlens.views.launchpad,gitlens.views.workspaces in workbench.view.extension.gitlens
2024-12-11 12:37:39.052 [info] Added views:gitlens.views.commitDetails,gitlens.views.lineHistory,gitlens.views.fileHistory,gitlens.views.searchAndCompare in workbench.view.extension.gitlensInspect
2024-12-11 12:37:39.065 [info] Added views:gitlens.views.scm.grouped in workbench.view.scm
2024-12-11 12:37:39.780 [info] Removed views:gitlens.views.searchAndCompare,gitlens.views.fileHistory,gitlens.views.lineHistory,gitlens.views.commitDetails from workbench.view.extension.gitlensInspect
2024-12-11 12:37:39.780 [info] Removed views:gitlens.views.scm.grouped from workbench.view.scm
2024-12-11 12:37:39.839 [info] Added views:gitlens.views.drafts in workbench.view.extension.gitlens
2024-12-11 12:38:17.112 [info] Removed views:extensions.recommendedList,workbench.views.extensions.popular,workbench.views.extensions.installed from workbench.view.extensions
2024-12-11 12:38:17.112 [info] Added views:workbench.views.extensions.marketplace in workbench.view.extensions
2024-12-11 12:38:26.949 [info] Added views:thunder-client-sidebar in workbench.view.extension.thunder-client
2024-12-11 12:38:44.334 [info] Removed views:workbench.views.extensions.marketplace from workbench.view.extensions
2024-12-11 12:38:44.366 [info] Added views:workbench.views.extensions.installed,workbench.views.extensions.popular,extensions.recommendedList in workbench.view.extensions
2024-12-11 12:38:47.299 [info] Removed views:extensions.recommendedList,workbench.views.extensions.popular,workbench.views.extensions.installed from workbench.view.extensions
2024-12-11 12:38:47.312 [info] Added views:workbench.views.extensions.marketplace in workbench.view.extensions
2024-12-11 12:38:57.421 [info] Added views:dockerContainers,dockerImages,dockerRegistries,dockerNetworks,dockerVolumes,vscode-docker.views.dockerContexts,vscode-docker.views.help in workbench.view.extension.dockerView
2024-12-11 12:43:17.579 [info] Removed views:workbench.views.extensions.marketplace from workbench.view.extensions
2024-12-11 12:43:17.614 [info] Added views:workbench.views.extensions.installed,workbench.views.extensions.popular,extensions.recommendedList in workbench.view.extensions
2024-12-11 12:43:47.942 [info] Removed views:extensions.recommendedList,workbench.views.extensions.popular,workbench.views.extensions.installed from workbench.view.extensions
2024-12-11 12:43:47.956 [info] Added views:workbench.views.extensions.marketplace in workbench.view.extensions
