2024-12-11 15:55:54.879 [info] Reading sessions from keychain...
2024-12-11 15:55:54.880 [info] Getting sessions for all scopes...
2024-12-11 15:55:54.880 [info] Getting sessions for all scopes...
2024-12-11 15:55:54.880 [info] Getting sessions for all scopes...
2024-12-11 15:55:54.880 [info] Getting sessions for user:email...
2024-12-11 15:55:54.880 [info] Got stored sessions!
2024-12-11 15:55:54.880 [info] Got 2 verified sessions.
2024-12-11 15:55:54.880 [info] Got 2 sessions for ...
2024-12-11 15:55:54.880 [info] Got 2 sessions for ...
2024-12-11 15:55:54.880 [info] Got 2 sessions for ...
2024-12-11 15:55:54.880 [info] Got 1 sessions for user:email...
2024-12-11 15:55:54.880 [info] Getting sessions for read:user,repo,user:email...
2024-12-11 15:55:54.880 [info] Got 0 sessions for read:user,repo,user:email...
2024-12-11 15:55:54.880 [info] Getting sessions for project,read:org,read:user,repo,user:email,workflow...
2024-12-11 15:55:54.880 [info] Got 0 sessions for project,read:org,read:user,repo,user:email,workflow...
2024-12-11 15:55:54.883 [info] Getting sessions for read:user,repo,user:email,workflow...
2024-12-11 15:55:54.883 [info] Got 1 sessions for read:user,repo,user:email,workflow...
2024-12-11 15:55:55.339 [info] Getting sessions for all scopes...
2024-12-11 15:55:55.339 [info] Got 2 sessions for ...
2024-12-11 15:56:32.318 [info] Reading sessions from keychain...
2024-12-11 15:56:32.318 [info] Getting sessions for all scopes...
2024-12-11 15:56:32.318 [info] Getting sessions for all scopes...
2024-12-11 15:56:32.318 [info] Getting sessions for user:email...
2024-12-11 15:56:32.318 [info] Getting sessions for all scopes...
2024-12-11 15:56:32.318 [info] Getting sessions for user:email...
2024-12-11 15:56:32.318 [info] Getting sessions for user:email...
2024-12-11 15:56:32.318 [info] Got stored sessions!
2024-12-11 15:56:32.318 [info] Got 2 verified sessions.
2024-12-11 15:56:32.318 [info] Got 2 sessions for ...
2024-12-11 15:56:32.318 [info] Got 2 sessions for ...
2024-12-11 15:56:32.318 [info] Got 1 sessions for user:email...
2024-12-11 15:56:32.318 [info] Got 2 sessions for ...
2024-12-11 15:56:32.318 [info] Got 1 sessions for user:email...
2024-12-11 15:56:32.318 [info] Got 1 sessions for user:email...
2024-12-11 15:56:32.318 [info] Getting sessions for all scopes...
2024-12-11 15:56:32.318 [info] Got 2 sessions for ...
2024-12-11 15:56:32.422 [info] Getting sessions for read:user,repo,user:email...
2024-12-11 15:56:32.422 [info] Got 0 sessions for read:user,repo,user:email...
2024-12-11 15:56:32.507 [info] Getting sessions for project,read:org,read:user,repo,user:email,workflow...
2024-12-11 15:56:32.507 [info] Got 0 sessions for project,read:org,read:user,repo,user:email,workflow...
2024-12-11 15:56:32.546 [info] Getting sessions for read:user,repo,user:email,workflow...
2024-12-11 15:56:32.546 [info] Got 1 sessions for read:user,repo,user:email,workflow...
2024-12-11 15:59:13.417 [info] Getting sessions for read:user,repo,user:email,workflow...
2024-12-11 15:59:13.417 [info] Got 1 sessions for read:user,repo,user:email,workflow...
