2024-12-11 15:41:35.899 [info] Added views:outline in workbench.view.explorer
2024-12-11 15:41:35.899 [info] Added views:workbench.view.search in workbench.view.search
2024-12-11 15:41:35.899 [info] Added views:workbench.scm in workbench.view.scm
2024-12-11 15:41:35.899 [info] Added views:workbench.panel.markers.view in workbench.panel.markers
2024-12-11 15:41:35.899 [info] Added views:workbench.panel.output in workbench.panel.output
2024-12-11 15:41:35.899 [info] Added views:terminal in terminal
2024-12-11 15:41:35.899 [info] Added views:timeline in workbench.view.explorer
2024-12-11 15:41:35.899 [info] Added views:workbench.explorer.openEditorsView,workbench.explorer.emptyView in workbench.view.explorer
2024-12-11 15:41:36.606 [info] Added views:gitlens.views.home,gitlens.views.launchpad,gitlens.views.workspaces in workbench.view.extension.gitlens
2024-12-11 15:41:36.608 [info] Added views:gitlens.views.commitDetails,gitlens.views.lineHistory,gitlens.views.fileHistory,gitlens.views.searchAndCompare in workbench.view.extension.gitlensInspect
2024-12-11 15:41:36.610 [info] Added views:gitlens.views.scm.grouped in workbench.view.scm
2024-12-11 15:41:36.612 [info] Added views:pr:github,issues:github in workbench.view.extension.github-pull-requests
2024-12-11 15:41:36.614 [info] Added views:dockerContainers,dockerImages,dockerRegistries,dockerNetworks,dockerVolumes,vscode-docker.views.dockerContexts,vscode-docker.views.help in workbench.view.extension.dockerView
2024-12-11 15:41:36.615 [info] Added views:thunder-client-sidebar in workbench.view.extension.thunder-client
2024-12-11 15:41:36.878 [info] Added views:workbench.debug.variablesView,workbench.debug.watchExpressionsView,workbench.debug.callStackView,workbench.debug.breakPointsView in workbench.view.debug
2024-12-11 15:41:36.933 [info] Added views:workbench.panel.repl.view in workbench.panel.repl
2024-12-11 15:41:36.935 [info] Removed views:workbench.debug.breakPointsView,workbench.debug.callStackView,workbench.debug.watchExpressionsView,workbench.debug.variablesView from workbench.view.debug
2024-12-11 15:41:36.936 [info] Added views:workbench.debug.welcome in workbench.view.debug
2024-12-11 15:41:37.383 [info] Added views:~remote.forwardedPorts in ~remote.forwardedPortsContainer
2024-12-11 15:41:37.809 [info] Removed views:gitlens.views.searchAndCompare,gitlens.views.fileHistory,gitlens.views.lineHistory,gitlens.views.commitDetails from workbench.view.extension.gitlensInspect
2024-12-11 15:41:37.810 [info] Removed views:gitlens.views.scm.grouped from workbench.view.scm
2024-12-11 15:41:37.919 [info] Added views:gitlens.views.drafts in workbench.view.extension.gitlens
2024-12-11 15:43:43.185 [info] Added views:outline in workbench.view.explorer
2024-12-11 15:43:43.186 [info] Added views:workbench.view.search in workbench.view.search
2024-12-11 15:43:43.186 [info] Added views:workbench.scm in workbench.view.scm
2024-12-11 15:43:43.186 [info] Added views:workbench.panel.markers.view in workbench.panel.markers
2024-12-11 15:43:43.186 [info] Added views:workbench.panel.output in workbench.panel.output
2024-12-11 15:43:43.186 [info] Added views:terminal in terminal
2024-12-11 15:43:43.186 [info] Added views:timeline in workbench.view.explorer
2024-12-11 15:43:43.186 [info] Added views:workbench.explorer.openEditorsView,workbench.explorer.fileView in workbench.view.explorer
2024-12-11 15:43:43.556 [info] Added views:workbench.debug.variablesView,workbench.debug.watchExpressionsView,workbench.debug.callStackView,workbench.debug.breakPointsView in workbench.view.debug
2024-12-11 15:43:43.782 [info] Added views:gitlens.views.home,gitlens.views.launchpad,gitlens.views.workspaces in workbench.view.extension.gitlens
2024-12-11 15:43:43.782 [info] Added views:gitlens.views.commitDetails,gitlens.views.lineHistory,gitlens.views.fileHistory,gitlens.views.searchAndCompare in workbench.view.extension.gitlensInspect
2024-12-11 15:43:43.783 [info] Added views:gitlens.views.scm.grouped in workbench.view.scm
2024-12-11 15:43:43.783 [info] Added views:pr:github,issues:github in workbench.view.extension.github-pull-requests
2024-12-11 15:43:43.784 [info] Added views:dockerContainers,dockerImages,dockerRegistries,dockerNetworks,dockerVolumes,vscode-docker.views.dockerContexts,vscode-docker.views.help in workbench.view.extension.dockerView
2024-12-11 15:43:43.785 [info] Added views:thunder-client-sidebar in workbench.view.extension.thunder-client
2024-12-11 15:43:44.066 [info] Added views:workbench.panel.repl.view in workbench.panel.repl
2024-12-11 15:43:44.069 [info] Removed views:workbench.debug.breakPointsView,workbench.debug.callStackView,workbench.debug.watchExpressionsView,workbench.debug.variablesView from workbench.view.debug
2024-12-11 15:43:44.069 [info] Added views:workbench.debug.welcome in workbench.view.debug
2024-12-11 15:43:44.135 [info] Added views:~remote.forwardedPorts in ~remote.forwardedPortsContainer
2024-12-11 15:43:44.842 [info] Added views:workbench.scm.history in workbench.view.scm
2024-12-11 15:43:45.382 [info] Removed views:gitlens.views.searchAndCompare,gitlens.views.fileHistory,gitlens.views.lineHistory,gitlens.views.commitDetails from workbench.view.extension.gitlensInspect
2024-12-11 15:43:45.385 [info] Removed views:gitlens.views.scm.grouped from workbench.view.scm
2024-12-11 15:43:45.664 [info] Added views:gitlens.views.drafts in workbench.view.extension.gitlens
2024-12-11 15:43:45.878 [info] Added views:gitlens.views.commitDetails,gitlens.views.lineHistory,gitlens.views.fileHistory,gitlens.views.searchAndCompare in workbench.view.extension.gitlensInspect
2024-12-11 15:43:45.879 [info] Added views:gitlens.views.scm.grouped in workbench.view.scm
2024-12-11 15:43:46.348 [info] Added views:gitlens.views.graph,gitlens.views.graphDetails in workbench.view.extension.gitlensPanel
2024-12-11 15:43:46.349 [info] Added views:gitlens.views.timeline in workbench.view.extension.gitlensInspect
2024-12-11 15:43:46.470 [info] Added views:workbench.panel.comments in workbench.panel.comments
2024-12-11 15:54:00.240 [info] Removed views:workbench.scm.history from workbench.view.scm
